#
# There is insufficient memory for the Java Runtime Environment to continue.
# Native memory allocation (mmap) failed to map 40894464 bytes for committing reserved memory.
# Possible reasons:
#   The system is out of physical RAM or swap space
#   In 32 bit mode, the process size limit was hit
# Possible solutions:
#   Reduce memory load on the system
#   Increase physical memory or swap space
#   Check if swap backing store is full
#   Use 64 bit Java on a 64 bit OS
#   Decrease Java heap size (-Xmx/-Xms)
#   Decrease number of Java threads
#   Decrease Java thread stack sizes (-Xss)
#   Set larger code cache with -XX:ReservedCodeCacheSize=
# This output file may be truncated or incomplete.
#
#  Out of Memory Error (os_linux.cpp:2627), pid=14414, tid=0x00007fea8cbfb700
#
# JRE version: Java(TM) SE Runtime Environment (8.0_111-b14) (build 1.8.0_111-b14)
# Java VM: Java HotSpot(TM) 64-Bit Server VM (25.111-b14 mixed mode linux-amd64 compressed oops)
# Failed to write core dump. Core dumps have been disabled. To enable core dumping, try "ulimit -c unlimited" before starting Java again
#

---------------  T H R E A D  ---------------

Current thread (0x00007fea9c078000):  VMThread [stack: 0x00007fea8cafb000,0x00007fea8cbfc000] [id=14425]

Stack: [0x00007fea8cafb000,0x00007fea8cbfc000],  sp=0x00007fea8cbfa1e0,  free space=1020k
Native frames: (J=compiled Java code, j=interpreted, Vv=VM code, C=native code)
V  [libjvm.so+0xac5c2a]  VMError::report_and_die()+0x2ba
V  [libjvm.so+0x4fc50b]  report_vm_out_of_memory(char const*, int, unsigned long, VMErrorType, char const*)+0x8b
V  [libjvm.so+0x922ae3]  os::Linux::commit_memory_impl(char*, unsigned long, bool)+0x103
V  [libjvm.so+0x923039]  os::pd_commit_memory(char*, unsigned long, unsigned long, bool)+0x29
V  [libjvm.so+0x91d33a]  os::commit_memory(char*, unsigned long, unsigned long, bool)+0x2a
V  [libjvm.so+0x991ac3]  PSVirtualSpace::expand_by(unsigned long)+0x53
V  [libjvm.so+0x992ec8]  PSYoungGen::resize_generation(unsigned long, unsigned long)+0xf8
V  [libjvm.so+0x992022]  PSYoungGen::resize(unsigned long, unsigned long)+0x22
V  [libjvm.so+0x98f2fb]  PSScavenge::invoke_no_policy()+0xf3b
V  [libjvm.so+0x98fa81]  PSScavenge::invoke()+0x41
V  [libjvm.so+0x9467d0]  ParallelScavengeHeap::failed_mem_allocate(unsigned long)+0x70
V  [libjvm.so+0xac7647]  VM_ParallelGCFailedAllocation::doit()+0x97
V  [libjvm.so+0xacf125]  VM_Operation::evaluate()+0x55
V  [libjvm.so+0xacd4fa]  VMThread::evaluate_operation(VM_Operation*)+0xba
V  [libjvm.so+0xacd87e]  VMThread::loop()+0x1ce
V  [libjvm.so+0xacdcf0]  VMThread::run()+0x70
V  [libjvm.so+0x924ea8]  java_start(Thread*)+0x108

VM_Operation (0x00007feaa5354630): ParallelGCFailedAllocation, mode: safepoint, requested by thread 0x00007fea9c00a000


---------------  P R O C E S S  ---------------

Java Threads: ( => current thread )
  0x00007fea9c14c800 JavaThread "pool-2-thread-4" [_thread_blocked, id=14480, stack(0x00007fea856f7000,0x00007fea857f8000)]
  0x00007fea9c148000 JavaThread "pool-2-thread-3" [_thread_blocked, id=14479, stack(0x00007fea857f8000,0x00007fea858f9000)]
  0x00007fea9c146800 JavaThread "pool-2-thread-2" [_thread_blocked, id=14478, stack(0x00007fea858f9000,0x00007fea859fa000)]
  0x00007fea9c139000 JavaThread "pool-3-thread-1" [_thread_blocked, id=14476, stack(0x00007fea859fa000,0x00007fea85afb000)]
  0x00007fea9c137000 JavaThread "pool-2-thread-1" [_thread_blocked, id=14475, stack(0x00007fea85afb000,0x00007fea85bfc000)]
  0x00007fea9c0c0000 JavaThread "Service Thread" daemon [_thread_blocked, id=14443, stack(0x00007fea85cfd000,0x00007fea85dfe000)]
  0x00007fea9c0bd800 JavaThread "C1 CompilerThread2" daemon [_thread_blocked, id=14441, stack(0x00007fea85dfe000,0x00007fea85eff000)]
  0x00007fea9c0bb800 JavaThread "C2 CompilerThread1" daemon [_thread_in_native, id=14438, stack(0x00007fea85eff000,0x00007fea86000000)]
  0x00007fea9c0b8800 JavaThread "C2 CompilerThread0" daemon [_thread_blocked, id=14435, stack(0x00007fea8c014000,0x00007fea8c115000)]
  0x00007fea9c0b7000 JavaThread "Signal Dispatcher" daemon [_thread_blocked, id=14431, stack(0x00007fea8c115000,0x00007fea8c216000)]
  0x00007fea9c084800 JavaThread "Finalizer" daemon [_thread_blocked, id=14428, stack(0x00007fea8c8f9000,0x00007fea8c9fa000)]
  0x00007fea9c07f800 JavaThread "Reference Handler" daemon [_thread_blocked, id=14427, stack(0x00007fea8c9fa000,0x00007fea8cafb000)]
  0x00007fea9c00a000 JavaThread "main" [_thread_blocked, id=14417, stack(0x00007feaa5256000,0x00007feaa5357000)]

Other Threads:
=>0x00007fea9c078000 VMThread [stack: 0x00007fea8cafb000,0x00007fea8cbfc000] [id=14425]
  0x00007fea9c0c3000 WatcherThread [stack: 0x00007fea85bfc000,0x00007fea85cfd000] [id=14444]

VM state:at safepoint (normal execution)

VM Mutex/Monitor currently owned by a thread:  ([mutex/lock_event])
[0x00007fea9c0065f0] Threads_lock - owner thread: 0x00007fea9c078000
[0x00007fea9c006af0] Heap_lock - owner thread: 0x00007fea9c00a000

Heap:
 PSYoungGen      total 33280K, used 2542K [0x00000000eab00000, 0x00000000ece00000, 0x0000000100000000)
  eden space 30720K, 0% used [0x00000000eab00000,0x00000000eab00000,0x00000000ec900000)
  from space 2560K, 99% used [0x00000000ec900000,0x00000000ecb7bb30,0x00000000ecb80000)
  to   space 2560K, 0% used [0x00000000ecb80000,0x00000000ecb80000,0x00000000ece00000)
 ParOldGen       total 40960K, used 13136K [0x00000000c0000000, 0x00000000c2800000, 0x00000000eab00000)
  object space 40960K, 32% used [0x00000000c0000000,0x00000000c0cd42a8,0x00000000c2800000)
 Metaspace       used 5982K, capacity 6904K, committed 7040K, reserved 1056768K
  class space    used 609K, capacity 624K, committed 640K, reserved 1048576K

Card table byte_map: [0x00007feaa1e0e000,0x00007feaa200f000] byte_map_base: 0x00007feaa180e000

Marking Bits: (ParMarkBitMap*) 0x00007feaa4730220
 Begin Bits: [0x00007fea86000000, 0x00007fea87000000)
 End Bits:   [0x00007fea87000000, 0x00007fea88000000)

Polling page: 0x00007feaa5379000

CodeCache: size=245760Kb used=3866Kb max_used=3871Kb free=241893Kb
 bounds [0x00007fea8d000000, 0x00007fea8d3d0000, 0x00007fea9c000000]
 total_blobs=1360 nmethods=1092 adapters=182
 compilation: enabled

Compilation events (10 events):
Event: 4.425 Thread 0x00007fea9c0bd800 nmethod 694 0x00007fea8d3c10d0 code [0x00007fea8d3c1220, 0x00007fea8d3c1330]
Event: 4.426 Thread 0x00007fea9c0bd800 1248       2       com.android.dx.ssa.SsaConverter::placePhiFunctions (394 bytes)
Event: 4.429 Thread 0x00007fea9c0bd800 nmethod 1248 0x00007fea8d3c1390 code [0x00007fea8d3c1760, 0x00007fea8d3c2e08]
Event: 4.429 Thread 0x00007fea9c0bd800 1252       2       com.android.dx.ssa.back.IdenticalBlockCombiner::process (323 bytes)
Event: 4.431 Thread 0x00007fea9c0bd800 nmethod 1252 0x00007fea8d3c5750 code [0x00007fea8d3c5a20, 0x00007fea8d3c6378]
Event: 4.431 Thread 0x00007fea9c0bd800 1249       2       com.android.dx.ssa.SsaConverter::edgeSplitMoveExceptionsAndResults (157 bytes)
Event: 4.432 Thread 0x00007fea9c0b8800 nmethod 671 0x00007fea8d3c8e50 code [0x00007fea8d3c8fc0, 0x00007fea8d3c9458]
Event: 4.432 Thread 0x00007fea9c0b8800 1092       4       com.android.dx.rop.code.RegisterSpec$ForComparison::equals (31 bytes)
Event: 4.515 Thread 0x00007fea9c0bd800 nmethod 1249 0x00007fea8d3c97d0 code [0x00007fea8d3c9a80, 0x00007fea8d3ca3e8]
Event: 4.515 Thread 0x00007fea9c0bd800 1266       3       com.android.dx.ssa.SCCP::simulateBlock (54 bytes)

GC Heap History (9 events):
Event: 1.857 GC heap before
{Heap before GC invocations=1 (full 0):
 PSYoungGen      total 17920K, used 15360K [0x00000000eab00000, 0x00000000ebf00000, 0x0000000100000000)
  eden space 15360K, 100% used [0x00000000eab00000,0x00000000eba00000,0x00000000eba00000)
  from space 2560K, 0% used [0x00000000ebc80000,0x00000000ebc80000,0x00000000ebf00000)
  to   space 2560K, 0% used [0x00000000eba00000,0x00000000eba00000,0x00000000ebc80000)
 ParOldGen       total 40960K, used 0K [0x00000000c0000000, 0x00000000c2800000, 0x00000000eab00000)
  object space 40960K, 0% used [0x00000000c0000000,0x00000000c0000000,0x00000000c2800000)
 Metaspace       used 5621K, capacity 6580K, committed 6784K, reserved 1056768K
  class space    used 599K, capacity 620K, committed 640K, reserved 1048576K
Event: 1.871 GC heap after
Heap after GC invocations=1 (full 0):
 PSYoungGen      total 17920K, used 2549K [0x00000000eab00000, 0x00000000ebf00000, 0x0000000100000000)
  eden space 15360K, 0% used [0x00000000eab00000,0x00000000eab00000,0x00000000eba00000)
  from space 2560K, 99% used [0x00000000eba00000,0x00000000ebc7d640,0x00000000ebc80000)
  to   space 2560K, 0% used [0x00000000ebc80000,0x00000000ebc80000,0x00000000ebf00000)
 ParOldGen       total 40960K, used 1274K [0x00000000c0000000, 0x00000000c2800000, 0x00000000eab00000)
  object space 40960K, 3% used [0x00000000c0000000,0x00000000c013e8f0,0x00000000c2800000)
 Metaspace       used 5621K, capacity 6580K, committed 6784K, reserved 1056768K
  class space    used 599K, capacity 620K, committed 640K, reserved 1048576K
}
Event: 2.732 GC heap before
{Heap before GC invocations=2 (full 0):
 PSYoungGen      total 17920K, used 17909K [0x00000000eab00000, 0x00000000ebf00000, 0x0000000100000000)
  eden space 15360K, 100% used [0x00000000eab00000,0x00000000eba00000,0x00000000eba00000)
  from space 2560K, 99% used [0x00000000eba00000,0x00000000ebc7d640,0x00000000ebc80000)
  to   space 2560K, 0% used [0x00000000ebc80000,0x00000000ebc80000,0x00000000ebf00000)
 ParOldGen       total 40960K, used 1274K [0x00000000c0000000, 0x00000000c2800000, 0x00000000eab00000)
  object space 40960K, 3% used [0x00000000c0000000,0x00000000c013e8f0,0x00000000c2800000)
 Metaspace       used 5837K, capacity 6774K, committed 7040K, reserved 1056768K
  class space    used 607K, capacity 622K, committed 640K, reserved 1048576K
Event: 2.777 GC heap after
Heap after GC invocations=2 (full 0):
 PSYoungGen      total 17920K, used 2530K [0x00000000eab00000, 0x00000000ece00000, 0x0000000100000000)
  eden space 15360K, 0% used [0x00000000eab00000,0x00000000eab00000,0x00000000eba00000)
  from space 2560K, 98% used [0x00000000ebc80000,0x00000000ebef8a10,0x00000000ebf00000)
  to   space 2560K, 0% used [0x00000000eba00000,0x00000000eba00000,0x00000000ebc80000)
 ParOldGen       total 40960K, used 3330K [0x00000000c0000000, 0x00000000c2800000, 0x00000000eab00000)
  object space 40960K, 8% used [0x00000000c0000000,0x00000000c0340a60,0x00000000c2800000)
 Metaspace       used 5837K, capacity 6774K, committed 7040K, reserved 1056768K
  class space    used 607K, capacity 622K, committed 640K, reserved 1048576K
}
Event: 3.396 GC heap before
{Heap before GC invocations=3 (full 0):
 PSYoungGen      total 17920K, used 17890K [0x00000000eab00000, 0x00000000ece00000, 0x0000000100000000)
  eden space 15360K, 100% used [0x00000000eab00000,0x00000000eba00000,0x00000000eba00000)
  from space 2560K, 98% used [0x00000000ebc80000,0x00000000ebef8a10,0x00000000ebf00000)
  to   space 2560K, 0% used [0x00000000eba00000,0x00000000eba00000,0x00000000ebc80000)
 ParOldGen       total 40960K, used 3330K [0x00000000c0000000, 0x00000000c2800000, 0x00000000eab00000)
  object space 40960K, 8% used [0x00000000c0000000,0x00000000c0340a60,0x00000000c2800000)
 Metaspace       used 5894K, capacity 6774K, committed 7040K, reserved 1056768K
  class space    used 607K, capacity 622K, committed 640K, reserved 1048576K
Event: 3.425 GC heap after
Heap after GC invocations=3 (full 0):
 PSYoungGen      total 17920K, used 2542K [0x00000000eab00000, 0x00000000ece00000, 0x0000000100000000)
  eden space 15360K, 0% used [0x00000000eab00000,0x00000000eab00000,0x00000000eba00000)
  from space 2560K, 99% used [0x00000000eba00000,0x00000000ebc7b8a8,0x00000000ebc80000)
  to   space 2560K, 0% used [0x00000000ecb80000,0x00000000ecb80000,0x00000000ece00000)
 ParOldGen       total 40960K, used 6190K [0x00000000c0000000, 0x00000000c2800000, 0x00000000eab00000)
  object space 40960K, 15% used [0x00000000c0000000,0x00000000c060b908,0x00000000c2800000)
 Metaspace       used 5894K, capacity 6774K, committed 7040K, reserved 1056768K
  class space    used 607K, capacity 622K, committed 640K, reserved 1048576K
}
Event: 3.873 GC heap before
{Heap before GC invocations=4 (full 0):
 PSYoungGen      total 17920K, used 17902K [0x00000000eab00000, 0x00000000ece00000, 0x0000000100000000)
  eden space 15360K, 100% used [0x00000000eab00000,0x00000000eba00000,0x00000000eba00000)
  from space 2560K, 99% used [0x00000000eba00000,0x00000000ebc7b8a8,0x00000000ebc80000)
  to   space 2560K, 0% used [0x00000000ecb80000,0x00000000ecb80000,0x00000000ece00000)
 ParOldGen       total 40960K, used 6190K [0x00000000c0000000, 0x00000000c2800000, 0x00000000eab00000)
  object space 40960K, 15% used [0x00000000c0000000,0x00000000c060b908,0x00000000c2800000)
 Metaspace       used 5918K, capacity 6840K, committed 7040K, reserved 1056768K
  class space    used 609K, capacity 624K, committed 640K, reserved 1048576K
Event: 3.913 GC heap after
Heap after GC invocations=4 (full 0):
 PSYoungGen      total 33280K, used 2535K [0x00000000eab00000, 0x00000000ece00000, 0x0000000100000000)
  eden space 30720K, 0% used [0x00000000eab00000,0x00000000eab00000,0x00000000ec900000)
  from space 2560K, 99% used [0x00000000ecb80000,0x00000000ecdf9cd0,0x00000000ece00000)
  to   space 2560K, 0% used [0x00000000ec900000,0x00000000ec900000,0x00000000ecb80000)
 ParOldGen       total 40960K, used 8683K [0x00000000c0000000, 0x00000000c2800000, 0x00000000eab00000)
  object space 40960K, 21% used [0x00000000c0000000,0x00000000c087adb0,0x00000000c2800000)
 Metaspace       used 5918K, capacity 6840K, committed 7040K, reserved 1056768K
  class space    used 609K, capacity 624K, committed 640K, reserved 1048576K
}
Event: 4.541 GC heap before
{Heap before GC invocations=5 (full 0):
 PSYoungGen      total 33280K, used 33255K [0x00000000eab00000, 0x00000000ece00000, 0x0000000100000000)
  eden space 30720K, 100% used [0x00000000eab00000,0x00000000ec900000,0x00000000ec900000)
  from space 2560K, 99% used [0x00000000ecb80000,0x00000000ecdf9cd0,0x00000000ece00000)
  to   space 2560K, 0% used [0x00000000ec900000,0x00000000ec900000,0x00000000ecb80000)
 ParOldGen       total 40960K, used 8683K [0x00000000c0000000, 0x00000000c2800000, 0x00000000eab00000)
  object space 40960K, 21% used [0x00000000c0000000,0x00000000c087adb0,0x00000000c2800000)
 Metaspace       used 5982K, capacity 6904K, committed 7040K, reserved 1056768K
  class space    used 609K, capacity 624K, committed 640K, reserved 1048576K

Deoptimization events (10 events):
Event: 1.798 Thread 0x00007fea9c148000 Uncommon trap: reason=bimorphic action=maybe_recompile pc=0x00007fea8d213ff0 method=com.android.dx.rop.code.RegisterSpec.getCategory()I @ 4
Event: 1.888 Thread 0x00007fea9c00a000 Uncommon trap: reason=unstable_if action=reinterpret pc=0x00007fea8d20fe8c method=java.util.BitSet.ensureCapacity(I)V @ 6
Event: 1.994 Thread 0x00007fea9c148000 Uncommon trap: reason=unstable_if action=reinterpret pc=0x00007fea8d1f7f2c method=java.util.BitSet.nextSetBit(I)I @ 87
Event: 2.009 Thread 0x00007fea9c14c800 Uncommon trap: reason=unstable_if action=reinterpret pc=0x00007fea8d20f2b8 method=java.util.BitSet.ensureCapacity(I)V @ 6
Event: 2.533 Thread 0x00007fea9c00a000 Uncommon trap: reason=unstable_if action=reinterpret pc=0x00007fea8d24f078 method=com.android.dx.rop.code.RegisterSpec.equals(ILcom/android/dx/rop/type/TypeBearer;Lcom/android/dx/rop/code/LocalItem;)Z @ 16
Event: 2.570 Thread 0x00007fea9c137000 Uncommon trap: reason=unstable_if action=reinterpret pc=0x00007fea8d1fbe10 method=java.util.HashMap.getNode(ILjava/lang/Object;)Ljava/util/HashMap$Node; @ 62
Event: 2.837 Thread 0x00007fea9c137000 Uncommon trap: reason=unstable_if action=reinterpret pc=0x00007fea8d239238 method=com.android.dx.rop.code.RegisterSpec.equals(ILcom/android/dx/rop/type/TypeBearer;Lcom/android/dx/rop/code/LocalItem;)Z @ 16
Event: 3.109 Thread 0x00007fea9c14c800 Uncommon trap: reason=null_check action=make_not_entrant pc=0x00007fea8d2b871c method=com.android.dx.ssa.SsaRenamer.getLocalForNewReg(I)Lcom/android/dx/rop/code/LocalItem; @ 19
Event: 3.366 Thread 0x00007fea9c14c800 Uncommon trap: reason=unstable_if action=reinterpret pc=0x00007fea8d24e91c method=com.android.dx.rop.cst.Constant.compareTo(Lcom/android/dx/rop/cst/Constant;)I @ 12
Event: 3.755 Thread 0x00007fea9c146800 Uncommon trap: reason=unstable_if action=reinterpret pc=0x00007fea8d2af7d0 method=com.android.dx.rop.code.RegisterSpecSet.put(Lcom/android/dx/rop/code/RegisterSpec;)V @ 77

Internal exceptions (3 events):
Event: 0.172 Thread 0x00007fea9c00a000 Exception <a 'java/lang/NoSuchMethodError': Method sun.misc.Unsafe.defineClass(Ljava/lang/String;[BII)Ljava/lang/Class; name or signature does not match> (0x00000000eab07c78) thrown at [/HUDSON3/workspace/8-2-build-linux-amd64/jdk8u111/7883/hotspot/src/sh
Event: 0.172 Thread 0x00007fea9c00a000 Exception <a 'java/lang/NoSuchMethodError': Method sun.misc.Unsafe.prefetchRead(Ljava/lang/Object;J)V name or signature does not match> (0x00000000eab07f60) thrown at [/HUDSON3/workspace/8-2-build-linux-amd64/jdk8u111/7883/hotspot/src/share/vm/prims/jni.c
Event: 3.109 Thread 0x00007fea9c14c800 Implicit null exception at 0x00007fea8d2b56c5 to 0x00007fea8d2b86d9

Events (10 events):
Event: 3.913 Executing VM operation: ParallelGCFailedAllocation done
Event: 3.961 Thread 0x00007fea9c148000 DEOPT PACKING pc=0x00007fea8d35f70b sp=0x00007fea858f6c80
Event: 3.961 Thread 0x00007fea9c148000 DEOPT UNPACKING pc=0x00007fea8d047633 sp=0x00007fea858f69f8 mode 0
Event: 4.292 Thread 0x00007fea9c14c800 DEOPT PACKING pc=0x00007fea8d2115b4 sp=0x00007fea857f5e20
Event: 4.292 Thread 0x00007fea9c14c800 DEOPT UNPACKING pc=0x00007fea8d047633 sp=0x00007fea857f5b70 mode 0
Event: 4.417 Executing VM operation: EnableBiasedLocking
Event: 4.425 Executing VM operation: EnableBiasedLocking done
Event: 4.475 Thread 0x00007fea9c14c800 DEOPT PACKING pc=0x00007fea8d30e02f sp=0x00007fea857f5e00
Event: 4.477 Thread 0x00007fea9c14c800 DEOPT UNPACKING pc=0x00007fea8d047633 sp=0x00007fea857f5bd8 mode 0
Event: 4.527 Executing VM operation: ParallelGCFailedAllocation


Dynamic libraries:
00400000-00401000 r-xp 00000000 08:06 8536111                            /usr/lib/jvm/java-8-oracle/bin/java
00600000-00601000 rw-p 00000000 08:06 8536111                            /usr/lib/jvm/java-8-oracle/bin/java
010cf000-010f0000 rw-p 00000000 00:00 0                                  [heap]
c0000000-c2800000 rw-p 00000000 00:00 0 
c2800000-eab00000 ---p 00000000 00:00 0 
eab00000-ece00000 rw-p 00000000 00:00 0 
ef500000-100000000 ---p 00000000 00:00 0 
100000000-1000a0000 rw-p 00000000 00:00 0 
1000a0000-140000000 ---p 00000000 00:00 0 
7fea38000000-7fea38021000 rw-p 00000000 00:00 0 
7fea38021000-7fea3c000000 ---p 00000000 00:00 0 
7fea40000000-7fea40021000 rw-p 00000000 00:00 0 
7fea40021000-7fea44000000 ---p 00000000 00:00 0 
7fea44000000-7fea44025000 rw-p 00000000 00:00 0 
7fea44025000-7fea48000000 ---p 00000000 00:00 0 
7fea48000000-7fea4802c000 rw-p 00000000 00:00 0 
7fea4802c000-7fea4c000000 ---p 00000000 00:00 0 
7fea4c000000-7fea4c021000 rw-p 00000000 00:00 0 
7fea4c021000-7fea50000000 ---p 00000000 00:00 0 
7fea50000000-7fea50021000 rw-p 00000000 00:00 0 
7fea50021000-7fea54000000 ---p 00000000 00:00 0 
7fea54000000-7fea54021000 rw-p 00000000 00:00 0 
7fea54021000-7fea58000000 ---p 00000000 00:00 0 
7fea58000000-7fea5855b000 rw-p 00000000 00:00 0 
7fea5855b000-7fea5c000000 ---p 00000000 00:00 0 
7fea5c000000-7fea5c69b000 rw-p 00000000 00:00 0 
7fea5c69b000-7fea60000000 ---p 00000000 00:00 0 
7fea60000000-7fea60021000 rw-p 00000000 00:00 0 
7fea60021000-7fea64000000 ---p 00000000 00:00 0 
7fea64000000-7fea6447d000 rw-p 00000000 00:00 0 
7fea6447d000-7fea68000000 ---p 00000000 00:00 0 
7fea68000000-7fea68021000 rw-p 00000000 00:00 0 
7fea68021000-7fea6c000000 ---p 00000000 00:00 0 
7fea6c000000-7fea6c021000 rw-p 00000000 00:00 0 
7fea6c021000-7fea70000000 ---p 00000000 00:00 0 
7fea70000000-7fea70021000 rw-p 00000000 00:00 0 
7fea70021000-7fea74000000 ---p 00000000 00:00 0 
7fea74000000-7fea7428d000 rw-p 00000000 00:00 0 
7fea7428d000-7fea78000000 ---p 00000000 00:00 0 
7fea78000000-7fea78021000 rw-p 00000000 00:00 0 
7fea78021000-7fea7c000000 ---p 00000000 00:00 0 
7fea80000000-7fea80021000 rw-p 00000000 00:00 0 
7fea80021000-7fea84000000 ---p 00000000 00:00 0 
7fea856f7000-7fea856fa000 ---p 00000000 00:00 0 
7fea856fa000-7fea857f8000 rw-p 00000000 00:00 0                          [stack:14480]
7fea857f8000-7fea857fb000 ---p 00000000 00:00 0 
7fea857fb000-7fea858f9000 rw-p 00000000 00:00 0                          [stack:14479]
7fea858f9000-7fea858fc000 ---p 00000000 00:00 0 
7fea858fc000-7fea859fa000 rw-p 00000000 00:00 0                          [stack:14478]
7fea859fa000-7fea859fd000 ---p 00000000 00:00 0 
7fea859fd000-7fea85afb000 rw-p 00000000 00:00 0                          [stack:14476]
7fea85afb000-7fea85afe000 ---p 00000000 00:00 0 
7fea85afe000-7fea85bfc000 rw-p 00000000 00:00 0                          [stack:14475]
7fea85bfc000-7fea85bfd000 ---p 00000000 00:00 0 
7fea85bfd000-7fea85cfd000 rw-p 00000000 00:00 0                          [stack:14444]
7fea85cfd000-7fea85d00000 ---p 00000000 00:00 0 
7fea85d00000-7fea85dfe000 rw-p 00000000 00:00 0                          [stack:14443]
7fea85dfe000-7fea85e01000 ---p 00000000 00:00 0 
7fea85e01000-7fea85eff000 rw-p 00000000 00:00 0                          [stack:14441]
7fea85eff000-7fea85f02000 ---p 00000000 00:00 0 
7fea85f02000-7fea88000000 rw-p 00000000 00:00 0                          [stack:14438]
7fea88000000-7fea88021000 rw-p 00000000 00:00 0 
7fea88021000-7fea8c000000 ---p 00000000 00:00 0 
7fea8c014000-7fea8c017000 ---p 00000000 00:00 0 
7fea8c017000-7fea8c115000 rw-p 00000000 00:00 0                          [stack:14435]
7fea8c115000-7fea8c118000 ---p 00000000 00:00 0 
7fea8c118000-7fea8c216000 rw-p 00000000 00:00 0                          [stack:14431]
7fea8c216000-7fea8c8f9000 r--p 00000000 08:06 8133444                    /usr/lib/locale/locale-archive
7fea8c8f9000-7fea8c8fc000 ---p 00000000 00:00 0 
7fea8c8fc000-7fea8c9fa000 rw-p 00000000 00:00 0                          [stack:14428]
7fea8c9fa000-7fea8c9fd000 ---p 00000000 00:00 0 
7fea8c9fd000-7fea8cafb000 rw-p 00000000 00:00 0                          [stack:14427]
7fea8cafb000-7fea8cafc000 ---p 00000000 00:00 0 
7fea8cafc000-7fea8d000000 rw-p 00000000 00:00 0                          [stack:14425]
7fea8d000000-7fea8d3d0000 rwxp 00000000 00:00 0 
7fea8d3d0000-7fea9c000000 ---p 00000000 00:00 0 
7fea9c000000-7fea9c396000 rw-p 00000000 00:00 0 
7fea9c396000-7feaa0000000 ---p 00000000 00:00 0 
7feaa00a8000-7feaa00b6000 r--s 000e0000 08:06 8275328                    /home/buddhikajay/Programs/android-sdk-linux/build-tools/24.0.2/lib/dx.jar
7feaa00b6000-7feaa0c66000 rw-p 00000000 00:00 0 
7feaa0c66000-7feaa0e3e000 r--s 03d2a000 08:06 8133175                    /usr/lib/jvm/java-8-oracle/jre/lib/rt.jar
7feaa0e3e000-7feaa14f4000 rw-p 00000000 00:00 0 
7feaa14f4000-7feaa16b4000 ---p 00000000 00:00 0 
7feaa16b4000-7feaa18b4000 rw-p 00000000 00:00 0 
7feaa18b4000-7feaa18b5000 ---p 00000000 00:00 0 
7feaa18b5000-7feaa19b5000 rw-p 00000000 00:00 0                          [stack:14424]
7feaa19b5000-7feaa19b6000 ---p 00000000 00:00 0 
7feaa19b6000-7feaa1ab6000 rw-p 00000000 00:00 0                          [stack:14422]
7feaa1ab6000-7feaa1ab7000 ---p 00000000 00:00 0 
7feaa1ab7000-7feaa1bb7000 rw-p 00000000 00:00 0                          [stack:14421]
7feaa1bb7000-7feaa1bb8000 ---p 00000000 00:00 0 
7feaa1bb8000-7feaa1ccc000 rw-p 00000000 00:00 0                          [stack:14420]
7feaa1ccc000-7feaa1e0e000 ---p 00000000 00:00 0 
7feaa1e0e000-7feaa1e22000 rw-p 00000000 00:00 0 
7feaa1e22000-7feaa1f63000 ---p 00000000 00:00 0 
7feaa1f63000-7feaa1f75000 rw-p 00000000 00:00 0 
7feaa1f75000-7feaa200e000 ---p 00000000 00:00 0 
7feaa200e000-7feaa201f000 rw-p 00000000 00:00 0 
7feaa201f000-7feaa23cf000 ---p 00000000 00:00 0 
7feaa23cf000-7feaa23e9000 r-xp 00000000 08:06 8131814                    /usr/lib/jvm/java-8-oracle/jre/lib/amd64/libzip.so
7feaa23e9000-7feaa25e9000 ---p 0001a000 08:06 8131814                    /usr/lib/jvm/java-8-oracle/jre/lib/amd64/libzip.so
7feaa25e9000-7feaa25ea000 rw-p 0001a000 08:06 8131814                    /usr/lib/jvm/java-8-oracle/jre/lib/amd64/libzip.so
7feaa25ea000-7feaa25f4000 r-xp 00000000 08:06 11011029                   /lib/x86_64-linux-gnu/libnss_files-2.19.so
7feaa25f4000-7feaa27f3000 ---p 0000a000 08:06 11011029                   /lib/x86_64-linux-gnu/libnss_files-2.19.so
7feaa27f3000-7feaa27f4000 r--p 00009000 08:06 11011029                   /lib/x86_64-linux-gnu/libnss_files-2.19.so
7feaa27f4000-7feaa27f5000 rw-p 0000a000 08:06 11011029                   /lib/x86_64-linux-gnu/libnss_files-2.19.so
7feaa27f5000-7feaa2800000 r-xp 00000000 08:06 11010145                   /lib/x86_64-linux-gnu/libnss_nis-2.19.so
7feaa2800000-7feaa29ff000 ---p 0000b000 08:06 11010145                   /lib/x86_64-linux-gnu/libnss_nis-2.19.so
7feaa29ff000-7feaa2a00000 r--p 0000a000 08:06 11010145                   /lib/x86_64-linux-gnu/libnss_nis-2.19.so
7feaa2a00000-7feaa2a01000 rw-p 0000b000 08:06 11010145                   /lib/x86_64-linux-gnu/libnss_nis-2.19.so
7feaa2a01000-7feaa2a18000 r-xp 00000000 08:06 11010141                   /lib/x86_64-linux-gnu/libnsl-2.19.so
7feaa2a18000-7feaa2c17000 ---p 00017000 08:06 11010141                   /lib/x86_64-linux-gnu/libnsl-2.19.so
7feaa2c17000-7feaa2c18000 r--p 00016000 08:06 11010141                   /lib/x86_64-linux-gnu/libnsl-2.19.so
7feaa2c18000-7feaa2c19000 rw-p 00017000 08:06 11010141                   /lib/x86_64-linux-gnu/libnsl-2.19.so
7feaa2c19000-7feaa2c1b000 rw-p 00000000 00:00 0 
7feaa2c1b000-7feaa2c24000 r-xp 00000000 08:06 11010140                   /lib/x86_64-linux-gnu/libnss_compat-2.19.so
7feaa2c24000-7feaa2e23000 ---p 00009000 08:06 11010140                   /lib/x86_64-linux-gnu/libnss_compat-2.19.so
7feaa2e23000-7feaa2e24000 r--p 00008000 08:06 11010140                   /lib/x86_64-linux-gnu/libnss_compat-2.19.so
7feaa2e24000-7feaa2e25000 rw-p 00009000 08:06 11010140                   /lib/x86_64-linux-gnu/libnss_compat-2.19.so
7feaa2e25000-7feaa2e50000 r-xp 00000000 08:06 8133085                    /usr/lib/jvm/java-8-oracle/jre/lib/amd64/libjava.so
7feaa2e50000-7feaa304f000 ---p 0002b000 08:06 8133085                    /usr/lib/jvm/java-8-oracle/jre/lib/amd64/libjava.so
7feaa304f000-7feaa3051000 rw-p 0002a000 08:06 8133085                    /usr/lib/jvm/java-8-oracle/jre/lib/amd64/libjava.so
7feaa3051000-7feaa305e000 r-xp 00000000 08:06 8131842                    /usr/lib/jvm/java-8-oracle/jre/lib/amd64/libverify.so
7feaa305e000-7feaa325d000 ---p 0000d000 08:06 8131842                    /usr/lib/jvm/java-8-oracle/jre/lib/amd64/libverify.so
7feaa325d000-7feaa325f000 rw-p 0000c000 08:06 8131842                    /usr/lib/jvm/java-8-oracle/jre/lib/amd64/libverify.so
7feaa325f000-7feaa3266000 r-xp 00000000 08:06 11010149                   /lib/x86_64-linux-gnu/librt-2.19.so
7feaa3266000-7feaa3465000 ---p 00007000 08:06 11010149                   /lib/x86_64-linux-gnu/librt-2.19.so
7feaa3465000-7feaa3466000 r--p 00006000 08:06 11010149                   /lib/x86_64-linux-gnu/librt-2.19.so
7feaa3466000-7feaa3467000 rw-p 00007000 08:06 11010149                   /lib/x86_64-linux-gnu/librt-2.19.so
7feaa3467000-7feaa356c000 r-xp 00000000 08:06 11010077                   /lib/x86_64-linux-gnu/libm-2.19.so
7feaa356c000-7feaa376b000 ---p 00105000 08:06 11010077                   /lib/x86_64-linux-gnu/libm-2.19.so
7feaa376b000-7feaa376c000 r--p 00104000 08:06 11010077                   /lib/x86_64-linux-gnu/libm-2.19.so
7feaa376c000-7feaa376d000 rw-p 00105000 08:06 11010077                   /lib/x86_64-linux-gnu/libm-2.19.so
7feaa376d000-7feaa443a000 r-xp 00000000 08:06 8131821                    /usr/lib/jvm/java-8-oracle/jre/lib/amd64/server/libjvm.so
7feaa443a000-7feaa4639000 ---p 00ccd000 08:06 8131821                    /usr/lib/jvm/java-8-oracle/jre/lib/amd64/server/libjvm.so
7feaa4639000-7feaa4712000 rw-p 00ccc000 08:06 8131821                    /usr/lib/jvm/java-8-oracle/jre/lib/amd64/server/libjvm.so
7feaa4712000-7feaa475d000 rw-p 00000000 00:00 0 
7feaa475d000-7feaa4917000 r-xp 00000000 08:06 11010150                   /lib/x86_64-linux-gnu/libc-2.19.so
7feaa4917000-7feaa4b17000 ---p 001ba000 08:06 11010150                   /lib/x86_64-linux-gnu/libc-2.19.so
7feaa4b17000-7feaa4b1b000 r--p 001ba000 08:06 11010150                   /lib/x86_64-linux-gnu/libc-2.19.so
7feaa4b1b000-7feaa4b1d000 rw-p 001be000 08:06 11010150                   /lib/x86_64-linux-gnu/libc-2.19.so
7feaa4b1d000-7feaa4b22000 rw-p 00000000 00:00 0 
7feaa4b22000-7feaa4b25000 r-xp 00000000 08:06 11010137                   /lib/x86_64-linux-gnu/libdl-2.19.so
7feaa4b25000-7feaa4d24000 ---p 00003000 08:06 11010137                   /lib/x86_64-linux-gnu/libdl-2.19.so
7feaa4d24000-7feaa4d25000 r--p 00002000 08:06 11010137                   /lib/x86_64-linux-gnu/libdl-2.19.so
7feaa4d25000-7feaa4d26000 rw-p 00003000 08:06 11010137                   /lib/x86_64-linux-gnu/libdl-2.19.so
7feaa4d26000-7feaa4d3b000 r-xp 00000000 08:06 8925255                    /usr/lib/jvm/java-8-oracle/lib/amd64/jli/libjli.so
7feaa4d3b000-7feaa4f3b000 ---p 00015000 08:06 8925255                    /usr/lib/jvm/java-8-oracle/lib/amd64/jli/libjli.so
7feaa4f3b000-7feaa4f3c000 rw-p 00015000 08:06 8925255                    /usr/lib/jvm/java-8-oracle/lib/amd64/jli/libjli.so
7feaa4f3c000-7feaa4f55000 r-xp 00000000 08:06 11010142                   /lib/x86_64-linux-gnu/libpthread-2.19.so
7feaa4f55000-7feaa5154000 ---p 00019000 08:06 11010142                   /lib/x86_64-linux-gnu/libpthread-2.19.so
7feaa5154000-7feaa5155000 r--p 00018000 08:06 11010142                   /lib/x86_64-linux-gnu/libpthread-2.19.so
7feaa5155000-7feaa5156000 rw-p 00019000 08:06 11010142                   /lib/x86_64-linux-gnu/libpthread-2.19.so
7feaa5156000-7feaa515a000 rw-p 00000000 00:00 0 
7feaa515a000-7feaa517d000 r-xp 00000000 08:06 11010143                   /lib/x86_64-linux-gnu/ld-2.19.so
7feaa517e000-7feaa5184000 r--s 00047000 08:06 7362435                    /home/buddhikajay/Documents/Programming/Paymedia/bankDepositApp/app/build/intermediates/exploded-aar/com.android.support/design/24.2.0/jars/classes.jar
7feaa5184000-7feaa5256000 rw-p 00000000 00:00 0 
7feaa5256000-7feaa5259000 ---p 00000000 00:00 0 
7feaa5259000-7feaa5370000 rw-p 00000000 00:00 0                          [stack:14417]
7feaa5370000-7feaa5378000 rw-s 00000000 08:06 14176429                   /tmp/hsperfdata_buddhikajay/14414
7feaa5378000-7feaa5379000 rw-p 00000000 00:00 0 
7feaa5379000-7feaa537a000 ---p 00000000 00:00 0 
7feaa537a000-7feaa537c000 rw-p 00000000 00:00 0 
7feaa537c000-7feaa537d000 r--p 00022000 08:06 11010143                   /lib/x86_64-linux-gnu/ld-2.19.so
7feaa537d000-7feaa537e000 rw-p 00023000 08:06 11010143                   /lib/x86_64-linux-gnu/ld-2.19.so
7feaa537e000-7feaa537f000 rw-p 00000000 00:00 0 
7ffd959dd000-7ffd959fe000 rw-p 00000000 00:00 0                          [stack]
7ffd959fe000-7ffd95a00000 r-xp 00000000 00:00 0                          [vdso]
ffffffffff600000-ffffffffff601000 r-xp 00000000 00:00 0                  [vsyscall]

VM Arguments:
jvm_args: -Djava.awt.headless=true -Xmx1024M -Dfile.encoding=UTF-8 -Duser.country=US -Duser.language=en -Duser.variant 
java_command: com.android.dx.command.Main --dex --force-jumbo --num-threads=4 --multi-dex --output /home/buddhikajay/Documents/Programming/Paymedia/bankDepositApp/app/build/intermediates/transforms/dex/debug/folders/1000/10/com.android.support-design-24.2.0_88144adec0f2e50c8789d9fb15609aa282051f1f /home/buddhikajay/Documents/Programming/Paymedia/bankDepositApp/app/build/intermediates/exploded-aar/com.android.support/design/24.2.0/jars/classes.jar
java_class_path (initial): /home/buddhikajay/Programs/android-sdk-linux/build-tools/24.0.2/lib/dx.jar
Launcher Type: SUN_STANDARD

Environment Variables:
JAVA_HOME=/usr/lib/jvm/java-8-oracle
PATH=/home/buddhikajay/Programs/gradle-3.1/bin:/home/buddhikajay/Programs/apache-maven-3.3.9/bin:/home/buddhikajay/bin:/usr/local/sbin:/usr/local/bin:/usr/sbin:/usr/bin:/sbin:/bin:/usr/games:/usr/local/games:/usr/lib/jvm/java-8-oracle/bin:/usr/lib/jvm/java-8-oracle/db/bin:/usr/lib/jvm/java-8-oracle/jre/bin
LD_LIBRARY_PATH=/home/buddhikajay/Programs/android-studio/bin:
SHELL=/bin/bash
DISPLAY=:0

Signal Handlers:
SIGSEGV: [libjvm.so+0xac64b0], sa_mask[0]=11111111011111111101111111111110, sa_flags=SA_RESTART|SA_SIGINFO
SIGBUS: [libjvm.so+0xac64b0], sa_mask[0]=11111111011111111101111111111110, sa_flags=SA_RESTART|SA_SIGINFO
SIGFPE: [libjvm.so+0x91f950], sa_mask[0]=11111111011111111101111111111110, sa_flags=SA_RESTART|SA_SIGINFO
SIGPIPE: [libjvm.so+0x91f950], sa_mask[0]=11111111011111111101111111111110, sa_flags=SA_RESTART|SA_SIGINFO
SIGXFSZ: [libjvm.so+0x91f950], sa_mask[0]=11111111011111111101111111111110, sa_flags=SA_RESTART|SA_SIGINFO
SIGILL: [libjvm.so+0x91f950], sa_mask[0]=11111111011111111101111111111110, sa_flags=SA_RESTART|SA_SIGINFO
SIGUSR1: SIG_DFL, sa_mask[0]=00000000000000000000000000000000, sa_flags=none
SIGUSR2: [libjvm.so+0x920f80], sa_mask[0]=00100000000000000000000000000000, sa_flags=SA_RESTART|SA_SIGINFO
SIGHUP: [libjvm.so+0x922380], sa_mask[0]=11111111011111111101111111111110, sa_flags=SA_RESTART|SA_SIGINFO
SIGINT: [libjvm.so+0x922380], sa_mask[0]=11111111011111111101111111111110, sa_flags=SA_RESTART|SA_SIGINFO
SIGTERM: [libjvm.so+0x922380], sa_mask[0]=11111111011111111101111111111110, sa_flags=SA_RESTART|SA_SIGINFO
SIGQUIT: [libjvm.so+0x922380], sa_mask[0]=11111111011111111101111111111110, sa_flags=SA_RESTART|SA_SIGINFO


---------------  S Y S T E M  ---------------

OS:DISTRIB_ID=Ubuntu
DISTRIB_RELEASE=14.04
DISTRIB_CODENAME=trusty
DISTRIB_DESCRIPTION="Ubuntu 14.04.5 LTS"

uname:Linux 3.13.0-106-generic #153-Ubuntu SMP Tue Dec 6 15:44:32 UTC 2016 x86_64
libc:glibc 2.19 NPTL 2.19 
rlimit: STACK 8192k, CORE 0k, NPROC 30327, NOFILE 4096, AS infinity
load average:15.19 5.77 3.08

/proc/meminfo:
MemTotal:        3903588 kB
MemFree:           90068 kB
Buffers:             332 kB
Cached:           366456 kB
SwapCached:        13552 kB
Active:          2566588 kB
Inactive:        1040220 kB
Active(anon):    2560936 kB
Inactive(anon):  1035668 kB
Active(file):       5652 kB
Inactive(file):     4552 kB
Unevictable:         240 kB
Mlocked:             240 kB
SwapTotal:       1951740 kB
SwapFree:              0 kB
Dirty:                28 kB
Writeback:             0 kB
AnonPages:       3228000 kB
Mapped:            48892 kB
Shmem:            355984 kB
Slab:              86596 kB
SReclaimable:      40176 kB
SUnreclaim:        46420 kB
KernelStack:        7560 kB
PageTables:        55056 kB
NFS_Unstable:          0 kB
Bounce:                0 kB
WritebackTmp:          0 kB
CommitLimit:     3903532 kB
Committed_AS:   10745304 kB
VmallocTotal:   34359738367 kB
VmallocUsed:      348232 kB
VmallocChunk:   34359378940 kB
HardwareCorrupted:     0 kB
AnonHugePages:    800768 kB
HugePages_Total:       0
HugePages_Free:        0
HugePages_Rsvd:        0
HugePages_Surp:        0
Hugepagesize:       2048 kB
DirectMap4k:       85388 kB
DirectMap2M:     3964928 kB


CPU:total 4 (2 cores per cpu, 2 threads per core) family 6 model 58 stepping 9, cmov, cx8, fxsr, mmx, sse, sse2, sse3, ssse3, sse4.1, sse4.2, popcnt, avx, aes, clmul, erms, ht, tsc, tscinvbit, tscinv

/proc/cpuinfo:
processor	: 0
vendor_id	: GenuineIntel
cpu family	: 6
model		: 58
model name	: Intel(R) Core(TM) i5-3210M CPU @ 2.50GHz
stepping	: 9
microcode	: 0x15
cpu MHz		: 2501.000
cache size	: 3072 KB
physical id	: 0
siblings	: 4
core id		: 0
cpu cores	: 2
apicid		: 0
initial apicid	: 0
fpu		: yes
fpu_exception	: yes
cpuid level	: 13
wp		: yes
flags		: fpu vme de pse tsc msr pae mce cx8 apic sep mtrr pge mca cmov pat pse36 clflush dts acpi mmx fxsr sse sse2 ss ht tm pbe syscall nx rdtscp lm constant_tsc arch_perfmon pebs bts rep_good nopl xtopology nonstop_tsc aperfmperf eagerfpu pni pclmulqdq dtes64 monitor ds_cpl vmx est tm2 ssse3 cx16 xtpr pdcm pcid sse4_1 sse4_2 x2apic popcnt tsc_deadline_timer aes xsave avx f16c rdrand lahf_lm ida arat epb xsaveopt pln pts dtherm tpr_shadow vnmi flexpriority ept vpid fsgsbase smep erms
bogomips	: 4988.90
clflush size	: 64
cache_alignment	: 64
address sizes	: 36 bits physical, 48 bits virtual
power management:

processor	: 1
vendor_id	: GenuineIntel
cpu family	: 6
model		: 58
model name	: Intel(R) Core(TM) i5-3210M CPU @ 2.50GHz
stepping	: 9
microcode	: 0x15
cpu MHz		: 2501.000
cache size	: 3072 KB
physical id	: 0
siblings	: 4
core id		: 0
cpu cores	: 2
apicid		: 1
initial apicid	: 1
fpu		: yes
fpu_exception	: yes
cpuid level	: 13
wp		: yes
flags		: fpu vme de pse tsc msr pae mce cx8 apic sep mtrr pge mca cmov pat pse36 clflush dts acpi mmx fxsr sse sse2 ss ht tm pbe syscall nx rdtscp lm constant_tsc arch_perfmon pebs bts rep_good nopl xtopology nonstop_tsc aperfmperf eagerfpu pni pclmulqdq dtes64 monitor ds_cpl vmx est tm2 ssse3 cx16 xtpr pdcm pcid sse4_1 sse4_2 x2apic popcnt tsc_deadline_timer aes xsave avx f16c rdrand lahf_lm ida arat epb xsaveopt pln pts dtherm tpr_shadow vnmi flexpriority ept vpid fsgsbase smep erms
bogomips	: 4988.90
clflush size	: 64
cache_alignment	: 64
address sizes	: 36 bits physical, 48 bits virtual
power management:

processor	: 2
vendor_id	: GenuineIntel
cpu family	: 6
model		: 58
model name	: Intel(R) Core(TM) i5-3210M CPU @ 2.50GHz
stepping	: 9
microcode	: 0x15
cpu MHz		: 2501.000
cache size	: 3072 KB
physical id	: 0
siblings	: 4
core id		: 1
cpu cores	: 2
apicid		: 2
initial apicid	: 2
fpu		: yes
fpu_exception	: yes
cpuid level	: 13
wp		: yes
flags		: fpu vme de pse tsc msr pae mce cx8 apic sep mtrr pge mca cmov pat pse36 clflush dts acpi mmx fxsr sse sse2 ss ht tm pbe syscall nx rdtscp lm constant_tsc arch_perfmon pebs bts rep_good nopl xtopology nonstop_tsc aperfmperf eagerfpu pni pclmulqdq dtes64 monitor ds_cpl vmx est tm2 ssse3 cx16 xtpr pdcm pcid sse4_1 sse4_2 x2apic popcnt tsc_deadline_timer aes xsave avx f16c rdrand lahf_lm ida arat epb xsaveopt pln pts dtherm tpr_shadow vnmi flexpriority ept vpid fsgsbase smep erms
bogomips	: 4988.90
clflush size	: 64
cache_alignment	: 64
address sizes	: 36 bits physical, 48 bits virtual
power management:

processor	: 3
vendor_id	: GenuineIntel
cpu family	: 6
model		: 58
model name	: Intel(R) Core(TM) i5-3210M CPU @ 2.50GHz
stepping	: 9
microcode	: 0x15
cpu MHz		: 2501.000
cache size	: 3072 KB
physical id	: 0
siblings	: 4
core id		: 1
cpu cores	: 2
apicid		: 3
initial apicid	: 3
fpu		: yes
fpu_exception	: yes
cpuid level	: 13
wp		: yes
flags		: fpu vme de pse tsc msr pae mce cx8 apic sep mtrr pge mca cmov pat pse36 clflush dts acpi mmx fxsr sse sse2 ss ht tm pbe syscall nx rdtscp lm constant_tsc arch_perfmon pebs bts rep_good nopl xtopology nonstop_tsc aperfmperf eagerfpu pni pclmulqdq dtes64 monitor ds_cpl vmx est tm2 ssse3 cx16 xtpr pdcm pcid sse4_1 sse4_2 x2apic popcnt tsc_deadline_timer aes xsave avx f16c rdrand lahf_lm ida arat epb xsaveopt pln pts dtherm tpr_shadow vnmi flexpriority ept vpid fsgsbase smep erms
bogomips	: 4988.90
clflush size	: 64
cache_alignment	: 64
address sizes	: 36 bits physical, 48 bits virtual
power management:



Memory: 4k page, physical 3903588k(90468k free), swap 1951740k(0k free)

vm_info: Java HotSpot(TM) 64-Bit Server VM (25.111-b14) for linux-amd64 JRE (1.8.0_111-b14), built on Sep 22 2016 16:14:03 by "java_re" with gcc 4.3.0 20080428 (Red Hat 4.3.0-8)

time: Mon Jan  2 20:19:04 2017
elapsed time: 4 seconds (0d 0h 0m 4s)

