#
# There is insufficient memory for the Java Runtime Environment to continue.
# Native memory allocation (mmap) failed to map 80740352 bytes for committing reserved memory.
# Possible reasons:
#   The system is out of physical RAM or swap space
#   In 32 bit mode, the process size limit was hit
# Possible solutions:
#   Reduce memory load on the system
#   Increase physical memory or swap space
#   Check if swap backing store is full
#   Use 64 bit Java on a 64 bit OS
#   Decrease Java heap size (-Xmx/-Xms)
#   Decrease number of Java threads
#   Decrease Java thread stack sizes (-Xss)
#   Set larger code cache with -XX:ReservedCodeCacheSize=
# This output file may be truncated or incomplete.
#
#  Out of Memory Error (os_linux.cpp:2627), pid=13144, tid=0x00007f51d1718700
#
# JRE version: Java(TM) SE Runtime Environment (8.0_111-b14) (build 1.8.0_111-b14)
# Java VM: Java HotSpot(TM) 64-Bit Server VM (25.111-b14 mixed mode linux-amd64 compressed oops)
# Failed to write core dump. Core dumps have been disabled. To enable core dumping, try "ulimit -c unlimited" before starting Java again
#

---------------  T H R E A D  ---------------

Current thread (0x00007f51e4078000):  VMThread [stack: 0x00007f51d1618000,0x00007f51d1719000] [id=13181]

Stack: [0x00007f51d1618000,0x00007f51d1719000],  sp=0x00007f51d17170e0,  free space=1020k
Native frames: (J=compiled Java code, j=interpreted, Vv=VM code, C=native code)
V  [libjvm.so+0xac5c2a]  VMError::report_and_die()+0x2ba
V  [libjvm.so+0x4fc50b]  report_vm_out_of_memory(char const*, int, unsigned long, VMErrorType, char const*)+0x8b
V  [libjvm.so+0x922ae3]  os::Linux::commit_memory_impl(char*, unsigned long, bool)+0x103
V  [libjvm.so+0x923039]  os::pd_commit_memory(char*, unsigned long, unsigned long, bool)+0x29
V  [libjvm.so+0x91d33a]  os::commit_memory(char*, unsigned long, unsigned long, bool)+0x2a
V  [libjvm.so+0x991ac3]  PSVirtualSpace::expand_by(unsigned long)+0x53
V  [libjvm.so+0x992ec8]  PSYoungGen::resize_generation(unsigned long, unsigned long)+0xf8
V  [libjvm.so+0x992022]  PSYoungGen::resize(unsigned long, unsigned long)+0x22
V  [libjvm.so+0x98f2fb]  PSScavenge::invoke_no_policy()+0xf3b
V  [libjvm.so+0x98fa81]  PSScavenge::invoke()+0x41
V  [libjvm.so+0x9467d0]  ParallelScavengeHeap::failed_mem_allocate(unsigned long)+0x70
V  [libjvm.so+0xac7647]  VM_ParallelGCFailedAllocation::doit()+0x97
V  [libjvm.so+0xacf125]  VM_Operation::evaluate()+0x55
V  [libjvm.so+0xacd4fa]  VMThread::evaluate_operation(VM_Operation*)+0xba
V  [libjvm.so+0xacd87e]  VMThread::loop()+0x1ce
V  [libjvm.so+0xacdcf0]  VMThread::run()+0x70
V  [libjvm.so+0x924ea8]  java_start(Thread*)+0x108

VM_Operation (0x00007f51d0326cd0): ParallelGCFailedAllocation, mode: safepoint, requested by thread 0x00007f51e4183800


---------------  P R O C E S S  ---------------

Java Threads: ( => current thread )
  0x00007f51e4183800 JavaThread "pool-2-thread-4" [_thread_blocked, id=13233, stack(0x00007f51d0228000,0x00007f51d0329000)]
  0x00007f51e4176800 JavaThread "pool-2-thread-2" [_thread_blocked, id=13231, stack(0x00007f51d042a000,0x00007f51d052b000)]
  0x00007f51e4171800 JavaThread "pool-3-thread-1" [_thread_blocked, id=13223, stack(0x00007f51d052b000,0x00007f51d062c000)]
  0x00007f51e416f000 JavaThread "pool-2-thread-1" [_thread_blocked, id=13222, stack(0x00007f51d062c000,0x00007f51d072d000)]
  0x00007f51e40c0800 JavaThread "Service Thread" daemon [_thread_blocked, id=13202, stack(0x00007f51d082e000,0x00007f51d092f000)]
  0x00007f51e40bd800 JavaThread "C1 CompilerThread2" daemon [_thread_blocked, id=13199, stack(0x00007f51d092f000,0x00007f51d0a30000)]
  0x00007f51e40bb800 JavaThread "C2 CompilerThread1" daemon [_thread_blocked, id=13196, stack(0x00007f51d0a30000,0x00007f51d0b31000)]
  0x00007f51e40b8800 JavaThread "C2 CompilerThread0" daemon [_thread_in_native, id=13194, stack(0x00007f51d0b31000,0x00007f51d0c32000)]
  0x00007f51e40b7000 JavaThread "Signal Dispatcher" daemon [_thread_blocked, id=13190, stack(0x00007f51d0c32000,0x00007f51d0d33000)]
  0x00007f51e4084800 JavaThread "Finalizer" daemon [_thread_blocked, id=13188, stack(0x00007f51d1416000,0x00007f51d1517000)]
  0x00007f51e407f800 JavaThread "Reference Handler" daemon [_thread_blocked, id=13185, stack(0x00007f51d1517000,0x00007f51d1618000)]
  0x00007f51e400a000 JavaThread "main" [_thread_blocked, id=13150, stack(0x00007f51ebcd0000,0x00007f51ebdd1000)]

Other Threads:
=>0x00007f51e4078000 VMThread [stack: 0x00007f51d1618000,0x00007f51d1719000] [id=13181]
  0x00007f51e40c3000 WatcherThread [stack: 0x00007f51d072d000,0x00007f51d082e000] [id=13209]

VM state:at safepoint (normal execution)

VM Mutex/Monitor currently owned by a thread:  ([mutex/lock_event])
[0x00007f51e4006610] Threads_lock - owner thread: 0x00007f51e4078000
[0x00007f51e4006b10] Heap_lock - owner thread: 0x00007f51e4183800

Heap:
 PSYoungGen      total 64000K, used 2551K [0x00000000eab00000, 0x00000000eec00000, 0x0000000100000000)
  eden space 61440K, 0% used [0x00000000eab00000,0x00000000eab00000,0x00000000ee700000)
  from space 2560K, 99% used [0x00000000ee700000,0x00000000ee97dd58,0x00000000ee980000)
  to   space 2560K, 0% used [0x00000000ee980000,0x00000000ee980000,0x00000000eec00000)
 ParOldGen       total 40960K, used 20608K [0x00000000c0000000, 0x00000000c2800000, 0x00000000eab00000)
  object space 40960K, 50% used [0x00000000c0000000,0x00000000c1420158,0x00000000c2800000)
 Metaspace       used 6138K, capacity 6936K, committed 7168K, reserved 1056768K
  class space    used 631K, capacity 656K, committed 768K, reserved 1048576K

Card table byte_map: [0x00007f51e8888000,0x00007f51e8a89000] byte_map_base: 0x00007f51e8288000

Marking Bits: (ParMarkBitMap*) 0x00007f51eb1aa220
 Begin Bits: [0x00007f51d3000000, 0x00007f51d4000000)
 End Bits:   [0x00007f51d4000000, 0x00007f51d5000000)

Polling page: 0x00007f51ebdf3000

CodeCache: size=245760Kb used=4982Kb max_used=4982Kb free=240777Kb
 bounds [0x00007f51d5000000, 0x00007f51d54e0000, 0x00007f51e4000000]
 total_blobs=1478 nmethods=1210 adapters=182
 compilation: enabled

Compilation events (10 events):
Event: 12.915 Thread 0x00007f51e40bd800 nmethod 1566 0x00007f51d54d0a90 code [0x00007f51d54d1080, 0x00007f51d54d5918]
Event: 12.915 Thread 0x00007f51e40bd800 1564       3       com.android.dx.ssa.PhiInsn::getSources (95 bytes)
Event: 12.928 Thread 0x00007f51e40bd800 nmethod 1564 0x00007f51d54d8c10 code [0x00007f51d54d8e80, 0x00007f51d54d9e58]
Event: 12.928 Thread 0x00007f51e40bd800 1569       3       com.android.dx.ssa.SsaMethod::buildUseList (112 bytes)
Event: 12.929 Thread 0x00007f51e40bd800 nmethod 1569 0x00007f51d54da9d0 code [0x00007f51d54dac60, 0x00007f51d54dbf58]
Event: 12.929 Thread 0x00007f51e40bd800 1568       3       com.android.dx.ssa.DomFront::calcDomFronts (154 bytes)
Event: 12.931 Thread 0x00007f51e40bd800 nmethod 1568 0x00007f51d54dc9d0 code [0x00007f51d54dcc60, 0x00007f51d54ddb88]
Event: 12.931 Thread 0x00007f51e40bd800 1529       2       com.android.dx.ssa.SsaMethod::makeExitBlock (134 bytes)
Event: 12.957 Thread 0x00007f51e40bd800 nmethod 1529 0x00007f51d54de7d0 code [0x00007f51d54de9c0, 0x00007f51d54df0a8]
Event: 12.957 Thread 0x00007f51e40bd800 1572 %     3       com.android.dx.ssa.SCCP::replaceConstants @ 2 (209 bytes)

GC Heap History (9 events):
Event: 2.111 GC heap before
{Heap before GC invocations=1 (full 0):
 PSYoungGen      total 17920K, used 15360K [0x00000000eab00000, 0x00000000ebf00000, 0x0000000100000000)
  eden space 15360K, 100% used [0x00000000eab00000,0x00000000eba00000,0x00000000eba00000)
  from space 2560K, 0% used [0x00000000ebc80000,0x00000000ebc80000,0x00000000ebf00000)
  to   space 2560K, 0% used [0x00000000eba00000,0x00000000eba00000,0x00000000ebc80000)
 ParOldGen       total 40960K, used 0K [0x00000000c0000000, 0x00000000c2800000, 0x00000000eab00000)
  object space 40960K, 0% used [0x00000000c0000000,0x00000000c0000000,0x00000000c2800000)
 Metaspace       used 5689K, capacity 6584K, committed 6784K, reserved 1056768K
  class space    used 608K, capacity 624K, committed 640K, reserved 1048576K
Event: 2.312 GC heap after
Heap after GC invocations=1 (full 0):
 PSYoungGen      total 17920K, used 2551K [0x00000000eab00000, 0x00000000ece00000, 0x0000000100000000)
  eden space 15360K, 0% used [0x00000000eab00000,0x00000000eab00000,0x00000000eba00000)
  from space 2560K, 99% used [0x00000000eba00000,0x00000000ebc7dc78,0x00000000ebc80000)
  to   space 2560K, 0% used [0x00000000ecb80000,0x00000000ecb80000,0x00000000ece00000)
 ParOldGen       total 40960K, used 1373K [0x00000000c0000000, 0x00000000c2800000, 0x00000000eab00000)
  object space 40960K, 3% used [0x00000000c0000000,0x00000000c01576d8,0x00000000c2800000)
 Metaspace       used 5689K, capacity 6584K, committed 6784K, reserved 1056768K
  class space    used 608K, capacity 624K, committed 640K, reserved 1048576K
}
Event: 6.967 GC heap before
{Heap before GC invocations=2 (full 0):
 PSYoungGen      total 17920K, used 17911K [0x00000000eab00000, 0x00000000ece00000, 0x0000000100000000)
  eden space 15360K, 100% used [0x00000000eab00000,0x00000000eba00000,0x00000000eba00000)
  from space 2560K, 99% used [0x00000000eba00000,0x00000000ebc7dc78,0x00000000ebc80000)
  to   space 2560K, 0% used [0x00000000ecb80000,0x00000000ecb80000,0x00000000ece00000)
 ParOldGen       total 40960K, used 1373K [0x00000000c0000000, 0x00000000c2800000, 0x00000000eab00000)
  object space 40960K, 3% used [0x00000000c0000000,0x00000000c01576d8,0x00000000c2800000)
 Metaspace       used 5864K, capacity 6776K, committed 7040K, reserved 1056768K
  class space    used 610K, capacity 624K, committed 640K, reserved 1048576K
Event: 7.444 GC heap after
Heap after GC invocations=2 (full 0):
 PSYoungGen      total 33280K, used 2531K [0x00000000eab00000, 0x00000000ece00000, 0x0000000100000000)
  eden space 30720K, 0% used [0x00000000eab00000,0x00000000eab00000,0x00000000ec900000)
  from space 2560K, 98% used [0x00000000ecb80000,0x00000000ecdf8e30,0x00000000ece00000)
  to   space 2560K, 0% used [0x00000000ec900000,0x00000000ec900000,0x00000000ecb80000)
 ParOldGen       total 40960K, used 3867K [0x00000000c0000000, 0x00000000c2800000, 0x00000000eab00000)
  object space 40960K, 9% used [0x00000000c0000000,0x00000000c03c6d30,0x00000000c2800000)
 Metaspace       used 5864K, capacity 6776K, committed 7040K, reserved 1056768K
  class space    used 610K, capacity 624K, committed 640K, reserved 1048576K
}
Event: 10.923 GC heap before
{Heap before GC invocations=3 (full 0):
 PSYoungGen      total 33280K, used 33251K [0x00000000eab00000, 0x00000000ece00000, 0x0000000100000000)
  eden space 30720K, 100% used [0x00000000eab00000,0x00000000ec900000,0x00000000ec900000)
  from space 2560K, 98% used [0x00000000ecb80000,0x00000000ecdf8e30,0x00000000ece00000)
  to   space 2560K, 0% used [0x00000000ec900000,0x00000000ec900000,0x00000000ecb80000)
 ParOldGen       total 40960K, used 3867K [0x00000000c0000000, 0x00000000c2800000, 0x00000000eab00000)
  object space 40960K, 9% used [0x00000000c0000000,0x00000000c03c6d30,0x00000000c2800000)
 Metaspace       used 5998K, capacity 6808K, committed 7168K, reserved 1056768K
  class space    used 629K, capacity 656K, committed 768K, reserved 1048576K
Event: 10.979 GC heap after
Heap after GC invocations=3 (full 0):
 PSYoungGen      total 33280K, used 2549K [0x00000000eab00000, 0x00000000eec00000, 0x0000000100000000)
  eden space 30720K, 0% used [0x00000000eab00000,0x00000000eab00000,0x00000000ec900000)
  from space 2560K, 99% used [0x00000000ec900000,0x00000000ecb7d6c8,0x00000000ecb80000)
  to   space 2560K, 0% used [0x00000000ee980000,0x00000000ee980000,0x00000000eec00000)
 ParOldGen       total 40960K, used 7866K [0x00000000c0000000, 0x00000000c2800000, 0x00000000eab00000)
  object space 40960K, 19% used [0x00000000c0000000,0x00000000c07ae8a8,0x00000000c2800000)
 Metaspace       used 5998K, capacity 6808K, committed 7168K, reserved 1056768K
  class space    used 629K, capacity 656K, committed 768K, reserved 1048576K
}
Event: 11.723 GC heap before
{Heap before GC invocations=4 (full 0):
 PSYoungGen      total 33280K, used 33269K [0x00000000eab00000, 0x00000000eec00000, 0x0000000100000000)
  eden space 30720K, 100% used [0x00000000eab00000,0x00000000ec900000,0x00000000ec900000)
  from space 2560K, 99% used [0x00000000ec900000,0x00000000ecb7d6c8,0x00000000ecb80000)
  to   space 2560K, 0% used [0x00000000ee980000,0x00000000ee980000,0x00000000eec00000)
 ParOldGen       total 40960K, used 7866K [0x00000000c0000000, 0x00000000c2800000, 0x00000000eab00000)
  object space 40960K, 19% used [0x00000000c0000000,0x00000000c07ae8a8,0x00000000c2800000)
 Metaspace       used 6078K, capacity 6936K, committed 7168K, reserved 1056768K
  class space    used 629K, capacity 656K, committed 768K, reserved 1048576K
Event: 11.805 GC heap after
Heap after GC invocations=4 (full 0):
 PSYoungGen      total 64000K, used 2552K [0x00000000eab00000, 0x00000000eec00000, 0x0000000100000000)
  eden space 61440K, 0% used [0x00000000eab00000,0x00000000eab00000,0x00000000ee700000)
  from space 2560K, 99% used [0x00000000ee980000,0x00000000eebfe100,0x00000000eec00000)
  to   space 2560K, 0% used [0x00000000ee700000,0x00000000ee700000,0x00000000ee980000)
 ParOldGen       total 40960K, used 12166K [0x00000000c0000000, 0x00000000c2800000, 0x00000000eab00000)
  object space 40960K, 29% used [0x00000000c0000000,0x00000000c0be1a50,0x00000000c2800000)
 Metaspace       used 6078K, capacity 6936K, committed 7168K, reserved 1056768K
  class space    used 629K, capacity 656K, committed 768K, reserved 1048576K
}
Event: 12.968 GC heap before
{Heap before GC invocations=5 (full 0):
 PSYoungGen      total 64000K, used 63992K [0x00000000eab00000, 0x00000000eec00000, 0x0000000100000000)
  eden space 61440K, 100% used [0x00000000eab00000,0x00000000ee700000,0x00000000ee700000)
  from space 2560K, 99% used [0x00000000ee980000,0x00000000eebfe100,0x00000000eec00000)
  to   space 2560K, 0% used [0x00000000ee700000,0x00000000ee700000,0x00000000ee980000)
 ParOldGen       total 40960K, used 12166K [0x00000000c0000000, 0x00000000c2800000, 0x00000000eab00000)
  object space 40960K, 29% used [0x00000000c0000000,0x00000000c0be1a50,0x00000000c2800000)
 Metaspace       used 6138K, capacity 6936K, committed 7168K, reserved 1056768K
  class space    used 631K, capacity 656K, committed 768K, reserved 1048576K

Deoptimization events (10 events):
Event: 9.999 Thread 0x00007f51e4182800 Uncommon trap: reason=bimorphic action=maybe_recompile pc=0x00007f51d521ccc8 method=java.util.HashMap.getNode(ILjava/lang/Object;)Ljava/util/HashMap$Node; @ 126
Event: 10.000 Thread 0x00007f51e4182800 Uncommon trap: reason=bimorphic action=maybe_recompile pc=0x00007f51d521ccc8 method=java.util.HashMap.getNode(ILjava/lang/Object;)Ljava/util/HashMap$Node; @ 126
Event: 10.236 Thread 0x00007f51e4176800 Uncommon trap: reason=null_check action=make_not_entrant pc=0x00007f51d52af308 method=com.android.dx.ssa.SsaRenamer.getLocalForNewReg(I)Lcom/android/dx/rop/code/LocalItem; @ 19
Event: 10.236 Thread 0x00007f51e4176800 Uncommon trap: reason=null_check action=make_not_entrant pc=0x00007f51d52b6cd8 method=com.android.dx.ssa.SsaRenamer.getLocalForNewReg(I)Lcom/android/dx/rop/code/LocalItem; @ 19
Event: 10.383 Thread 0x00007f51e400a000 Uncommon trap: reason=unstable_if action=reinterpret pc=0x00007f51d5213db8 method=java.util.HashMap.getNode(ILjava/lang/Object;)Ljava/util/HashMap$Node; @ 84
Event: 10.387 Thread 0x00007f51e416f000 Uncommon trap: reason=unstable_if action=reinterpret pc=0x00007f51d52ce740 method=com.android.dx.rop.code.RegisterSpec.equals(ILcom/android/dx/rop/type/TypeBearer;Lcom/android/dx/rop/code/LocalItem;)Z @ 42
Event: 10.597 Thread 0x00007f51e416f000 Uncommon trap: reason=bimorphic action=maybe_recompile pc=0x00007f51d521ccc8 method=java.util.HashMap.getNode(ILjava/lang/Object;)Ljava/util/HashMap$Node; @ 126
Event: 10.831 Thread 0x00007f51e416f000 Uncommon trap: reason=unstable_if action=reinterpret pc=0x00007f51d52be3b8 method=com.android.dx.rop.code.LocalItem.hashCode()I @ 25
Event: 11.289 Thread 0x00007f51e400a000 Uncommon trap: reason=unstable_if action=reinterpret pc=0x00007f51d52fe6cc method=com.android.dx.rop.code.LocalItem.hashCode()I @ 25
Event: 11.447 Thread 0x00007f51e4176800 Uncommon trap: reason=unstable_if action=reinterpret pc=0x00007f51d53b92b4 method=com.android.dx.rop.code.LocalItem.hashCode()I @ 25

Internal exceptions (7 events):
Event: 0.132 Thread 0x00007f51e400a000 Exception <a 'java/lang/NoSuchMethodError': Method sun.misc.Unsafe.defineClass(Ljava/lang/String;[BII)Ljava/lang/Class; name or signature does not match> (0x00000000eab07c78) thrown at [/HUDSON3/workspace/8-2-build-linux-amd64/jdk8u111/7883/hotspot/src/sh
Event: 0.132 Thread 0x00007f51e400a000 Exception <a 'java/lang/NoSuchMethodError': Method sun.misc.Unsafe.prefetchRead(Ljava/lang/Object;J)V name or signature does not match> (0x00000000eab07f60) thrown at [/HUDSON3/workspace/8-2-build-linux-amd64/jdk8u111/7883/hotspot/src/share/vm/prims/jni.c
Event: 10.236 Thread 0x00007f51e4176800 Implicit null exception at 0x00007f51d52acff0 to 0x00007f51d52af2c1
Event: 10.236 Thread 0x00007f51e4176800 Implicit null exception at 0x00007f51d52b49eb to 0x00007f51d52b6cb5
Event: 10.360 Thread 0x00007f51e4182800 Exception <a 'java/lang/ArrayIndexOutOfBoundsException': 18> (0x00000000eb68e800) thrown at [/HUDSON3/workspace/8-2-build-linux-amd64/jdk8u111/7883/hotspot/src/share/vm/interpreter/interpreterRuntime.cpp, line 366]
Event: 10.361 Thread 0x00007f51e4182800 Exception <a 'java/lang/ArrayIndexOutOfBoundsException': 145> (0x00000000eb690380) thrown at [/HUDSON3/workspace/8-2-build-linux-amd64/jdk8u111/7883/hotspot/src/share/vm/interpreter/interpreterRuntime.cpp, line 366]
Event: 10.380 Thread 0x00007f51e4182800 Exception <a 'java/lang/ArrayIndexOutOfBoundsException': 40> (0x00000000eb691668) thrown at [/HUDSON3/workspace/8-2-build-linux-amd64/jdk8u111/7883/hotspot/src/share/vm/interpreter/interpreterRuntime.cpp, line 366]

Events (10 events):
Event: 12.622 Thread 0x00007f51e416f000 DEOPT PACKING pc=0x00007f51d536c72c sp=0x00007f51d072afa0
Event: 12.622 Thread 0x00007f51e416f000 DEOPT UNPACKING pc=0x00007f51d5047633 sp=0x00007f51d072acb0 mode 0
Event: 12.774 Thread 0x00007f51e416f000 DEOPT PACKING pc=0x00007f51d5211039 sp=0x00007f51d072aec0
Event: 12.775 Thread 0x00007f51e416f000 DEOPT UNPACKING pc=0x00007f51d5047633 sp=0x00007f51d072ac10 mode 0
Event: 12.899 Thread 0x00007f51e4183800 DEOPT PACKING pc=0x00007f51d53ee19f sp=0x00007f51d0326e60
Event: 12.899 Thread 0x00007f51e4183800 DEOPT UNPACKING pc=0x00007f51d5047633 sp=0x00007f51d0326bf8 mode 0
Event: 12.902 Thread 0x00007f51e4183800 DEOPT PACKING pc=0x00007f51d53d92e2 sp=0x00007f51d0326f10
Event: 12.902 Thread 0x00007f51e4183800 DEOPT UNPACKING pc=0x00007f51d5047633 sp=0x00007f51d0326d10 mode 0
Event: 12.906 Thread 0x00007f51e4182800 Thread exited: 0x00007f51e4182800
Event: 12.958 Executing VM operation: ParallelGCFailedAllocation


Dynamic libraries:
00400000-00401000 r-xp 00000000 08:06 8536111                            /usr/lib/jvm/java-8-oracle/bin/java
00600000-00601000 rw-p 00000000 08:06 8536111                            /usr/lib/jvm/java-8-oracle/bin/java
01a39000-01a5a000 rw-p 00000000 00:00 0                                  [heap]
c0000000-c2800000 rw-p 00000000 00:00 0 
c2800000-eab00000 ---p 00000000 00:00 0 
eab00000-eec00000 rw-p 00000000 00:00 0 
f3900000-100000000 ---p 00000000 00:00 0 
100000000-1000c0000 rw-p 00000000 00:00 0 
1000c0000-140000000 ---p 00000000 00:00 0 
7f5184000000-7f5184021000 rw-p 00000000 00:00 0 
7f5184021000-7f5188000000 ---p 00000000 00:00 0 
7f518c000000-7f518c021000 rw-p 00000000 00:00 0 
7f518c021000-7f5190000000 ---p 00000000 00:00 0 
7f5190000000-7f519002a000 rw-p 00000000 00:00 0 
7f519002a000-7f5194000000 ---p 00000000 00:00 0 
7f5194000000-7f5194021000 rw-p 00000000 00:00 0 
7f5194021000-7f5198000000 ---p 00000000 00:00 0 
7f5198000000-7f519804f000 rw-p 00000000 00:00 0 
7f519804f000-7f519c000000 ---p 00000000 00:00 0 
7f519c000000-7f519c021000 rw-p 00000000 00:00 0 
7f519c021000-7f51a0000000 ---p 00000000 00:00 0 
7f51a0000000-7f51a0021000 rw-p 00000000 00:00 0 
7f51a0021000-7f51a4000000 ---p 00000000 00:00 0 
7f51a4000000-7f51a46de000 rw-p 00000000 00:00 0 
7f51a46de000-7f51a8000000 ---p 00000000 00:00 0 
7f51a8000000-7f51a899b000 rw-p 00000000 00:00 0 
7f51a899b000-7f51ac000000 ---p 00000000 00:00 0 
7f51ac000000-7f51ac021000 rw-p 00000000 00:00 0 
7f51ac021000-7f51b0000000 ---p 00000000 00:00 0 
7f51b0000000-7f51b0a9a000 rw-p 00000000 00:00 0 
7f51b0a9a000-7f51b4000000 ---p 00000000 00:00 0 
7f51b4000000-7f51b4021000 rw-p 00000000 00:00 0 
7f51b4021000-7f51b8000000 ---p 00000000 00:00 0 
7f51b8000000-7f51b8021000 rw-p 00000000 00:00 0 
7f51b8021000-7f51bc000000 ---p 00000000 00:00 0 
7f51bc000000-7f51bc021000 rw-p 00000000 00:00 0 
7f51bc021000-7f51c0000000 ---p 00000000 00:00 0 
7f51c0000000-7f51c0295000 rw-p 00000000 00:00 0 
7f51c0295000-7f51c4000000 ---p 00000000 00:00 0 
7f51c4000000-7f51c4021000 rw-p 00000000 00:00 0 
7f51c4021000-7f51c8000000 ---p 00000000 00:00 0 
7f51c8000000-7f51c8021000 rw-p 00000000 00:00 0 
7f51c8021000-7f51cc000000 ---p 00000000 00:00 0 
7f51cc000000-7f51cc021000 rw-p 00000000 00:00 0 
7f51cc021000-7f51d0000000 ---p 00000000 00:00 0 
7f51d0228000-7f51d022b000 ---p 00000000 00:00 0 
7f51d022b000-7f51d0329000 rw-p 00000000 00:00 0                          [stack:13233]
7f51d0329000-7f51d032c000 ---p 00000000 00:00 0 
7f51d032c000-7f51d042a000 rw-p 00000000 00:00 0 
7f51d042a000-7f51d042d000 ---p 00000000 00:00 0 
7f51d042d000-7f51d052b000 rw-p 00000000 00:00 0                          [stack:13231]
7f51d052b000-7f51d052e000 ---p 00000000 00:00 0 
7f51d052e000-7f51d062c000 rw-p 00000000 00:00 0                          [stack:13223]
7f51d062c000-7f51d062f000 ---p 00000000 00:00 0 
7f51d062f000-7f51d072d000 rw-p 00000000 00:00 0                          [stack:13222]
7f51d072d000-7f51d072e000 ---p 00000000 00:00 0 
7f51d072e000-7f51d082e000 rw-p 00000000 00:00 0                          [stack:13209]
7f51d082e000-7f51d0831000 ---p 00000000 00:00 0 
7f51d0831000-7f51d092f000 rw-p 00000000 00:00 0                          [stack:13202]
7f51d092f000-7f51d0932000 ---p 00000000 00:00 0 
7f51d0932000-7f51d0a30000 rw-p 00000000 00:00 0                          [stack:13199]
7f51d0a30000-7f51d0a33000 ---p 00000000 00:00 0 
7f51d0a33000-7f51d0b31000 rw-p 00000000 00:00 0                          [stack:13196]
7f51d0b31000-7f51d0b34000 ---p 00000000 00:00 0 
7f51d0b34000-7f51d0c32000 rw-p 00000000 00:00 0                          [stack:13194]
7f51d0c32000-7f51d0c35000 ---p 00000000 00:00 0 
7f51d0c35000-7f51d0d33000 rw-p 00000000 00:00 0                          [stack:13190]
7f51d0d33000-7f51d1416000 r--p 00000000 08:06 8133444                    /usr/lib/locale/locale-archive
7f51d1416000-7f51d1419000 ---p 00000000 00:00 0 
7f51d1419000-7f51d1517000 rw-p 00000000 00:00 0                          [stack:13188]
7f51d1517000-7f51d151a000 ---p 00000000 00:00 0 
7f51d151a000-7f51d1618000 rw-p 00000000 00:00 0                          [stack:13185]
7f51d1618000-7f51d1619000 ---p 00000000 00:00 0 
7f51d1619000-7f51d2628000 rw-p 00000000 00:00 0                          [stack:13181]
7f51d2628000-7f51d2800000 r--s 03d2a000 08:06 8133175                    /usr/lib/jvm/java-8-oracle/jre/lib/rt.jar
7f51d2800000-7f51d2e40000 rw-p 00000000 00:00 0 
7f51d2e40000-7f51d3000000 ---p 00000000 00:00 0 
7f51d3000000-7f51d5000000 rw-p 00000000 00:00 0 
7f51d5000000-7f51d54e0000 rwxp 00000000 00:00 0 
7f51d54e0000-7f51e4000000 ---p 00000000 00:00 0 
7f51e4000000-7f51e4396000 rw-p 00000000 00:00 0 
7f51e4396000-7f51e8000000 ---p 00000000 00:00 0 
7f51e8005000-7f51e8013000 r--s 000e0000 08:06 8275328                    /home/buddhikajay/Programs/android-sdk-linux/build-tools/24.0.2/lib/dx.jar
7f51e8013000-7f51e832e000 rw-p 00000000 00:00 0 
7f51e832e000-7f51e832f000 ---p 00000000 00:00 0 
7f51e832f000-7f51e842f000 rw-p 00000000 00:00 0                          [stack:13174]
7f51e842f000-7f51e8430000 ---p 00000000 00:00 0 
7f51e8430000-7f51e8530000 rw-p 00000000 00:00 0                          [stack:13169]
7f51e8530000-7f51e8531000 ---p 00000000 00:00 0 
7f51e8531000-7f51e8631000 rw-p 00000000 00:00 0                          [stack:13167]
7f51e8631000-7f51e8632000 ---p 00000000 00:00 0 
7f51e8632000-7f51e8746000 rw-p 00000000 00:00 0                          [stack:13166]
7f51e8746000-7f51e8888000 ---p 00000000 00:00 0 
7f51e8888000-7f51e889c000 rw-p 00000000 00:00 0 
7f51e889c000-7f51e89dd000 ---p 00000000 00:00 0 
7f51e89dd000-7f51e89fe000 rw-p 00000000 00:00 0 
7f51e89fe000-7f51e8a88000 ---p 00000000 00:00 0 
7f51e8a88000-7f51e8a9d000 rw-p 00000000 00:00 0 
7f51e8a9d000-7f51e8e49000 ---p 00000000 00:00 0 
7f51e8e49000-7f51e8e63000 r-xp 00000000 08:06 8131814                    /usr/lib/jvm/java-8-oracle/jre/lib/amd64/libzip.so
7f51e8e63000-7f51e9063000 ---p 0001a000 08:06 8131814                    /usr/lib/jvm/java-8-oracle/jre/lib/amd64/libzip.so
7f51e9063000-7f51e9064000 rw-p 0001a000 08:06 8131814                    /usr/lib/jvm/java-8-oracle/jre/lib/amd64/libzip.so
7f51e9064000-7f51e906e000 r-xp 00000000 08:06 11011029                   /lib/x86_64-linux-gnu/libnss_files-2.19.so
7f51e906e000-7f51e926d000 ---p 0000a000 08:06 11011029                   /lib/x86_64-linux-gnu/libnss_files-2.19.so
7f51e926d000-7f51e926e000 r--p 00009000 08:06 11011029                   /lib/x86_64-linux-gnu/libnss_files-2.19.so
7f51e926e000-7f51e926f000 rw-p 0000a000 08:06 11011029                   /lib/x86_64-linux-gnu/libnss_files-2.19.so
7f51e926f000-7f51e927a000 r-xp 00000000 08:06 11010145                   /lib/x86_64-linux-gnu/libnss_nis-2.19.so
7f51e927a000-7f51e9479000 ---p 0000b000 08:06 11010145                   /lib/x86_64-linux-gnu/libnss_nis-2.19.so
7f51e9479000-7f51e947a000 r--p 0000a000 08:06 11010145                   /lib/x86_64-linux-gnu/libnss_nis-2.19.so
7f51e947a000-7f51e947b000 rw-p 0000b000 08:06 11010145                   /lib/x86_64-linux-gnu/libnss_nis-2.19.so
7f51e947b000-7f51e9492000 r-xp 00000000 08:06 11010141                   /lib/x86_64-linux-gnu/libnsl-2.19.so
7f51e9492000-7f51e9691000 ---p 00017000 08:06 11010141                   /lib/x86_64-linux-gnu/libnsl-2.19.so
7f51e9691000-7f51e9692000 r--p 00016000 08:06 11010141                   /lib/x86_64-linux-gnu/libnsl-2.19.so
7f51e9692000-7f51e9693000 rw-p 00017000 08:06 11010141                   /lib/x86_64-linux-gnu/libnsl-2.19.so
7f51e9693000-7f51e9695000 rw-p 00000000 00:00 0 
7f51e9695000-7f51e969e000 r-xp 00000000 08:06 11010140                   /lib/x86_64-linux-gnu/libnss_compat-2.19.so
7f51e969e000-7f51e989d000 ---p 00009000 08:06 11010140                   /lib/x86_64-linux-gnu/libnss_compat-2.19.so
7f51e989d000-7f51e989e000 r--p 00008000 08:06 11010140                   /lib/x86_64-linux-gnu/libnss_compat-2.19.so
7f51e989e000-7f51e989f000 rw-p 00009000 08:06 11010140                   /lib/x86_64-linux-gnu/libnss_compat-2.19.so
7f51e989f000-7f51e98ca000 r-xp 00000000 08:06 8133085                    /usr/lib/jvm/java-8-oracle/jre/lib/amd64/libjava.so
7f51e98ca000-7f51e9ac9000 ---p 0002b000 08:06 8133085                    /usr/lib/jvm/java-8-oracle/jre/lib/amd64/libjava.so
7f51e9ac9000-7f51e9acb000 rw-p 0002a000 08:06 8133085                    /usr/lib/jvm/java-8-oracle/jre/lib/amd64/libjava.so
7f51e9acb000-7f51e9ad8000 r-xp 00000000 08:06 8131842                    /usr/lib/jvm/java-8-oracle/jre/lib/amd64/libverify.so
7f51e9ad8000-7f51e9cd7000 ---p 0000d000 08:06 8131842                    /usr/lib/jvm/java-8-oracle/jre/lib/amd64/libverify.so
7f51e9cd7000-7f51e9cd9000 rw-p 0000c000 08:06 8131842                    /usr/lib/jvm/java-8-oracle/jre/lib/amd64/libverify.so
7f51e9cd9000-7f51e9ce0000 r-xp 00000000 08:06 11010149                   /lib/x86_64-linux-gnu/librt-2.19.so
7f51e9ce0000-7f51e9edf000 ---p 00007000 08:06 11010149                   /lib/x86_64-linux-gnu/librt-2.19.so
7f51e9edf000-7f51e9ee0000 r--p 00006000 08:06 11010149                   /lib/x86_64-linux-gnu/librt-2.19.so
7f51e9ee0000-7f51e9ee1000 rw-p 00007000 08:06 11010149                   /lib/x86_64-linux-gnu/librt-2.19.so
7f51e9ee1000-7f51e9fe6000 r-xp 00000000 08:06 11010077                   /lib/x86_64-linux-gnu/libm-2.19.so
7f51e9fe6000-7f51ea1e5000 ---p 00105000 08:06 11010077                   /lib/x86_64-linux-gnu/libm-2.19.so
7f51ea1e5000-7f51ea1e6000 r--p 00104000 08:06 11010077                   /lib/x86_64-linux-gnu/libm-2.19.so
7f51ea1e6000-7f51ea1e7000 rw-p 00105000 08:06 11010077                   /lib/x86_64-linux-gnu/libm-2.19.so
7f51ea1e7000-7f51eaeb4000 r-xp 00000000 08:06 8131821                    /usr/lib/jvm/java-8-oracle/jre/lib/amd64/server/libjvm.so
7f51eaeb4000-7f51eb0b3000 ---p 00ccd000 08:06 8131821                    /usr/lib/jvm/java-8-oracle/jre/lib/amd64/server/libjvm.so
7f51eb0b3000-7f51eb18c000 rw-p 00ccc000 08:06 8131821                    /usr/lib/jvm/java-8-oracle/jre/lib/amd64/server/libjvm.so
7f51eb18c000-7f51eb1d7000 rw-p 00000000 00:00 0 
7f51eb1d7000-7f51eb391000 r-xp 00000000 08:06 11010150                   /lib/x86_64-linux-gnu/libc-2.19.so
7f51eb391000-7f51eb591000 ---p 001ba000 08:06 11010150                   /lib/x86_64-linux-gnu/libc-2.19.so
7f51eb591000-7f51eb595000 r--p 001ba000 08:06 11010150                   /lib/x86_64-linux-gnu/libc-2.19.so
7f51eb595000-7f51eb597000 rw-p 001be000 08:06 11010150                   /lib/x86_64-linux-gnu/libc-2.19.so
7f51eb597000-7f51eb59c000 rw-p 00000000 00:00 0 
7f51eb59c000-7f51eb59f000 r-xp 00000000 08:06 11010137                   /lib/x86_64-linux-gnu/libdl-2.19.so
7f51eb59f000-7f51eb79e000 ---p 00003000 08:06 11010137                   /lib/x86_64-linux-gnu/libdl-2.19.so
7f51eb79e000-7f51eb79f000 r--p 00002000 08:06 11010137                   /lib/x86_64-linux-gnu/libdl-2.19.so
7f51eb79f000-7f51eb7a0000 rw-p 00003000 08:06 11010137                   /lib/x86_64-linux-gnu/libdl-2.19.so
7f51eb7a0000-7f51eb7b5000 r-xp 00000000 08:06 8925255                    /usr/lib/jvm/java-8-oracle/lib/amd64/jli/libjli.so
7f51eb7b5000-7f51eb9b5000 ---p 00015000 08:06 8925255                    /usr/lib/jvm/java-8-oracle/lib/amd64/jli/libjli.so
7f51eb9b5000-7f51eb9b6000 rw-p 00015000 08:06 8925255                    /usr/lib/jvm/java-8-oracle/lib/amd64/jli/libjli.so
7f51eb9b6000-7f51eb9cf000 r-xp 00000000 08:06 11010142                   /lib/x86_64-linux-gnu/libpthread-2.19.so
7f51eb9cf000-7f51ebbce000 ---p 00019000 08:06 11010142                   /lib/x86_64-linux-gnu/libpthread-2.19.so
7f51ebbce000-7f51ebbcf000 r--p 00018000 08:06 11010142                   /lib/x86_64-linux-gnu/libpthread-2.19.so
7f51ebbcf000-7f51ebbd0000 rw-p 00019000 08:06 11010142                   /lib/x86_64-linux-gnu/libpthread-2.19.so
7f51ebbd0000-7f51ebbd4000 rw-p 00000000 00:00 0 
7f51ebbd4000-7f51ebbf7000 r-xp 00000000 08:06 11010143                   /lib/x86_64-linux-gnu/ld-2.19.so
7f51ebbfe000-7f51ebcd0000 rw-p 00000000 00:00 0 
7f51ebcd0000-7f51ebcd3000 ---p 00000000 00:00 0 
7f51ebcd3000-7f51ebdea000 rw-p 00000000 00:00 0                          [stack:13150]
7f51ebdea000-7f51ebdf2000 rw-s 00000000 08:06 14176431                   /tmp/hsperfdata_buddhikajay/13144
7f51ebdf2000-7f51ebdf3000 rw-p 00000000 00:00 0 
7f51ebdf3000-7f51ebdf4000 ---p 00000000 00:00 0 
7f51ebdf4000-7f51ebdf6000 rw-p 00000000 00:00 0 
7f51ebdf6000-7f51ebdf7000 r--p 00022000 08:06 11010143                   /lib/x86_64-linux-gnu/ld-2.19.so
7f51ebdf7000-7f51ebdf8000 rw-p 00023000 08:06 11010143                   /lib/x86_64-linux-gnu/ld-2.19.so
7f51ebdf8000-7f51ebdf9000 rw-p 00000000 00:00 0 
7ffe514d3000-7ffe514f4000 rw-p 00000000 00:00 0                          [stack]
7ffe515a7000-7ffe515a9000 r-xp 00000000 00:00 0                          [vdso]
ffffffffff600000-ffffffffff601000 r-xp 00000000 00:00 0                  [vsyscall]

VM Arguments:
jvm_args: -Djava.awt.headless=true -Xmx1024M -Dfile.encoding=UTF-8 -Duser.country=US -Duser.language=en -Duser.variant 
java_command: com.android.dx.command.Main --dex --force-jumbo --num-threads=4 --multi-dex --output /home/buddhikajay/Documents/Programming/Paymedia/bankDepositApp/app/build/intermediates/transforms/dex/debug/folders/1000/10/com.android.support-support-core-ui-24.2.0_2a159d7fc15f8b0a030f1b16f0cb397dde7aa396 /home/buddhikajay/Documents/Programming/Paymedia/bankDepositApp/app/build/intermediates/exploded-aar/com.android.support/support-core-ui/24.2.0/jars/classes.jar
java_class_path (initial): /home/buddhikajay/Programs/android-sdk-linux/build-tools/24.0.2/lib/dx.jar
Launcher Type: SUN_STANDARD

Environment Variables:
JAVA_HOME=/usr/lib/jvm/java-8-oracle
PATH=/home/buddhikajay/Programs/gradle-3.1/bin:/home/buddhikajay/Programs/apache-maven-3.3.9/bin:/home/buddhikajay/bin:/usr/local/sbin:/usr/local/bin:/usr/sbin:/usr/bin:/sbin:/bin:/usr/games:/usr/local/games:/usr/lib/jvm/java-8-oracle/bin:/usr/lib/jvm/java-8-oracle/db/bin:/usr/lib/jvm/java-8-oracle/jre/bin
LD_LIBRARY_PATH=/home/buddhikajay/Programs/android-studio/bin:
SHELL=/bin/bash
DISPLAY=:0

Signal Handlers:
SIGSEGV: [libjvm.so+0xac64b0], sa_mask[0]=11111111011111111101111111111110, sa_flags=SA_RESTART|SA_SIGINFO
SIGBUS: [libjvm.so+0xac64b0], sa_mask[0]=11111111011111111101111111111110, sa_flags=SA_RESTART|SA_SIGINFO
SIGFPE: [libjvm.so+0x91f950], sa_mask[0]=11111111011111111101111111111110, sa_flags=SA_RESTART|SA_SIGINFO
SIGPIPE: [libjvm.so+0x91f950], sa_mask[0]=11111111011111111101111111111110, sa_flags=SA_RESTART|SA_SIGINFO
SIGXFSZ: [libjvm.so+0x91f950], sa_mask[0]=11111111011111111101111111111110, sa_flags=SA_RESTART|SA_SIGINFO
SIGILL: [libjvm.so+0x91f950], sa_mask[0]=11111111011111111101111111111110, sa_flags=SA_RESTART|SA_SIGINFO
SIGUSR1: SIG_DFL, sa_mask[0]=00000000000000000000000000000000, sa_flags=none
SIGUSR2: [libjvm.so+0x920f80], sa_mask[0]=00100000000000000000000000000000, sa_flags=SA_RESTART|SA_SIGINFO
SIGHUP: [libjvm.so+0x922380], sa_mask[0]=11111111011111111101111111111110, sa_flags=SA_RESTART|SA_SIGINFO
SIGINT: [libjvm.so+0x922380], sa_mask[0]=11111111011111111101111111111110, sa_flags=SA_RESTART|SA_SIGINFO
SIGTERM: [libjvm.so+0x922380], sa_mask[0]=11111111011111111101111111111110, sa_flags=SA_RESTART|SA_SIGINFO
SIGQUIT: [libjvm.so+0x922380], sa_mask[0]=11111111011111111101111111111110, sa_flags=SA_RESTART|SA_SIGINFO


---------------  S Y S T E M  ---------------

OS:DISTRIB_ID=Ubuntu
DISTRIB_RELEASE=14.04
DISTRIB_CODENAME=trusty
DISTRIB_DESCRIPTION="Ubuntu 14.04.5 LTS"

uname:Linux 3.13.0-106-generic #153-Ubuntu SMP Tue Dec 6 15:44:32 UTC 2016 x86_64
libc:glibc 2.19 NPTL 2.19 
rlimit: STACK 8192k, CORE 0k, NPROC 30327, NOFILE 4096, AS infinity
load average:7.52 2.68 1.97

/proc/meminfo:
MemTotal:        3903588 kB
MemFree:           87488 kB
Buffers:             556 kB
Cached:           383140 kB
SwapCached:        32076 kB
Active:          2563756 kB
Inactive:        1045584 kB
Active(anon):    2560804 kB
Inactive(anon):  1021288 kB
Active(file):       2952 kB
Inactive(file):    24296 kB
Unevictable:         240 kB
Mlocked:             240 kB
SwapTotal:       1951740 kB
SwapFree:             24 kB
Dirty:               216 kB
Writeback:             0 kB
AnonPages:       3196144 kB
Mapped:            50564 kB
Shmem:            356168 kB
Slab:              87384 kB
SReclaimable:      40808 kB
SUnreclaim:        46576 kB
KernelStack:        7616 kB
PageTables:        55000 kB
NFS_Unstable:          0 kB
Bounce:                0 kB
WritebackTmp:          0 kB
CommitLimit:     3903532 kB
Committed_AS:   10705820 kB
VmallocTotal:   34359738367 kB
VmallocUsed:      348232 kB
VmallocChunk:   34359378940 kB
HardwareCorrupted:     0 kB
AnonHugePages:    776192 kB
HugePages_Total:       0
HugePages_Free:        0
HugePages_Rsvd:        0
HugePages_Surp:        0
Hugepagesize:       2048 kB
DirectMap4k:       85388 kB
DirectMap2M:     3964928 kB


CPU:total 4 (2 cores per cpu, 2 threads per core) family 6 model 58 stepping 9, cmov, cx8, fxsr, mmx, sse, sse2, sse3, ssse3, sse4.1, sse4.2, popcnt, avx, aes, clmul, erms, ht, tsc, tscinvbit, tscinv

/proc/cpuinfo:
processor	: 0
vendor_id	: GenuineIntel
cpu family	: 6
model		: 58
model name	: Intel(R) Core(TM) i5-3210M CPU @ 2.50GHz
stepping	: 9
microcode	: 0x15
cpu MHz		: 2501.000
cache size	: 3072 KB
physical id	: 0
siblings	: 4
core id		: 0
cpu cores	: 2
apicid		: 0
initial apicid	: 0
fpu		: yes
fpu_exception	: yes
cpuid level	: 13
wp		: yes
flags		: fpu vme de pse tsc msr pae mce cx8 apic sep mtrr pge mca cmov pat pse36 clflush dts acpi mmx fxsr sse sse2 ss ht tm pbe syscall nx rdtscp lm constant_tsc arch_perfmon pebs bts rep_good nopl xtopology nonstop_tsc aperfmperf eagerfpu pni pclmulqdq dtes64 monitor ds_cpl vmx est tm2 ssse3 cx16 xtpr pdcm pcid sse4_1 sse4_2 x2apic popcnt tsc_deadline_timer aes xsave avx f16c rdrand lahf_lm ida arat epb xsaveopt pln pts dtherm tpr_shadow vnmi flexpriority ept vpid fsgsbase smep erms
bogomips	: 4988.90
clflush size	: 64
cache_alignment	: 64
address sizes	: 36 bits physical, 48 bits virtual
power management:

processor	: 1
vendor_id	: GenuineIntel
cpu family	: 6
model		: 58
model name	: Intel(R) Core(TM) i5-3210M CPU @ 2.50GHz
stepping	: 9
microcode	: 0x15
cpu MHz		: 2501.000
cache size	: 3072 KB
physical id	: 0
siblings	: 4
core id		: 0
cpu cores	: 2
apicid		: 1
initial apicid	: 1
fpu		: yes
fpu_exception	: yes
cpuid level	: 13
wp		: yes
flags		: fpu vme de pse tsc msr pae mce cx8 apic sep mtrr pge mca cmov pat pse36 clflush dts acpi mmx fxsr sse sse2 ss ht tm pbe syscall nx rdtscp lm constant_tsc arch_perfmon pebs bts rep_good nopl xtopology nonstop_tsc aperfmperf eagerfpu pni pclmulqdq dtes64 monitor ds_cpl vmx est tm2 ssse3 cx16 xtpr pdcm pcid sse4_1 sse4_2 x2apic popcnt tsc_deadline_timer aes xsave avx f16c rdrand lahf_lm ida arat epb xsaveopt pln pts dtherm tpr_shadow vnmi flexpriority ept vpid fsgsbase smep erms
bogomips	: 4988.90
clflush size	: 64
cache_alignment	: 64
address sizes	: 36 bits physical, 48 bits virtual
power management:

processor	: 2
vendor_id	: GenuineIntel
cpu family	: 6
model		: 58
model name	: Intel(R) Core(TM) i5-3210M CPU @ 2.50GHz
stepping	: 9
microcode	: 0x15
cpu MHz		: 2501.000
cache size	: 3072 KB
physical id	: 0
siblings	: 4
core id		: 1
cpu cores	: 2
apicid		: 2
initial apicid	: 2
fpu		: yes
fpu_exception	: yes
cpuid level	: 13
wp		: yes
flags		: fpu vme de pse tsc msr pae mce cx8 apic sep mtrr pge mca cmov pat pse36 clflush dts acpi mmx fxsr sse sse2 ss ht tm pbe syscall nx rdtscp lm constant_tsc arch_perfmon pebs bts rep_good nopl xtopology nonstop_tsc aperfmperf eagerfpu pni pclmulqdq dtes64 monitor ds_cpl vmx est tm2 ssse3 cx16 xtpr pdcm pcid sse4_1 sse4_2 x2apic popcnt tsc_deadline_timer aes xsave avx f16c rdrand lahf_lm ida arat epb xsaveopt pln pts dtherm tpr_shadow vnmi flexpriority ept vpid fsgsbase smep erms
bogomips	: 4988.90
clflush size	: 64
cache_alignment	: 64
address sizes	: 36 bits physical, 48 bits virtual
power management:

processor	: 3
vendor_id	: GenuineIntel
cpu family	: 6
model		: 58
model name	: Intel(R) Core(TM) i5-3210M CPU @ 2.50GHz
stepping	: 9
microcode	: 0x15
cpu MHz		: 2501.000
cache size	: 3072 KB
physical id	: 0
siblings	: 4
core id		: 1
cpu cores	: 2
apicid		: 3
initial apicid	: 3
fpu		: yes
fpu_exception	: yes
cpuid level	: 13
wp		: yes
flags		: fpu vme de pse tsc msr pae mce cx8 apic sep mtrr pge mca cmov pat pse36 clflush dts acpi mmx fxsr sse sse2 ss ht tm pbe syscall nx rdtscp lm constant_tsc arch_perfmon pebs bts rep_good nopl xtopology nonstop_tsc aperfmperf eagerfpu pni pclmulqdq dtes64 monitor ds_cpl vmx est tm2 ssse3 cx16 xtpr pdcm pcid sse4_1 sse4_2 x2apic popcnt tsc_deadline_timer aes xsave avx f16c rdrand lahf_lm ida arat epb xsaveopt pln pts dtherm tpr_shadow vnmi flexpriority ept vpid fsgsbase smep erms
bogomips	: 4988.90
clflush size	: 64
cache_alignment	: 64
address sizes	: 36 bits physical, 48 bits virtual
power management:



Memory: 4k page, physical 3903588k(87240k free), swap 1951740k(24k free)

vm_info: Java HotSpot(TM) 64-Bit Server VM (25.111-b14) for linux-amd64 JRE (1.8.0_111-b14), built on Sep 22 2016 16:14:03 by "java_re" with gcc 4.3.0 20080428 (Red Hat 4.3.0-8)

time: Mon Jan  2 20:18:03 2017
elapsed time: 13 seconds (0d 0h 0m 13s)

