#
# There is insufficient memory for the Java Runtime Environment to continue.
# Native memory allocation (mmap) failed to map 42991616 bytes for committing reserved memory.
# Possible reasons:
#   The system is out of physical RAM or swap space
#   In 32 bit mode, the process size limit was hit
# Possible solutions:
#   Reduce memory load on the system
#   Increase physical memory or swap space
#   Check if swap backing store is full
#   Use 64 bit Java on a 64 bit OS
#   Decrease Java heap size (-Xmx/-Xms)
#   Decrease number of Java threads
#   Decrease Java thread stack sizes (-Xss)
#   Set larger code cache with -XX:ReservedCodeCacheSize=
# This output file may be truncated or incomplete.
#
#  Out of Memory Error (os_linux.cpp:2627), pid=14482, tid=0x00007f585ddfd700
#
# JRE version: Java(TM) SE Runtime Environment (8.0_111-b14) (build 1.8.0_111-b14)
# Java VM: Java HotSpot(TM) 64-Bit Server VM (25.111-b14 mixed mode linux-amd64 compressed oops)
# Failed to write core dump. Core dumps have been disabled. To enable core dumping, try "ulimit -c unlimited" before starting Java again
#

---------------  T H R E A D  ---------------

Current thread (0x00007f5874078000):  VMThread [stack: 0x00007f585dcfd000,0x00007f585ddfe000] [id=14494]

Stack: [0x00007f585dcfd000,0x00007f585ddfe000],  sp=0x00007f585ddfbfe0,  free space=1019k
Native frames: (J=compiled Java code, j=interpreted, Vv=VM code, C=native code)
V  [libjvm.so+0xac5c2a]  VMError::report_and_die()+0x2ba
V  [libjvm.so+0x4fc50b]  report_vm_out_of_memory(char const*, int, unsigned long, VMErrorType, char const*)+0x8b
V  [libjvm.so+0x922ae3]  os::Linux::commit_memory_impl(char*, unsigned long, bool)+0x103
V  [libjvm.so+0x923039]  os::pd_commit_memory(char*, unsigned long, unsigned long, bool)+0x29
V  [libjvm.so+0x91d33a]  os::commit_memory(char*, unsigned long, unsigned long, bool)+0x2a
V  [libjvm.so+0x991ac3]  PSVirtualSpace::expand_by(unsigned long)+0x53
V  [libjvm.so+0x992ec8]  PSYoungGen::resize_generation(unsigned long, unsigned long)+0xf8
V  [libjvm.so+0x992022]  PSYoungGen::resize(unsigned long, unsigned long)+0x22
V  [libjvm.so+0x98f2fb]  PSScavenge::invoke_no_policy()+0xf3b
V  [libjvm.so+0x98fa81]  PSScavenge::invoke()+0x41
V  [libjvm.so+0x9467d0]  ParallelScavengeHeap::failed_mem_allocate(unsigned long)+0x70
V  [libjvm.so+0xac7647]  VM_ParallelGCFailedAllocation::doit()+0x97
V  [libjvm.so+0xacf125]  VM_Operation::evaluate()+0x55
V  [libjvm.so+0xacd4fa]  VMThread::evaluate_operation(VM_Operation*)+0xba
V  [libjvm.so+0xacd87e]  VMThread::loop()+0x1ce
V  [libjvm.so+0xacdcf0]  VMThread::run()+0x70
V  [libjvm.so+0x924ea8]  java_start(Thread*)+0x108

VM_Operation (0x00007f585cb0cf80): ParallelGCFailedAllocation, mode: safepoint, requested by thread 0x00007f5874147000


---------------  P R O C E S S  ---------------

Java Threads: ( => current thread )
  0x00007f5874148800 JavaThread "pool-2-thread-4" [_thread_blocked, id=14532, stack(0x00007f585c90d000,0x00007f585ca0e000)]
  0x00007f5874147000 JavaThread "pool-2-thread-3" [_thread_blocked, id=14531, stack(0x00007f585ca0e000,0x00007f585cb0f000)]
  0x00007f5874146000 JavaThread "pool-2-thread-2" [_thread_blocked, id=14530, stack(0x00007f585cb0f000,0x00007f585cc10000)]
  0x00007f587413a000 JavaThread "pool-3-thread-1" [_thread_blocked, id=14529, stack(0x00007f585cc10000,0x00007f585cd11000)]
  0x00007f5874138000 JavaThread "pool-2-thread-1" [_thread_blocked, id=14528, stack(0x00007f585cd11000,0x00007f585ce12000)]
  0x00007f58740c0000 JavaThread "Service Thread" daemon [_thread_blocked, id=14512, stack(0x00007f585cf13000,0x00007f585d014000)]
  0x00007f58740bd800 JavaThread "C1 CompilerThread2" daemon [_thread_blocked, id=14511, stack(0x00007f585d014000,0x00007f585d115000)]
  0x00007f58740bb800 JavaThread "C2 CompilerThread1" daemon [_thread_blocked, id=14501, stack(0x00007f585d115000,0x00007f585d216000)]
  0x00007f58740b8800 JavaThread "C2 CompilerThread0" daemon [_thread_in_native, id=14500, stack(0x00007f585d216000,0x00007f585d317000)]
  0x00007f58740b7000 JavaThread "Signal Dispatcher" daemon [_thread_blocked, id=14499, stack(0x00007f585d317000,0x00007f585d418000)]
  0x00007f5874084800 JavaThread "Finalizer" daemon [_thread_blocked, id=14497, stack(0x00007f585dafb000,0x00007f585dbfc000)]
  0x00007f587407f800 JavaThread "Reference Handler" daemon [_thread_blocked, id=14496, stack(0x00007f585dbfc000,0x00007f585dcfd000)]
  0x00007f587400a000 JavaThread "main" [_thread_blocked, id=14485, stack(0x00007f587c41b000,0x00007f587c51c000)]

Other Threads:
=>0x00007f5874078000 VMThread [stack: 0x00007f585dcfd000,0x00007f585ddfe000] [id=14494]
  0x00007f58740c3000 WatcherThread [stack: 0x00007f585ce12000,0x00007f585cf13000] [id=14513]

VM state:at safepoint (normal execution)

VM Mutex/Monitor currently owned by a thread:  ([mutex/lock_event])
[0x00007f5874006610] Threads_lock - owner thread: 0x00007f5874078000
[0x00007f5874006b10] Heap_lock - owner thread: 0x00007f5874147000

Heap:
 PSYoungGen      total 33280K, used 2528K [0x00000000eab00000, 0x00000000ece00000, 0x0000000100000000)
  eden space 30720K, 0% used [0x00000000eab00000,0x00000000eab00000,0x00000000ec900000)
  from space 2560K, 98% used [0x00000000ec900000,0x00000000ecb78010,0x00000000ecb80000)
  to   space 2560K, 0% used [0x00000000ecb80000,0x00000000ecb80000,0x00000000ece00000)
 ParOldGen       total 40960K, used 11975K [0x00000000c0000000, 0x00000000c2800000, 0x00000000eab00000)
  object space 40960K, 29% used [0x00000000c0000000,0x00000000c0bb1e88,0x00000000c2800000)
 Metaspace       used 5978K, capacity 6840K, committed 7040K, reserved 1056768K
  class space    used 611K, capacity 624K, committed 640K, reserved 1048576K

Card table byte_map: [0x00007f5878fd3000,0x00007f58791d4000] byte_map_base: 0x00007f58789d3000

Marking Bits: (ParMarkBitMap*) 0x00007f587b8f5220
 Begin Bits: [0x00007f585e000000, 0x00007f585f000000)
 End Bits:   [0x00007f585f000000, 0x00007f5860000000)

Polling page: 0x00007f587c53e000

CodeCache: size=245760Kb used=3943Kb max_used=3956Kb free=241816Kb
 bounds [0x00007f5865000000, 0x00007f58653f0000, 0x00007f5874000000]
 total_blobs=1403 nmethods=1135 adapters=182
 compilation: enabled

Compilation events (10 events):
Event: 4.862 Thread 0x00007f58740bd800 nmethod 1264 0x00007f58653d7cd0 code [0x00007f58653d7e40, 0x00007f58653d8070]
Event: 4.862 Thread 0x00007f58740bd800 1258       2       com.android.dx.cf.code.BasicBlocker::getBlockList (208 bytes)
Event: 4.863 Thread 0x00007f58740bd800 nmethod 1258 0x00007f58653d8250 code [0x00007f58653d8460, 0x00007f58653d8c88]
Event: 4.863 Thread 0x00007f58740bd800 1261       2       com.android.dx.cf.code.Ropper::addExceptionSetupBlocks (203 bytes)
Event: 4.870 Thread 0x00007f58740bd800 nmethod 1261 0x00007f58653d9510 code [0x00007f58653d9800, 0x00007f58653da528]
Event: 4.870 Thread 0x00007f58740bd800 1277       2       com.android.dx.ssa.SsaBasicBlock::replaceSuccessor (125 bytes)
Event: 4.871 Thread 0x00007f58740bd800 nmethod 1277 0x00007f58653dba50 code [0x00007f58653dbc80, 0x00007f58653dc258]
Event: 4.871 Thread 0x00007f58740bd800 1255       2       com.android.dx.cf.code.BaseMachine::popArgs (127 bytes)
Event: 4.881 Thread 0x00007f58740bb800 nmethod 1222 0x00007f58653dfe50 code [0x00007f58653e0000, 0x00007f58653e0798]
Event: 4.881 Thread 0x00007f58740bb800 1249 %     4       com.android.dx.rop.code.InsnList::forEach @ 7 (28 bytes)

GC Heap History (9 events):
Event: 2.216 GC heap before
{Heap before GC invocations=1 (full 0):
 PSYoungGen      total 17920K, used 15360K [0x00000000eab00000, 0x00000000ebf00000, 0x0000000100000000)
  eden space 15360K, 100% used [0x00000000eab00000,0x00000000eba00000,0x00000000eba00000)
  from space 2560K, 0% used [0x00000000ebc80000,0x00000000ebc80000,0x00000000ebf00000)
  to   space 2560K, 0% used [0x00000000eba00000,0x00000000eba00000,0x00000000ebc80000)
 ParOldGen       total 40960K, used 0K [0x00000000c0000000, 0x00000000c2800000, 0x00000000eab00000)
  object space 40960K, 0% used [0x00000000c0000000,0x00000000c0000000,0x00000000c2800000)
 Metaspace       used 5232K, capacity 6226K, committed 6528K, reserved 1056768K
  class space    used 585K, capacity 586K, committed 640K, reserved 1048576K
Event: 2.225 GC heap after
Heap after GC invocations=1 (full 0):
 PSYoungGen      total 17920K, used 2534K [0x00000000eab00000, 0x00000000ebf00000, 0x0000000100000000)
  eden space 15360K, 0% used [0x00000000eab00000,0x00000000eab00000,0x00000000eba00000)
  from space 2560K, 99% used [0x00000000eba00000,0x00000000ebc799a0,0x00000000ebc80000)
  to   space 2560K, 0% used [0x00000000ebc80000,0x00000000ebc80000,0x00000000ebf00000)
 ParOldGen       total 40960K, used 209K [0x00000000c0000000, 0x00000000c2800000, 0x00000000eab00000)
  object space 40960K, 0% used [0x00000000c0000000,0x00000000c00345e8,0x00000000c2800000)
 Metaspace       used 5232K, capacity 6226K, committed 6528K, reserved 1056768K
  class space    used 585K, capacity 586K, committed 640K, reserved 1048576K
}
Event: 3.629 GC heap before
{Heap before GC invocations=2 (full 0):
 PSYoungGen      total 17920K, used 17894K [0x00000000eab00000, 0x00000000ebf00000, 0x0000000100000000)
  eden space 15360K, 100% used [0x00000000eab00000,0x00000000eba00000,0x00000000eba00000)
  from space 2560K, 99% used [0x00000000eba00000,0x00000000ebc799a0,0x00000000ebc80000)
  to   space 2560K, 0% used [0x00000000ebc80000,0x00000000ebc80000,0x00000000ebf00000)
 ParOldGen       total 40960K, used 209K [0x00000000c0000000, 0x00000000c2800000, 0x00000000eab00000)
  object space 40960K, 0% used [0x00000000c0000000,0x00000000c00345e8,0x00000000c2800000)
 Metaspace       used 5831K, capacity 6712K, committed 6784K, reserved 1056768K
  class space    used 611K, capacity 624K, committed 640K, reserved 1048576K
Event: 3.657 GC heap after
Heap after GC invocations=2 (full 0):
 PSYoungGen      total 17920K, used 2554K [0x00000000eab00000, 0x00000000ece00000, 0x0000000100000000)
  eden space 15360K, 0% used [0x00000000eab00000,0x00000000eab00000,0x00000000eba00000)
  from space 2560K, 99% used [0x00000000ebc80000,0x00000000ebefea80,0x00000000ebf00000)
  to   space 2560K, 0% used [0x00000000eba00000,0x00000000eba00000,0x00000000ebc80000)
 ParOldGen       total 40960K, used 1704K [0x00000000c0000000, 0x00000000c2800000, 0x00000000eab00000)
  object space 40960K, 4% used [0x00000000c0000000,0x00000000c01aa1b0,0x00000000c2800000)
 Metaspace       used 5831K, capacity 6712K, committed 6784K, reserved 1056768K
  class space    used 611K, capacity 624K, committed 640K, reserved 1048576K
}
Event: 4.045 GC heap before
{Heap before GC invocations=3 (full 0):
 PSYoungGen      total 17920K, used 17914K [0x00000000eab00000, 0x00000000ece00000, 0x0000000100000000)
  eden space 15360K, 100% used [0x00000000eab00000,0x00000000eba00000,0x00000000eba00000)
  from space 2560K, 99% used [0x00000000ebc80000,0x00000000ebefea80,0x00000000ebf00000)
  to   space 2560K, 0% used [0x00000000eba00000,0x00000000eba00000,0x00000000ebc80000)
 ParOldGen       total 40960K, used 1704K [0x00000000c0000000, 0x00000000c2800000, 0x00000000eab00000)
  object space 40960K, 4% used [0x00000000c0000000,0x00000000c01aa1b0,0x00000000c2800000)
 Metaspace       used 5898K, capacity 6776K, committed 7040K, reserved 1056768K
  class space    used 611K, capacity 624K, committed 640K, reserved 1048576K
Event: 4.061 GC heap after
Heap after GC invocations=3 (full 0):
 PSYoungGen      total 17920K, used 2528K [0x00000000eab00000, 0x00000000ece00000, 0x0000000100000000)
  eden space 15360K, 0% used [0x00000000eab00000,0x00000000eab00000,0x00000000eba00000)
  from space 2560K, 98% used [0x00000000eba00000,0x00000000ebc78010,0x00000000ebc80000)
  to   space 2560K, 0% used [0x00000000ecb80000,0x00000000ecb80000,0x00000000ece00000)
 ParOldGen       total 40960K, used 4119K [0x00000000c0000000, 0x00000000c2800000, 0x00000000eab00000)
  object space 40960K, 10% used [0x00000000c0000000,0x00000000c0405f30,0x00000000c2800000)
 Metaspace       used 5898K, capacity 6776K, committed 7040K, reserved 1056768K
  class space    used 611K, capacity 624K, committed 640K, reserved 1048576K
}
Event: 4.312 GC heap before
{Heap before GC invocations=4 (full 0):
 PSYoungGen      total 17920K, used 17888K [0x00000000eab00000, 0x00000000ece00000, 0x0000000100000000)
  eden space 15360K, 100% used [0x00000000eab00000,0x00000000eba00000,0x00000000eba00000)
  from space 2560K, 98% used [0x00000000eba00000,0x00000000ebc78010,0x00000000ebc80000)
  to   space 2560K, 0% used [0x00000000ecb80000,0x00000000ecb80000,0x00000000ece00000)
 ParOldGen       total 40960K, used 4119K [0x00000000c0000000, 0x00000000c2800000, 0x00000000eab00000)
  object space 40960K, 10% used [0x00000000c0000000,0x00000000c0405f30,0x00000000c2800000)
 Metaspace       used 5907K, capacity 6776K, committed 7040K, reserved 1056768K
  class space    used 611K, capacity 624K, committed 640K, reserved 1048576K
Event: 4.353 GC heap after
Heap after GC invocations=4 (full 0):
 PSYoungGen      total 33280K, used 2528K [0x00000000eab00000, 0x00000000ece00000, 0x0000000100000000)
  eden space 30720K, 0% used [0x00000000eab00000,0x00000000eab00000,0x00000000ec900000)
  from space 2560K, 98% used [0x00000000ecb80000,0x00000000ecdf8010,0x00000000ece00000)
  to   space 2560K, 0% used [0x00000000ec900000,0x00000000ec900000,0x00000000ecb80000)
 ParOldGen       total 40960K, used 6835K [0x00000000c0000000, 0x00000000c2800000, 0x00000000eab00000)
  object space 40960K, 16% used [0x00000000c0000000,0x00000000c06ace08,0x00000000c2800000)
 Metaspace       used 5907K, capacity 6776K, committed 7040K, reserved 1056768K
  class space    used 611K, capacity 624K, committed 640K, reserved 1048576K
}
Event: 4.924 GC heap before
{Heap before GC invocations=5 (full 0):
 PSYoungGen      total 33280K, used 33248K [0x00000000eab00000, 0x00000000ece00000, 0x0000000100000000)
  eden space 30720K, 100% used [0x00000000eab00000,0x00000000ec900000,0x00000000ec900000)
  from space 2560K, 98% used [0x00000000ecb80000,0x00000000ecdf8010,0x00000000ece00000)
  to   space 2560K, 0% used [0x00000000ec900000,0x00000000ec900000,0x00000000ecb80000)
 ParOldGen       total 40960K, used 6835K [0x00000000c0000000, 0x00000000c2800000, 0x00000000eab00000)
  object space 40960K, 16% used [0x00000000c0000000,0x00000000c06ace08,0x00000000c2800000)
 Metaspace       used 5978K, capacity 6840K, committed 7040K, reserved 1056768K
  class space    used 611K, capacity 624K, committed 640K, reserved 1048576K

Deoptimization events (10 events):
Event: 2.776 Thread 0x00007f5874138000 Uncommon trap: reason=class_check action=maybe_recompile pc=0x00007f58652255d0 method=com.android.dx.ssa.NormalSsaInsn.accept(Lcom/android/dx/ssa/SsaInsn$Visitor;)V @ 9
Event: 2.786 Thread 0x00007f587400a000 Uncommon trap: reason=class_check action=maybe_recompile pc=0x00007f58652255d0 method=com.android.dx.ssa.NormalSsaInsn.accept(Lcom/android/dx/ssa/SsaInsn$Visitor;)V @ 9
Event: 2.804 Thread 0x00007f5874146000 Uncommon trap: reason=class_check action=maybe_recompile pc=0x00007f58652255d0 method=com.android.dx.ssa.NormalSsaInsn.accept(Lcom/android/dx/ssa/SsaInsn$Visitor;)V @ 9
Event: 3.029 Thread 0x00007f5874138000 Uncommon trap: reason=unstable_if action=reinterpret pc=0x00007f58651ef174 method=java.util.HashMap.getNode(ILjava/lang/Object;)Ljava/util/HashMap$Node; @ 62
Event: 3.202 Thread 0x00007f5874146000 Uncommon trap: reason=unstable_if action=reinterpret pc=0x00007f58651f76ac method=java.util.BitSet.nextSetBit(I)I @ 87
Event: 4.083 Thread 0x00007f5874146000 Uncommon trap: reason=null_check action=make_not_entrant pc=0x00007f58652882b0 method=com.android.dx.ssa.SsaRenamer.getLocalForNewReg(I)Lcom/android/dx/rop/code/LocalItem; @ 19
Event: 4.170 Thread 0x00007f5874148800 Uncommon trap: reason=unstable_if action=reinterpret pc=0x00007f586530eba8 method=java.util.HashMap.getNode(ILjava/lang/Object;)Ljava/util/HashMap$Node; @ 62
Event: 4.383 Thread 0x00007f5874146000 Uncommon trap: reason=unstable_if action=reinterpret pc=0x00007f5865281b9c method=com.android.dx.rop.cst.Constant.compareTo(Lcom/android/dx/rop/cst/Constant;)I @ 12
Event: 4.420 Thread 0x00007f5874146000 Uncommon trap: reason=null_check action=make_not_entrant pc=0x00007f58652a1b60 method=com.android.dx.rop.type.Type.equals(Ljava/lang/Object;)Z @ 8
Event: 4.850 Thread 0x00007f5874148800 Uncommon trap: reason=unstable_if action=reinterpret pc=0x00007f58652c4db0 method=com.android.dx.rop.code.RegisterSpec.equals(ILcom/android/dx/rop/type/TypeBearer;Lcom/android/dx/rop/code/LocalItem;)Z @ 42

Internal exceptions (4 events):
Event: 0.235 Thread 0x00007f587400a000 Exception <a 'java/lang/NoSuchMethodError': Method sun.misc.Unsafe.defineClass(Ljava/lang/String;[BII)Ljava/lang/Class; name or signature does not match> (0x00000000eab07c78) thrown at [/HUDSON3/workspace/8-2-build-linux-amd64/jdk8u111/7883/hotspot/src/sh
Event: 0.235 Thread 0x00007f587400a000 Exception <a 'java/lang/NoSuchMethodError': Method sun.misc.Unsafe.prefetchRead(Ljava/lang/Object;J)V name or signature does not match> (0x00000000eab07f60) thrown at [/HUDSON3/workspace/8-2-build-linux-amd64/jdk8u111/7883/hotspot/src/share/vm/prims/jni.c
Event: 4.083 Thread 0x00007f5874146000 Implicit null exception at 0x00007f5865284f1e to 0x00007f586528826d
Event: 4.420 Thread 0x00007f5874146000 Implicit null exception at 0x00007f58652a1a62 to 0x00007f58652a1b53

Events (10 events):
Event: 4.420 Thread 0x00007f5874146000 DEOPT PACKING pc=0x00007f58652a1b60 sp=0x00007f585cc0dab0
Event: 4.420 Thread 0x00007f5874146000 DEOPT UNPACKING pc=0x00007f5865005229 sp=0x00007f585cc0da68 mode 2
Event: 4.569 Executing VM operation: EnableBiasedLocking
Event: 4.580 Executing VM operation: EnableBiasedLocking done
Event: 4.668 loading class com/android/dx/rop/code/RegisterSpec$1
Event: 4.668 loading class com/android/dx/rop/code/RegisterSpec$1 done
Event: 4.848 Thread 0x00007f5874148800 Uncommon trap: trap_request=0xffffff65 fr.pc=0x00007f58652c4db0
Event: 4.850 Thread 0x00007f5874148800 DEOPT PACKING pc=0x00007f58652c4db0 sp=0x00007f585ca0bea0
Event: 4.850 Thread 0x00007f5874148800 DEOPT UNPACKING pc=0x00007f5865005229 sp=0x00007f585ca0be48 mode 2
Event: 4.908 Executing VM operation: ParallelGCFailedAllocation


Dynamic libraries:
00400000-00401000 r-xp 00000000 08:06 8536111                            /usr/lib/jvm/java-8-oracle/bin/java
00600000-00601000 rw-p 00000000 08:06 8536111                            /usr/lib/jvm/java-8-oracle/bin/java
01c93000-01cb4000 rw-p 00000000 00:00 0                                  [heap]
c0000000-c2800000 rw-p 00000000 00:00 0 
c2800000-eab00000 ---p 00000000 00:00 0 
eab00000-ece00000 rw-p 00000000 00:00 0 
ef700000-100000000 ---p 00000000 00:00 0 
100000000-1000a0000 rw-p 00000000 00:00 0 
1000a0000-140000000 ---p 00000000 00:00 0 
7f5810000000-7f5810021000 rw-p 00000000 00:00 0 
7f5810021000-7f5814000000 ---p 00000000 00:00 0 
7f5818000000-7f5818021000 rw-p 00000000 00:00 0 
7f5818021000-7f581c000000 ---p 00000000 00:00 0 
7f581c000000-7f581c02a000 rw-p 00000000 00:00 0 
7f581c02a000-7f5820000000 ---p 00000000 00:00 0 
7f5820000000-7f582003f000 rw-p 00000000 00:00 0 
7f582003f000-7f5824000000 ---p 00000000 00:00 0 
7f5824000000-7f5824021000 rw-p 00000000 00:00 0 
7f5824021000-7f5828000000 ---p 00000000 00:00 0 
7f5828000000-7f5828021000 rw-p 00000000 00:00 0 
7f5828021000-7f582c000000 ---p 00000000 00:00 0 
7f582c000000-7f582c021000 rw-p 00000000 00:00 0 
7f582c021000-7f5830000000 ---p 00000000 00:00 0 
7f5830000000-7f58305d7000 rw-p 00000000 00:00 0 
7f58305d7000-7f5834000000 ---p 00000000 00:00 0 
7f5834000000-7f58347bb000 rw-p 00000000 00:00 0 
7f58347bb000-7f5838000000 ---p 00000000 00:00 0 
7f5838000000-7f5838021000 rw-p 00000000 00:00 0 
7f5838021000-7f583c000000 ---p 00000000 00:00 0 
7f583c000000-7f583c427000 rw-p 00000000 00:00 0 
7f583c427000-7f5840000000 ---p 00000000 00:00 0 
7f5840000000-7f5840021000 rw-p 00000000 00:00 0 
7f5840021000-7f5844000000 ---p 00000000 00:00 0 
7f5844000000-7f5844021000 rw-p 00000000 00:00 0 
7f5844021000-7f5848000000 ---p 00000000 00:00 0 
7f5848000000-7f5848021000 rw-p 00000000 00:00 0 
7f5848021000-7f584c000000 ---p 00000000 00:00 0 
7f584c000000-7f584c28d000 rw-p 00000000 00:00 0 
7f584c28d000-7f5850000000 ---p 00000000 00:00 0 
7f5850000000-7f5850021000 rw-p 00000000 00:00 0 
7f5850021000-7f5854000000 ---p 00000000 00:00 0 
7f5858000000-7f5858021000 rw-p 00000000 00:00 0 
7f5858021000-7f585c000000 ---p 00000000 00:00 0 
7f585c90d000-7f585c910000 ---p 00000000 00:00 0 
7f585c910000-7f585ca0e000 rw-p 00000000 00:00 0                          [stack:14532]
7f585ca0e000-7f585ca11000 ---p 00000000 00:00 0 
7f585ca11000-7f585cb0f000 rw-p 00000000 00:00 0                          [stack:14531]
7f585cb0f000-7f585cb12000 ---p 00000000 00:00 0 
7f585cb12000-7f585cc10000 rw-p 00000000 00:00 0                          [stack:14530]
7f585cc10000-7f585cc13000 ---p 00000000 00:00 0 
7f585cc13000-7f585cd11000 rw-p 00000000 00:00 0                          [stack:14529]
7f585cd11000-7f585cd14000 ---p 00000000 00:00 0 
7f585cd14000-7f585ce12000 rw-p 00000000 00:00 0                          [stack:14528]
7f585ce12000-7f585ce13000 ---p 00000000 00:00 0 
7f585ce13000-7f585cf13000 rw-p 00000000 00:00 0                          [stack:14513]
7f585cf13000-7f585cf16000 ---p 00000000 00:00 0 
7f585cf16000-7f585d014000 rw-p 00000000 00:00 0                          [stack:14512]
7f585d014000-7f585d017000 ---p 00000000 00:00 0 
7f585d017000-7f585d115000 rw-p 00000000 00:00 0                          [stack:14511]
7f585d115000-7f585d118000 ---p 00000000 00:00 0 
7f585d118000-7f585d216000 rw-p 00000000 00:00 0                          [stack:14501]
7f585d216000-7f585d219000 ---p 00000000 00:00 0 
7f585d219000-7f585d317000 rw-p 00000000 00:00 0                          [stack:14500]
7f585d317000-7f585d31a000 ---p 00000000 00:00 0 
7f585d31a000-7f585d418000 rw-p 00000000 00:00 0                          [stack:14499]
7f585d418000-7f585dafb000 r--p 00000000 08:06 8133444                    /usr/lib/locale/locale-archive
7f585dafb000-7f585dafe000 ---p 00000000 00:00 0 
7f585dafe000-7f585dbfc000 rw-p 00000000 00:00 0                          [stack:14497]
7f585dbfc000-7f585dbff000 ---p 00000000 00:00 0 
7f585dbff000-7f585dcfd000 rw-p 00000000 00:00 0                          [stack:14496]
7f585dcfd000-7f585dcfe000 ---p 00000000 00:00 0 
7f585dcfe000-7f5860000000 rw-p 00000000 00:00 0                          [stack:14494]
7f5860000000-7f5860021000 rw-p 00000000 00:00 0 
7f5860021000-7f5864000000 ---p 00000000 00:00 0 
7f586405a000-7f5864068000 r--s 0006d000 08:06 7362495                    /home/buddhikajay/Documents/Programming/Paymedia/bankDepositApp/app/build/intermediates/exploded-aar/com.android.support/support-compat/24.2.0/jars/classes.jar
7f5864068000-7f5864076000 r--s 000e0000 08:06 8275328                    /home/buddhikajay/Programs/android-sdk-linux/build-tools/24.0.2/lib/dx.jar
7f5864076000-7f5864e28000 rw-p 00000000 00:00 0 
7f5864e28000-7f5865000000 r--s 03d2a000 08:06 8133175                    /usr/lib/jvm/java-8-oracle/jre/lib/rt.jar
7f5865000000-7f58653f0000 rwxp 00000000 00:00 0 
7f58653f0000-7f5874000000 ---p 00000000 00:00 0 
7f5874000000-7f5874396000 rw-p 00000000 00:00 0 
7f5874396000-7f5878000000 ---p 00000000 00:00 0 
7f5878003000-7f58786b9000 rw-p 00000000 00:00 0 
7f58786b9000-7f5878879000 ---p 00000000 00:00 0 
7f5878879000-7f5878a79000 rw-p 00000000 00:00 0 
7f5878a79000-7f5878a7a000 ---p 00000000 00:00 0 
7f5878a7a000-7f5878b7a000 rw-p 00000000 00:00 0                          [stack:14490]
7f5878b7a000-7f5878b7b000 ---p 00000000 00:00 0 
7f5878b7b000-7f5878c7b000 rw-p 00000000 00:00 0                          [stack:14489]
7f5878c7b000-7f5878c7c000 ---p 00000000 00:00 0 
7f5878c7c000-7f5878d7c000 rw-p 00000000 00:00 0                          [stack:14488]
7f5878d7c000-7f5878d7d000 ---p 00000000 00:00 0 
7f5878d7d000-7f5878e91000 rw-p 00000000 00:00 0                          [stack:14487]
7f5878e91000-7f5878fd3000 ---p 00000000 00:00 0 
7f5878fd3000-7f5878fe7000 rw-p 00000000 00:00 0 
7f5878fe7000-7f5879128000 ---p 00000000 00:00 0 
7f5879128000-7f587913a000 rw-p 00000000 00:00 0 
7f587913a000-7f58791d3000 ---p 00000000 00:00 0 
7f58791d3000-7f58791e4000 rw-p 00000000 00:00 0 
7f58791e4000-7f5879594000 ---p 00000000 00:00 0 
7f5879594000-7f58795ae000 r-xp 00000000 08:06 8131814                    /usr/lib/jvm/java-8-oracle/jre/lib/amd64/libzip.so
7f58795ae000-7f58797ae000 ---p 0001a000 08:06 8131814                    /usr/lib/jvm/java-8-oracle/jre/lib/amd64/libzip.so
7f58797ae000-7f58797af000 rw-p 0001a000 08:06 8131814                    /usr/lib/jvm/java-8-oracle/jre/lib/amd64/libzip.so
7f58797af000-7f58797b9000 r-xp 00000000 08:06 11011029                   /lib/x86_64-linux-gnu/libnss_files-2.19.so
7f58797b9000-7f58799b8000 ---p 0000a000 08:06 11011029                   /lib/x86_64-linux-gnu/libnss_files-2.19.so
7f58799b8000-7f58799b9000 r--p 00009000 08:06 11011029                   /lib/x86_64-linux-gnu/libnss_files-2.19.so
7f58799b9000-7f58799ba000 rw-p 0000a000 08:06 11011029                   /lib/x86_64-linux-gnu/libnss_files-2.19.so
7f58799ba000-7f58799c5000 r-xp 00000000 08:06 11010145                   /lib/x86_64-linux-gnu/libnss_nis-2.19.so
7f58799c5000-7f5879bc4000 ---p 0000b000 08:06 11010145                   /lib/x86_64-linux-gnu/libnss_nis-2.19.so
7f5879bc4000-7f5879bc5000 r--p 0000a000 08:06 11010145                   /lib/x86_64-linux-gnu/libnss_nis-2.19.so
7f5879bc5000-7f5879bc6000 rw-p 0000b000 08:06 11010145                   /lib/x86_64-linux-gnu/libnss_nis-2.19.so
7f5879bc6000-7f5879bdd000 r-xp 00000000 08:06 11010141                   /lib/x86_64-linux-gnu/libnsl-2.19.so
7f5879bdd000-7f5879ddc000 ---p 00017000 08:06 11010141                   /lib/x86_64-linux-gnu/libnsl-2.19.so
7f5879ddc000-7f5879ddd000 r--p 00016000 08:06 11010141                   /lib/x86_64-linux-gnu/libnsl-2.19.so
7f5879ddd000-7f5879dde000 rw-p 00017000 08:06 11010141                   /lib/x86_64-linux-gnu/libnsl-2.19.so
7f5879dde000-7f5879de0000 rw-p 00000000 00:00 0 
7f5879de0000-7f5879de9000 r-xp 00000000 08:06 11010140                   /lib/x86_64-linux-gnu/libnss_compat-2.19.so
7f5879de9000-7f5879fe8000 ---p 00009000 08:06 11010140                   /lib/x86_64-linux-gnu/libnss_compat-2.19.so
7f5879fe8000-7f5879fe9000 r--p 00008000 08:06 11010140                   /lib/x86_64-linux-gnu/libnss_compat-2.19.so
7f5879fe9000-7f5879fea000 rw-p 00009000 08:06 11010140                   /lib/x86_64-linux-gnu/libnss_compat-2.19.so
7f5879fea000-7f587a015000 r-xp 00000000 08:06 8133085                    /usr/lib/jvm/java-8-oracle/jre/lib/amd64/libjava.so
7f587a015000-7f587a214000 ---p 0002b000 08:06 8133085                    /usr/lib/jvm/java-8-oracle/jre/lib/amd64/libjava.so
7f587a214000-7f587a216000 rw-p 0002a000 08:06 8133085                    /usr/lib/jvm/java-8-oracle/jre/lib/amd64/libjava.so
7f587a216000-7f587a223000 r-xp 00000000 08:06 8131842                    /usr/lib/jvm/java-8-oracle/jre/lib/amd64/libverify.so
7f587a223000-7f587a422000 ---p 0000d000 08:06 8131842                    /usr/lib/jvm/java-8-oracle/jre/lib/amd64/libverify.so
7f587a422000-7f587a424000 rw-p 0000c000 08:06 8131842                    /usr/lib/jvm/java-8-oracle/jre/lib/amd64/libverify.so
7f587a424000-7f587a42b000 r-xp 00000000 08:06 11010149                   /lib/x86_64-linux-gnu/librt-2.19.so
7f587a42b000-7f587a62a000 ---p 00007000 08:06 11010149                   /lib/x86_64-linux-gnu/librt-2.19.so
7f587a62a000-7f587a62b000 r--p 00006000 08:06 11010149                   /lib/x86_64-linux-gnu/librt-2.19.so
7f587a62b000-7f587a62c000 rw-p 00007000 08:06 11010149                   /lib/x86_64-linux-gnu/librt-2.19.so
7f587a62c000-7f587a731000 r-xp 00000000 08:06 11010077                   /lib/x86_64-linux-gnu/libm-2.19.so
7f587a731000-7f587a930000 ---p 00105000 08:06 11010077                   /lib/x86_64-linux-gnu/libm-2.19.so
7f587a930000-7f587a931000 r--p 00104000 08:06 11010077                   /lib/x86_64-linux-gnu/libm-2.19.so
7f587a931000-7f587a932000 rw-p 00105000 08:06 11010077                   /lib/x86_64-linux-gnu/libm-2.19.so
7f587a932000-7f587b5ff000 r-xp 00000000 08:06 8131821                    /usr/lib/jvm/java-8-oracle/jre/lib/amd64/server/libjvm.so
7f587b5ff000-7f587b7fe000 ---p 00ccd000 08:06 8131821                    /usr/lib/jvm/java-8-oracle/jre/lib/amd64/server/libjvm.so
7f587b7fe000-7f587b8d7000 rw-p 00ccc000 08:06 8131821                    /usr/lib/jvm/java-8-oracle/jre/lib/amd64/server/libjvm.so
7f587b8d7000-7f587b922000 rw-p 00000000 00:00 0 
7f587b922000-7f587badc000 r-xp 00000000 08:06 11010150                   /lib/x86_64-linux-gnu/libc-2.19.so
7f587badc000-7f587bcdc000 ---p 001ba000 08:06 11010150                   /lib/x86_64-linux-gnu/libc-2.19.so
7f587bcdc000-7f587bce0000 r--p 001ba000 08:06 11010150                   /lib/x86_64-linux-gnu/libc-2.19.so
7f587bce0000-7f587bce2000 rw-p 001be000 08:06 11010150                   /lib/x86_64-linux-gnu/libc-2.19.so
7f587bce2000-7f587bce7000 rw-p 00000000 00:00 0 
7f587bce7000-7f587bcea000 r-xp 00000000 08:06 11010137                   /lib/x86_64-linux-gnu/libdl-2.19.so
7f587bcea000-7f587bee9000 ---p 00003000 08:06 11010137                   /lib/x86_64-linux-gnu/libdl-2.19.so
7f587bee9000-7f587beea000 r--p 00002000 08:06 11010137                   /lib/x86_64-linux-gnu/libdl-2.19.so
7f587beea000-7f587beeb000 rw-p 00003000 08:06 11010137                   /lib/x86_64-linux-gnu/libdl-2.19.so
7f587beeb000-7f587bf00000 r-xp 00000000 08:06 8925255                    /usr/lib/jvm/java-8-oracle/lib/amd64/jli/libjli.so
7f587bf00000-7f587c100000 ---p 00015000 08:06 8925255                    /usr/lib/jvm/java-8-oracle/lib/amd64/jli/libjli.so
7f587c100000-7f587c101000 rw-p 00015000 08:06 8925255                    /usr/lib/jvm/java-8-oracle/lib/amd64/jli/libjli.so
7f587c101000-7f587c11a000 r-xp 00000000 08:06 11010142                   /lib/x86_64-linux-gnu/libpthread-2.19.so
7f587c11a000-7f587c319000 ---p 00019000 08:06 11010142                   /lib/x86_64-linux-gnu/libpthread-2.19.so
7f587c319000-7f587c31a000 r--p 00018000 08:06 11010142                   /lib/x86_64-linux-gnu/libpthread-2.19.so
7f587c31a000-7f587c31b000 rw-p 00019000 08:06 11010142                   /lib/x86_64-linux-gnu/libpthread-2.19.so
7f587c31b000-7f587c31f000 rw-p 00000000 00:00 0 
7f587c31f000-7f587c342000 r-xp 00000000 08:06 11010143                   /lib/x86_64-linux-gnu/ld-2.19.so
7f587c349000-7f587c41b000 rw-p 00000000 00:00 0 
7f587c41b000-7f587c41e000 ---p 00000000 00:00 0 
7f587c41e000-7f587c535000 rw-p 00000000 00:00 0                          [stack:14485]
7f587c535000-7f587c53d000 rw-s 00000000 08:06 14176427                   /tmp/hsperfdata_buddhikajay/14482
7f587c53d000-7f587c53e000 rw-p 00000000 00:00 0 
7f587c53e000-7f587c53f000 ---p 00000000 00:00 0 
7f587c53f000-7f587c541000 rw-p 00000000 00:00 0 
7f587c541000-7f587c542000 r--p 00022000 08:06 11010143                   /lib/x86_64-linux-gnu/ld-2.19.so
7f587c542000-7f587c543000 rw-p 00023000 08:06 11010143                   /lib/x86_64-linux-gnu/ld-2.19.so
7f587c543000-7f587c544000 rw-p 00000000 00:00 0 
7ffd5b325000-7ffd5b346000 rw-p 00000000 00:00 0                          [stack]
7ffd5b3b6000-7ffd5b3b8000 r-xp 00000000 00:00 0                          [vdso]
ffffffffff600000-ffffffffff601000 r-xp 00000000 00:00 0                  [vsyscall]

VM Arguments:
jvm_args: -Djava.awt.headless=true -Xmx1024M -Dfile.encoding=UTF-8 -Duser.country=US -Duser.language=en -Duser.variant 
java_command: com.android.dx.command.Main --dex --force-jumbo --num-threads=4 --multi-dex --output /home/buddhikajay/Documents/Programming/Paymedia/bankDepositApp/app/build/intermediates/transforms/dex/debug/folders/1000/10/com.android.support-support-compat-24.2.0_d11f436a709832f4f1562eb4bda1445d1305b304 /home/buddhikajay/Documents/Programming/Paymedia/bankDepositApp/app/build/intermediates/exploded-aar/com.android.support/support-compat/24.2.0/jars/classes.jar
java_class_path (initial): /home/buddhikajay/Programs/android-sdk-linux/build-tools/24.0.2/lib/dx.jar
Launcher Type: SUN_STANDARD

Environment Variables:
JAVA_HOME=/usr/lib/jvm/java-8-oracle
PATH=/home/buddhikajay/Programs/gradle-3.1/bin:/home/buddhikajay/Programs/apache-maven-3.3.9/bin:/home/buddhikajay/bin:/usr/local/sbin:/usr/local/bin:/usr/sbin:/usr/bin:/sbin:/bin:/usr/games:/usr/local/games:/usr/lib/jvm/java-8-oracle/bin:/usr/lib/jvm/java-8-oracle/db/bin:/usr/lib/jvm/java-8-oracle/jre/bin
LD_LIBRARY_PATH=/home/buddhikajay/Programs/android-studio/bin:
SHELL=/bin/bash
DISPLAY=:0

Signal Handlers:
SIGSEGV: [libjvm.so+0xac64b0], sa_mask[0]=11111111011111111101111111111110, sa_flags=SA_RESTART|SA_SIGINFO
SIGBUS: [libjvm.so+0xac64b0], sa_mask[0]=11111111011111111101111111111110, sa_flags=SA_RESTART|SA_SIGINFO
SIGFPE: [libjvm.so+0x91f950], sa_mask[0]=11111111011111111101111111111110, sa_flags=SA_RESTART|SA_SIGINFO
SIGPIPE: [libjvm.so+0x91f950], sa_mask[0]=11111111011111111101111111111110, sa_flags=SA_RESTART|SA_SIGINFO
SIGXFSZ: [libjvm.so+0x91f950], sa_mask[0]=11111111011111111101111111111110, sa_flags=SA_RESTART|SA_SIGINFO
SIGILL: [libjvm.so+0x91f950], sa_mask[0]=11111111011111111101111111111110, sa_flags=SA_RESTART|SA_SIGINFO
SIGUSR1: SIG_DFL, sa_mask[0]=00000000000000000000000000000000, sa_flags=none
SIGUSR2: [libjvm.so+0x920f80], sa_mask[0]=00100000000000000000000000000000, sa_flags=SA_RESTART|SA_SIGINFO
SIGHUP: [libjvm.so+0x922380], sa_mask[0]=11111111011111111101111111111110, sa_flags=SA_RESTART|SA_SIGINFO
SIGINT: [libjvm.so+0x922380], sa_mask[0]=11111111011111111101111111111110, sa_flags=SA_RESTART|SA_SIGINFO
SIGTERM: [libjvm.so+0x922380], sa_mask[0]=11111111011111111101111111111110, sa_flags=SA_RESTART|SA_SIGINFO
SIGQUIT: [libjvm.so+0x922380], sa_mask[0]=11111111011111111101111111111110, sa_flags=SA_RESTART|SA_SIGINFO


---------------  S Y S T E M  ---------------

OS:DISTRIB_ID=Ubuntu
DISTRIB_RELEASE=14.04
DISTRIB_CODENAME=trusty
DISTRIB_DESCRIPTION="Ubuntu 14.04.5 LTS"

uname:Linux 3.13.0-106-generic #153-Ubuntu SMP Tue Dec 6 15:44:32 UTC 2016 x86_64
libc:glibc 2.19 NPTL 2.19 
rlimit: STACK 8192k, CORE 0k, NPROC 30327, NOFILE 4096, AS infinity
load average:15.25 5.94 3.15

/proc/meminfo:
MemTotal:        3903588 kB
MemFree:           86688 kB
Buffers:             296 kB
Cached:           374676 kB
SwapCached:        10616 kB
Active:          2565744 kB
Inactive:        1044304 kB
Active(anon):    2562888 kB
Inactive(anon):  1028080 kB
Active(file):       2856 kB
Inactive(file):    16224 kB
Unevictable:         240 kB
Mlocked:             240 kB
SwapTotal:       1951740 kB
SwapFree:              0 kB
Dirty:               176 kB
Writeback:            36 kB
AnonPages:       3225840 kB
Mapped:            49392 kB
Shmem:            355432 kB
Slab:              86392 kB
SReclaimable:      40036 kB
SUnreclaim:        46356 kB
KernelStack:        7568 kB
PageTables:        55108 kB
NFS_Unstable:          0 kB
Bounce:                0 kB
WritebackTmp:          0 kB
CommitLimit:     3903532 kB
Committed_AS:   10752448 kB
VmallocTotal:   34359738367 kB
VmallocUsed:      348232 kB
VmallocChunk:   34359378940 kB
HardwareCorrupted:     0 kB
AnonHugePages:    800768 kB
HugePages_Total:       0
HugePages_Free:        0
HugePages_Rsvd:        0
HugePages_Surp:        0
Hugepagesize:       2048 kB
DirectMap4k:       85388 kB
DirectMap2M:     3964928 kB


CPU:total 4 (2 cores per cpu, 2 threads per core) family 6 model 58 stepping 9, cmov, cx8, fxsr, mmx, sse, sse2, sse3, ssse3, sse4.1, sse4.2, popcnt, avx, aes, clmul, erms, ht, tsc, tscinvbit, tscinv

/proc/cpuinfo:
processor	: 0
vendor_id	: GenuineIntel
cpu family	: 6
model		: 58
model name	: Intel(R) Core(TM) i5-3210M CPU @ 2.50GHz
stepping	: 9
microcode	: 0x15
cpu MHz		: 2501.000
cache size	: 3072 KB
physical id	: 0
siblings	: 4
core id		: 0
cpu cores	: 2
apicid		: 0
initial apicid	: 0
fpu		: yes
fpu_exception	: yes
cpuid level	: 13
wp		: yes
flags		: fpu vme de pse tsc msr pae mce cx8 apic sep mtrr pge mca cmov pat pse36 clflush dts acpi mmx fxsr sse sse2 ss ht tm pbe syscall nx rdtscp lm constant_tsc arch_perfmon pebs bts rep_good nopl xtopology nonstop_tsc aperfmperf eagerfpu pni pclmulqdq dtes64 monitor ds_cpl vmx est tm2 ssse3 cx16 xtpr pdcm pcid sse4_1 sse4_2 x2apic popcnt tsc_deadline_timer aes xsave avx f16c rdrand lahf_lm ida arat epb xsaveopt pln pts dtherm tpr_shadow vnmi flexpriority ept vpid fsgsbase smep erms
bogomips	: 4988.90
clflush size	: 64
cache_alignment	: 64
address sizes	: 36 bits physical, 48 bits virtual
power management:

processor	: 1
vendor_id	: GenuineIntel
cpu family	: 6
model		: 58
model name	: Intel(R) Core(TM) i5-3210M CPU @ 2.50GHz
stepping	: 9
microcode	: 0x15
cpu MHz		: 2501.000
cache size	: 3072 KB
physical id	: 0
siblings	: 4
core id		: 0
cpu cores	: 2
apicid		: 1
initial apicid	: 1
fpu		: yes
fpu_exception	: yes
cpuid level	: 13
wp		: yes
flags		: fpu vme de pse tsc msr pae mce cx8 apic sep mtrr pge mca cmov pat pse36 clflush dts acpi mmx fxsr sse sse2 ss ht tm pbe syscall nx rdtscp lm constant_tsc arch_perfmon pebs bts rep_good nopl xtopology nonstop_tsc aperfmperf eagerfpu pni pclmulqdq dtes64 monitor ds_cpl vmx est tm2 ssse3 cx16 xtpr pdcm pcid sse4_1 sse4_2 x2apic popcnt tsc_deadline_timer aes xsave avx f16c rdrand lahf_lm ida arat epb xsaveopt pln pts dtherm tpr_shadow vnmi flexpriority ept vpid fsgsbase smep erms
bogomips	: 4988.90
clflush size	: 64
cache_alignment	: 64
address sizes	: 36 bits physical, 48 bits virtual
power management:

processor	: 2
vendor_id	: GenuineIntel
cpu family	: 6
model		: 58
model name	: Intel(R) Core(TM) i5-3210M CPU @ 2.50GHz
stepping	: 9
microcode	: 0x15
cpu MHz		: 2501.000
cache size	: 3072 KB
physical id	: 0
siblings	: 4
core id		: 1
cpu cores	: 2
apicid		: 2
initial apicid	: 2
fpu		: yes
fpu_exception	: yes
cpuid level	: 13
wp		: yes
flags		: fpu vme de pse tsc msr pae mce cx8 apic sep mtrr pge mca cmov pat pse36 clflush dts acpi mmx fxsr sse sse2 ss ht tm pbe syscall nx rdtscp lm constant_tsc arch_perfmon pebs bts rep_good nopl xtopology nonstop_tsc aperfmperf eagerfpu pni pclmulqdq dtes64 monitor ds_cpl vmx est tm2 ssse3 cx16 xtpr pdcm pcid sse4_1 sse4_2 x2apic popcnt tsc_deadline_timer aes xsave avx f16c rdrand lahf_lm ida arat epb xsaveopt pln pts dtherm tpr_shadow vnmi flexpriority ept vpid fsgsbase smep erms
bogomips	: 4988.90
clflush size	: 64
cache_alignment	: 64
address sizes	: 36 bits physical, 48 bits virtual
power management:

processor	: 3
vendor_id	: GenuineIntel
cpu family	: 6
model		: 58
model name	: Intel(R) Core(TM) i5-3210M CPU @ 2.50GHz
stepping	: 9
microcode	: 0x15
cpu MHz		: 2501.000
cache size	: 3072 KB
physical id	: 0
siblings	: 4
core id		: 1
cpu cores	: 2
apicid		: 3
initial apicid	: 3
fpu		: yes
fpu_exception	: yes
cpuid level	: 13
wp		: yes
flags		: fpu vme de pse tsc msr pae mce cx8 apic sep mtrr pge mca cmov pat pse36 clflush dts acpi mmx fxsr sse sse2 ss ht tm pbe syscall nx rdtscp lm constant_tsc arch_perfmon pebs bts rep_good nopl xtopology nonstop_tsc aperfmperf eagerfpu pni pclmulqdq dtes64 monitor ds_cpl vmx est tm2 ssse3 cx16 xtpr pdcm pcid sse4_1 sse4_2 x2apic popcnt tsc_deadline_timer aes xsave avx f16c rdrand lahf_lm ida arat epb xsaveopt pln pts dtherm tpr_shadow vnmi flexpriority ept vpid fsgsbase smep erms
bogomips	: 4988.90
clflush size	: 64
cache_alignment	: 64
address sizes	: 36 bits physical, 48 bits virtual
power management:



Memory: 4k page, physical 3903588k(86688k free), swap 1951740k(0k free)

vm_info: Java HotSpot(TM) 64-Bit Server VM (25.111-b14) for linux-amd64 JRE (1.8.0_111-b14), built on Sep 22 2016 16:14:03 by "java_re" with gcc 4.3.0 20080428 (Red Hat 4.3.0-8)

time: Mon Jan  2 20:19:05 2017
elapsed time: 5 seconds (0d 0h 0m 5s)

