#
# There is insufficient memory for the Java Runtime Environment to continue.
# Native memory allocation (mmap) failed to map 20971520 bytes for committing reserved memory.
# Possible reasons:
#   The system is out of physical RAM or swap space
#   In 32 bit mode, the process size limit was hit
# Possible solutions:
#   Reduce memory load on the system
#   Increase physical memory or swap space
#   Check if swap backing store is full
#   Use 64 bit Java on a 64 bit OS
#   Decrease Java heap size (-Xmx/-Xms)
#   Decrease number of Java threads
#   Decrease Java thread stack sizes (-Xss)
#   Set larger code cache with -XX:ReservedCodeCacheSize=
# This output file may be truncated or incomplete.
#
#  Out of Memory Error (os_linux.cpp:2627), pid=15144, tid=0x00007f95e208c700
#
# JRE version:  (8.0_111-b14) (build )
# Java VM: Java HotSpot(TM) 64-Bit Server VM (25.111-b14 mixed mode linux-amd64 compressed oops)
# Failed to write core dump. Core dumps have been disabled. To enable core dumping, try "ulimit -c unlimited" before starting Java again
#

---------------  T H R E A D  ---------------

Current thread (0x00007f95dc00a000):  JavaThread "Unknown thread" [_thread_in_vm, id=15154, stack(0x00007f95e1f8c000,0x00007f95e208d000)]

Stack: [0x00007f95e1f8c000,0x00007f95e208d000],  sp=0x00007f95e208b3c0,  free space=1020k
Native frames: (J=compiled Java code, j=interpreted, Vv=VM code, C=native code)
V  [libjvm.so+0xac5c2a]  VMError::report_and_die()+0x2ba
V  [libjvm.so+0x4fc50b]  report_vm_out_of_memory(char const*, int, unsigned long, VMErrorType, char const*)+0x8b
V  [libjvm.so+0x922ae3]  os::Linux::commit_memory_impl(char*, unsigned long, bool)+0x103
V  [libjvm.so+0x923039]  os::pd_commit_memory(char*, unsigned long, unsigned long, bool)+0x29
V  [libjvm.so+0x91d33a]  os::commit_memory(char*, unsigned long, unsigned long, bool)+0x2a
V  [libjvm.so+0x991ac3]  PSVirtualSpace::expand_by(unsigned long)+0x53
V  [libjvm.so+0x992a85]  PSYoungGen::initialize_virtual_space(ReservedSpace, unsigned long)+0x75
V  [libjvm.so+0x9933ee]  PSYoungGen::initialize(ReservedSpace, unsigned long)+0x3e
V  [libjvm.so+0x2d8895]  AdjoiningGenerations::AdjoiningGenerations(ReservedSpace, GenerationSizer*, unsigned long)+0x345
V  [libjvm.so+0x945e96]  ParallelScavengeHeap::initialize()+0x1d6
V  [libjvm.so+0xa8dd53]  Universe::initialize_heap()+0xf3
V  [libjvm.so+0xa8e2be]  universe_init()+0x3e
V  [libjvm.so+0x63c925]  init_globals()+0x65
V  [libjvm.so+0xa719be]  Threads::create_vm(JavaVMInitArgs*, bool*)+0x23e
V  [libjvm.so+0x6d11c4]  JNI_CreateJavaVM+0x74
C  [libjli.so+0x745e]  JavaMain+0x9e
C  [libpthread.so.0+0x8184]  start_thread+0xc4


---------------  P R O C E S S  ---------------

Java Threads: ( => current thread )

Other Threads:

=>0x00007f95dc00a000 (exited) JavaThread "Unknown thread" [_thread_in_vm, id=15154, stack(0x00007f95e1f8c000,0x00007f95e208d000)]

VM state:not at safepoint (not fully initialized)

VM Mutex/Monitor currently owned by a thread: None

GC Heap History (0 events):
No events

Deoptimization events (0 events):
No events

Internal exceptions (0 events):
No events

Events (0 events):
No events


Dynamic libraries:
00400000-00401000 r-xp 00000000 08:06 8536111                            /usr/lib/jvm/java-8-oracle/bin/java
00600000-00601000 rw-p 00000000 08:06 8536111                            /usr/lib/jvm/java-8-oracle/bin/java
00a01000-00a22000 rw-p 00000000 00:00 0                                  [heap]
c0000000-eab00000 ---p 00000000 00:00 0 
ebf00000-100000000 ---p 00000000 00:00 0 
7f95cb810000-7f95cb9a7000 rw-p 00000000 00:00 0 
7f95cb9a7000-7f95cbba7000 ---p 00000000 00:00 0 
7f95cbba7000-7f95cbbb2000 rw-p 00000000 00:00 0 
7f95cbbb2000-7f95cbf68000 ---p 00000000 00:00 0 
7f95cbf68000-7f95cc1d8000 rwxp 00000000 00:00 0 
7f95cc1d8000-7f95daf68000 ---p 00000000 00:00 0 
7f95daf68000-7f95daf82000 r-xp 00000000 08:06 8131814                    /usr/lib/jvm/java-8-oracle/jre/lib/amd64/libzip.so
7f95daf82000-7f95db182000 ---p 0001a000 08:06 8131814                    /usr/lib/jvm/java-8-oracle/jre/lib/amd64/libzip.so
7f95db182000-7f95db183000 rw-p 0001a000 08:06 8131814                    /usr/lib/jvm/java-8-oracle/jre/lib/amd64/libzip.so
7f95db183000-7f95db18d000 r-xp 00000000 08:06 11011029                   /lib/x86_64-linux-gnu/libnss_files-2.19.so
7f95db18d000-7f95db38c000 ---p 0000a000 08:06 11011029                   /lib/x86_64-linux-gnu/libnss_files-2.19.so
7f95db38c000-7f95db38d000 r--p 00009000 08:06 11011029                   /lib/x86_64-linux-gnu/libnss_files-2.19.so
7f95db38d000-7f95db38e000 rw-p 0000a000 08:06 11011029                   /lib/x86_64-linux-gnu/libnss_files-2.19.so
7f95db38e000-7f95db399000 r-xp 00000000 08:06 11010145                   /lib/x86_64-linux-gnu/libnss_nis-2.19.so
7f95db399000-7f95db598000 ---p 0000b000 08:06 11010145                   /lib/x86_64-linux-gnu/libnss_nis-2.19.so
7f95db598000-7f95db599000 r--p 0000a000 08:06 11010145                   /lib/x86_64-linux-gnu/libnss_nis-2.19.so
7f95db599000-7f95db59a000 rw-p 0000b000 08:06 11010145                   /lib/x86_64-linux-gnu/libnss_nis-2.19.so
7f95db59a000-7f95db5b1000 r-xp 00000000 08:06 11010141                   /lib/x86_64-linux-gnu/libnsl-2.19.so
7f95db5b1000-7f95db7b0000 ---p 00017000 08:06 11010141                   /lib/x86_64-linux-gnu/libnsl-2.19.so
7f95db7b0000-7f95db7b1000 r--p 00016000 08:06 11010141                   /lib/x86_64-linux-gnu/libnsl-2.19.so
7f95db7b1000-7f95db7b2000 rw-p 00017000 08:06 11010141                   /lib/x86_64-linux-gnu/libnsl-2.19.so
7f95db7b2000-7f95db7b4000 rw-p 00000000 00:00 0 
7f95db7b4000-7f95db7bd000 r-xp 00000000 08:06 11010140                   /lib/x86_64-linux-gnu/libnss_compat-2.19.so
7f95db7bd000-7f95db9bc000 ---p 00009000 08:06 11010140                   /lib/x86_64-linux-gnu/libnss_compat-2.19.so
7f95db9bc000-7f95db9bd000 r--p 00008000 08:06 11010140                   /lib/x86_64-linux-gnu/libnss_compat-2.19.so
7f95db9bd000-7f95db9be000 rw-p 00009000 08:06 11010140                   /lib/x86_64-linux-gnu/libnss_compat-2.19.so
7f95db9be000-7f95db9e9000 r-xp 00000000 08:06 8133085                    /usr/lib/jvm/java-8-oracle/jre/lib/amd64/libjava.so
7f95db9e9000-7f95dbbe8000 ---p 0002b000 08:06 8133085                    /usr/lib/jvm/java-8-oracle/jre/lib/amd64/libjava.so
7f95dbbe8000-7f95dbbea000 rw-p 0002a000 08:06 8133085                    /usr/lib/jvm/java-8-oracle/jre/lib/amd64/libjava.so
7f95dbbea000-7f95dbbf7000 r-xp 00000000 08:06 8131842                    /usr/lib/jvm/java-8-oracle/jre/lib/amd64/libverify.so
7f95dbbf7000-7f95dbdf6000 ---p 0000d000 08:06 8131842                    /usr/lib/jvm/java-8-oracle/jre/lib/amd64/libverify.so
7f95dbdf6000-7f95dbdf8000 rw-p 0000c000 08:06 8131842                    /usr/lib/jvm/java-8-oracle/jre/lib/amd64/libverify.so
7f95dbdf8000-7f95dbdff000 r-xp 00000000 08:06 11010149                   /lib/x86_64-linux-gnu/librt-2.19.so
7f95dbdff000-7f95dbffe000 ---p 00007000 08:06 11010149                   /lib/x86_64-linux-gnu/librt-2.19.so
7f95dbffe000-7f95dbfff000 r--p 00006000 08:06 11010149                   /lib/x86_64-linux-gnu/librt-2.19.so
7f95dbfff000-7f95dc000000 rw-p 00007000 08:06 11010149                   /lib/x86_64-linux-gnu/librt-2.19.so
7f95dc000000-7f95dc031000 rw-p 00000000 00:00 0 
7f95dc031000-7f95e0000000 ---p 00000000 00:00 0 
7f95e00ad000-7f95e019d000 rw-p 00000000 00:00 0 
7f95e019d000-7f95e02a2000 r-xp 00000000 08:06 11010077                   /lib/x86_64-linux-gnu/libm-2.19.so
7f95e02a2000-7f95e04a1000 ---p 00105000 08:06 11010077                   /lib/x86_64-linux-gnu/libm-2.19.so
7f95e04a1000-7f95e04a2000 r--p 00104000 08:06 11010077                   /lib/x86_64-linux-gnu/libm-2.19.so
7f95e04a2000-7f95e04a3000 rw-p 00105000 08:06 11010077                   /lib/x86_64-linux-gnu/libm-2.19.so
7f95e04a3000-7f95e1170000 r-xp 00000000 08:06 8131821                    /usr/lib/jvm/java-8-oracle/jre/lib/amd64/server/libjvm.so
7f95e1170000-7f95e136f000 ---p 00ccd000 08:06 8131821                    /usr/lib/jvm/java-8-oracle/jre/lib/amd64/server/libjvm.so
7f95e136f000-7f95e1448000 rw-p 00ccc000 08:06 8131821                    /usr/lib/jvm/java-8-oracle/jre/lib/amd64/server/libjvm.so
7f95e1448000-7f95e1493000 rw-p 00000000 00:00 0 
7f95e1493000-7f95e164d000 r-xp 00000000 08:06 11010150                   /lib/x86_64-linux-gnu/libc-2.19.so
7f95e164d000-7f95e184d000 ---p 001ba000 08:06 11010150                   /lib/x86_64-linux-gnu/libc-2.19.so
7f95e184d000-7f95e1851000 r--p 001ba000 08:06 11010150                   /lib/x86_64-linux-gnu/libc-2.19.so
7f95e1851000-7f95e1853000 rw-p 001be000 08:06 11010150                   /lib/x86_64-linux-gnu/libc-2.19.so
7f95e1853000-7f95e1858000 rw-p 00000000 00:00 0 
7f95e1858000-7f95e185b000 r-xp 00000000 08:06 11010137                   /lib/x86_64-linux-gnu/libdl-2.19.so
7f95e185b000-7f95e1a5a000 ---p 00003000 08:06 11010137                   /lib/x86_64-linux-gnu/libdl-2.19.so
7f95e1a5a000-7f95e1a5b000 r--p 00002000 08:06 11010137                   /lib/x86_64-linux-gnu/libdl-2.19.so
7f95e1a5b000-7f95e1a5c000 rw-p 00003000 08:06 11010137                   /lib/x86_64-linux-gnu/libdl-2.19.so
7f95e1a5c000-7f95e1a71000 r-xp 00000000 08:06 8925255                    /usr/lib/jvm/java-8-oracle/lib/amd64/jli/libjli.so
7f95e1a71000-7f95e1c71000 ---p 00015000 08:06 8925255                    /usr/lib/jvm/java-8-oracle/lib/amd64/jli/libjli.so
7f95e1c71000-7f95e1c72000 rw-p 00015000 08:06 8925255                    /usr/lib/jvm/java-8-oracle/lib/amd64/jli/libjli.so
7f95e1c72000-7f95e1c8b000 r-xp 00000000 08:06 11010142                   /lib/x86_64-linux-gnu/libpthread-2.19.so
7f95e1c8b000-7f95e1e8a000 ---p 00019000 08:06 11010142                   /lib/x86_64-linux-gnu/libpthread-2.19.so
7f95e1e8a000-7f95e1e8b000 r--p 00018000 08:06 11010142                   /lib/x86_64-linux-gnu/libpthread-2.19.so
7f95e1e8b000-7f95e1e8c000 rw-p 00019000 08:06 11010142                   /lib/x86_64-linux-gnu/libpthread-2.19.so
7f95e1e8c000-7f95e1e90000 rw-p 00000000 00:00 0 
7f95e1e90000-7f95e1eb3000 r-xp 00000000 08:06 11010143                   /lib/x86_64-linux-gnu/ld-2.19.so
7f95e1f8c000-7f95e1f8f000 ---p 00000000 00:00 0 
7f95e1f8f000-7f95e2091000 rw-p 00000000 00:00 0                          [stack:15154]
7f95e20a3000-7f95e20a6000 rw-p 00000000 00:00 0 
7f95e20a6000-7f95e20ae000 rw-s 00000000 08:06 14176432                   /tmp/hsperfdata_buddhikajay/15144
7f95e20ae000-7f95e20af000 rw-p 00000000 00:00 0 
7f95e20af000-7f95e20b0000 r--p 00000000 00:00 0 
7f95e20b0000-7f95e20b2000 rw-p 00000000 00:00 0 
7f95e20b2000-7f95e20b3000 r--p 00022000 08:06 11010143                   /lib/x86_64-linux-gnu/ld-2.19.so
7f95e20b3000-7f95e20b4000 rw-p 00023000 08:06 11010143                   /lib/x86_64-linux-gnu/ld-2.19.so
7f95e20b4000-7f95e20b5000 rw-p 00000000 00:00 0 
7ffcb2e13000-7ffcb2e34000 rw-p 00000000 00:00 0                          [stack]
7ffcb2e4d000-7ffcb2e4f000 r-xp 00000000 00:00 0                          [vdso]
ffffffffff600000-ffffffffff601000 r-xp 00000000 00:00 0                  [vsyscall]

VM Arguments:
jvm_args: -Djava.awt.headless=true -Xmx1024M -Dfile.encoding=UTF-8 -Duser.country=US -Duser.language=en -Duser.variant 
java_command: com.android.dx.command.Main --dex --force-jumbo --num-threads=4 --multi-dex --output /home/buddhikajay/Documents/Programming/Paymedia/bankDepositApp/app/build/intermediates/transforms/dex/debug/folders/1000/5/slice_2 /home/buddhikajay/Documents/Programming/Paymedia/bankDepositApp/app/build/intermediates/transforms/instantRunSlicer/debug/folders/1/5/slice_2
java_class_path (initial): /home/buddhikajay/Programs/android-sdk-linux/build-tools/24.0.2/lib/dx.jar
Launcher Type: SUN_STANDARD

Environment Variables:
JAVA_HOME=/usr/lib/jvm/java-8-oracle
PATH=/home/buddhikajay/Programs/gradle-3.1/bin:/home/buddhikajay/Programs/apache-maven-3.3.9/bin:/home/buddhikajay/bin:/usr/local/sbin:/usr/local/bin:/usr/sbin:/usr/bin:/sbin:/bin:/usr/games:/usr/local/games:/usr/lib/jvm/java-8-oracle/bin:/usr/lib/jvm/java-8-oracle/db/bin:/usr/lib/jvm/java-8-oracle/jre/bin
LD_LIBRARY_PATH=/home/buddhikajay/Programs/android-studio/bin:
SHELL=/bin/bash
DISPLAY=:0

Signal Handlers:
SIGSEGV: [libjvm.so+0xac64b0], sa_mask[0]=11111111011111111101111111111110, sa_flags=SA_RESTART|SA_SIGINFO
SIGBUS: [libjvm.so+0xac64b0], sa_mask[0]=11111111011111111101111111111110, sa_flags=SA_RESTART|SA_SIGINFO
SIGFPE: [libjvm.so+0x91f950], sa_mask[0]=11111111011111111101111111111110, sa_flags=SA_RESTART|SA_SIGINFO
SIGPIPE: [libjvm.so+0x91f950], sa_mask[0]=11111111011111111101111111111110, sa_flags=SA_RESTART|SA_SIGINFO
SIGXFSZ: [libjvm.so+0x91f950], sa_mask[0]=11111111011111111101111111111110, sa_flags=SA_RESTART|SA_SIGINFO
SIGILL: [libjvm.so+0x91f950], sa_mask[0]=11111111011111111101111111111110, sa_flags=SA_RESTART|SA_SIGINFO
SIGUSR1: SIG_DFL, sa_mask[0]=00000000000000000000000000000000, sa_flags=none
SIGUSR2: [libjvm.so+0x920f80], sa_mask[0]=00100000000000000000000000000000, sa_flags=SA_RESTART|SA_SIGINFO
SIGHUP: SIG_DFL, sa_mask[0]=00000000000000000000000000000000, sa_flags=none
SIGINT: SIG_DFL, sa_mask[0]=00000000000000000000000000000000, sa_flags=none
SIGTERM: SIG_DFL, sa_mask[0]=00000000000000000000000000000000, sa_flags=none
SIGQUIT: SIG_DFL, sa_mask[0]=00000000000000000000000000000000, sa_flags=none


---------------  S Y S T E M  ---------------

OS:DISTRIB_ID=Ubuntu
DISTRIB_RELEASE=14.04
DISTRIB_CODENAME=trusty
DISTRIB_DESCRIPTION="Ubuntu 14.04.5 LTS"

uname:Linux 3.13.0-106-generic #153-Ubuntu SMP Tue Dec 6 15:44:32 UTC 2016 x86_64
libc:glibc 2.19 NPTL 2.19 
rlimit: STACK 8192k, CORE 0k, NPROC 30327, NOFILE 4096, AS infinity
load average:12.75 7.13 3.76

/proc/meminfo:
MemTotal:        3903588 kB
MemFree:           89896 kB
Buffers:             176 kB
Cached:           342616 kB
SwapCached:         3240 kB
Active:          2576352 kB
Inactive:        1033428 kB
Active(anon):    2576192 kB
Inactive(anon):  1029504 kB
Active(file):        160 kB
Inactive(file):     3924 kB
Unevictable:         240 kB
Mlocked:             240 kB
SwapTotal:       1951740 kB
SwapFree:              0 kB
Dirty:                44 kB
Writeback:             0 kB
AnonPages:       3265148 kB
Mapped:             1536 kB
Shmem:            337776 kB
Slab:              85932 kB
SReclaimable:      39772 kB
SUnreclaim:        46160 kB
KernelStack:        7128 kB
PageTables:        54552 kB
NFS_Unstable:          0 kB
Bounce:                0 kB
WritebackTmp:          0 kB
CommitLimit:     3903532 kB
Committed_AS:   10315140 kB
VmallocTotal:   34359738367 kB
VmallocUsed:      348232 kB
VmallocChunk:   34359378940 kB
HardwareCorrupted:     0 kB
AnonHugePages:    819200 kB
HugePages_Total:       0
HugePages_Free:        0
HugePages_Rsvd:        0
HugePages_Surp:        0
Hugepagesize:       2048 kB
DirectMap4k:       85388 kB
DirectMap2M:     3964928 kB


CPU:total 4 (2 cores per cpu, 2 threads per core) family 6 model 58 stepping 9, cmov, cx8, fxsr, mmx, sse, sse2, sse3, ssse3, sse4.1, sse4.2, popcnt, avx, aes, clmul, erms, ht, tsc, tscinvbit, tscinv

/proc/cpuinfo:
processor	: 0
vendor_id	: GenuineIntel
cpu family	: 6
model		: 58
model name	: Intel(R) Core(TM) i5-3210M CPU @ 2.50GHz
stepping	: 9
microcode	: 0x15
cpu MHz		: 2501.000
cache size	: 3072 KB
physical id	: 0
siblings	: 4
core id		: 0
cpu cores	: 2
apicid		: 0
initial apicid	: 0
fpu		: yes
fpu_exception	: yes
cpuid level	: 13
wp		: yes
flags		: fpu vme de pse tsc msr pae mce cx8 apic sep mtrr pge mca cmov pat pse36 clflush dts acpi mmx fxsr sse sse2 ss ht tm pbe syscall nx rdtscp lm constant_tsc arch_perfmon pebs bts rep_good nopl xtopology nonstop_tsc aperfmperf eagerfpu pni pclmulqdq dtes64 monitor ds_cpl vmx est tm2 ssse3 cx16 xtpr pdcm pcid sse4_1 sse4_2 x2apic popcnt tsc_deadline_timer aes xsave avx f16c rdrand lahf_lm ida arat epb xsaveopt pln pts dtherm tpr_shadow vnmi flexpriority ept vpid fsgsbase smep erms
bogomips	: 4988.90
clflush size	: 64
cache_alignment	: 64
address sizes	: 36 bits physical, 48 bits virtual
power management:

processor	: 1
vendor_id	: GenuineIntel
cpu family	: 6
model		: 58
model name	: Intel(R) Core(TM) i5-3210M CPU @ 2.50GHz
stepping	: 9
microcode	: 0x15
cpu MHz		: 2501.000
cache size	: 3072 KB
physical id	: 0
siblings	: 4
core id		: 0
cpu cores	: 2
apicid		: 1
initial apicid	: 1
fpu		: yes
fpu_exception	: yes
cpuid level	: 13
wp		: yes
flags		: fpu vme de pse tsc msr pae mce cx8 apic sep mtrr pge mca cmov pat pse36 clflush dts acpi mmx fxsr sse sse2 ss ht tm pbe syscall nx rdtscp lm constant_tsc arch_perfmon pebs bts rep_good nopl xtopology nonstop_tsc aperfmperf eagerfpu pni pclmulqdq dtes64 monitor ds_cpl vmx est tm2 ssse3 cx16 xtpr pdcm pcid sse4_1 sse4_2 x2apic popcnt tsc_deadline_timer aes xsave avx f16c rdrand lahf_lm ida arat epb xsaveopt pln pts dtherm tpr_shadow vnmi flexpriority ept vpid fsgsbase smep erms
bogomips	: 4988.90
clflush size	: 64
cache_alignment	: 64
address sizes	: 36 bits physical, 48 bits virtual
power management:

processor	: 2
vendor_id	: GenuineIntel
cpu family	: 6
model		: 58
model name	: Intel(R) Core(TM) i5-3210M CPU @ 2.50GHz
stepping	: 9
microcode	: 0x15
cpu MHz		: 2501.000
cache size	: 3072 KB
physical id	: 0
siblings	: 4
core id		: 1
cpu cores	: 2
apicid		: 2
initial apicid	: 2
fpu		: yes
fpu_exception	: yes
cpuid level	: 13
wp		: yes
flags		: fpu vme de pse tsc msr pae mce cx8 apic sep mtrr pge mca cmov pat pse36 clflush dts acpi mmx fxsr sse sse2 ss ht tm pbe syscall nx rdtscp lm constant_tsc arch_perfmon pebs bts rep_good nopl xtopology nonstop_tsc aperfmperf eagerfpu pni pclmulqdq dtes64 monitor ds_cpl vmx est tm2 ssse3 cx16 xtpr pdcm pcid sse4_1 sse4_2 x2apic popcnt tsc_deadline_timer aes xsave avx f16c rdrand lahf_lm ida arat epb xsaveopt pln pts dtherm tpr_shadow vnmi flexpriority ept vpid fsgsbase smep erms
bogomips	: 4988.90
clflush size	: 64
cache_alignment	: 64
address sizes	: 36 bits physical, 48 bits virtual
power management:

processor	: 3
vendor_id	: GenuineIntel
cpu family	: 6
model		: 58
model name	: Intel(R) Core(TM) i5-3210M CPU @ 2.50GHz
stepping	: 9
microcode	: 0x15
cpu MHz		: 2501.000
cache size	: 3072 KB
physical id	: 0
siblings	: 4
core id		: 1
cpu cores	: 2
apicid		: 3
initial apicid	: 3
fpu		: yes
fpu_exception	: yes
cpuid level	: 13
wp		: yes
flags		: fpu vme de pse tsc msr pae mce cx8 apic sep mtrr pge mca cmov pat pse36 clflush dts acpi mmx fxsr sse sse2 ss ht tm pbe syscall nx rdtscp lm constant_tsc arch_perfmon pebs bts rep_good nopl xtopology nonstop_tsc aperfmperf eagerfpu pni pclmulqdq dtes64 monitor ds_cpl vmx est tm2 ssse3 cx16 xtpr pdcm pcid sse4_1 sse4_2 x2apic popcnt tsc_deadline_timer aes xsave avx f16c rdrand lahf_lm ida arat epb xsaveopt pln pts dtherm tpr_shadow vnmi flexpriority ept vpid fsgsbase smep erms
bogomips	: 4988.90
clflush size	: 64
cache_alignment	: 64
address sizes	: 36 bits physical, 48 bits virtual
power management:



Memory: 4k page, physical 3903588k(89152k free), swap 1951740k(0k free)

vm_info: Java HotSpot(TM) 64-Bit Server VM (25.111-b14) for linux-amd64 JRE (1.8.0_111-b14), built on Sep 22 2016 16:14:03 by "java_re" with gcc 4.3.0 20080428 (Red Hat 4.3.0-8)

time: Mon Jan  2 20:20:11 2017
elapsed time: 0 seconds (0d 0h 0m 0s)

