#
# There is insufficient memory for the Java Runtime Environment to continue.
# Native memory allocation (mmap) failed to map 41943040 bytes for committing reserved memory.
# Possible reasons:
#   The system is out of physical RAM or swap space
#   In 32 bit mode, the process size limit was hit
# Possible solutions:
#   Reduce memory load on the system
#   Increase physical memory or swap space
#   Check if swap backing store is full
#   Use 64 bit Java on a 64 bit OS
#   Decrease Java heap size (-Xmx/-Xms)
#   Decrease number of Java threads
#   Decrease Java thread stack sizes (-Xss)
#   Set larger code cache with -XX:ReservedCodeCacheSize=
# This output file may be truncated or incomplete.
#
#  Out of Memory Error (os_linux.cpp:2627), pid=15090, tid=0x00007f7477b58700
#
# JRE version:  (8.0_111-b14) (build )
# Java VM: Java HotSpot(TM) 64-Bit Server VM (25.111-b14 mixed mode linux-amd64 compressed oops)
# Failed to write core dump. Core dumps have been disabled. To enable core dumping, try "ulimit -c unlimited" before starting Java again
#

---------------  T H R E A D  ---------------

Current thread (0x00007f747000a000):  JavaThread "Unknown thread" [_thread_in_vm, id=15101, stack(0x00007f7477a58000,0x00007f7477b59000)]

Stack: [0x00007f7477a58000,0x00007f7477b59000],  sp=0x00007f7477b57380,  free space=1020k
Native frames: (J=compiled Java code, j=interpreted, Vv=VM code, C=native code)
V  [libjvm.so+0xac5c2a]  VMError::report_and_die()+0x2ba
V  [libjvm.so+0x4fc50b]  report_vm_out_of_memory(char const*, int, unsigned long, VMErrorType, char const*)+0x8b
V  [libjvm.so+0x922ae3]  os::Linux::commit_memory_impl(char*, unsigned long, bool)+0x103
V  [libjvm.so+0x923039]  os::pd_commit_memory(char*, unsigned long, unsigned long, bool)+0x29
V  [libjvm.so+0x91d33a]  os::commit_memory(char*, unsigned long, unsigned long, bool)+0x2a
V  [libjvm.so+0x991ac3]  PSVirtualSpace::expand_by(unsigned long)+0x53
V  [libjvm.so+0x981bd7]  PSOldGen::initialize(ReservedSpace, unsigned long, char const*, int)+0xb7
V  [libjvm.so+0x2d88ea]  AdjoiningGenerations::AdjoiningGenerations(ReservedSpace, GenerationSizer*, unsigned long)+0x39a
V  [libjvm.so+0x945e96]  ParallelScavengeHeap::initialize()+0x1d6
V  [libjvm.so+0xa8dd53]  Universe::initialize_heap()+0xf3
V  [libjvm.so+0xa8e2be]  universe_init()+0x3e
V  [libjvm.so+0x63c925]  init_globals()+0x65
V  [libjvm.so+0xa719be]  Threads::create_vm(JavaVMInitArgs*, bool*)+0x23e
V  [libjvm.so+0x6d11c4]  JNI_CreateJavaVM+0x74
C  [libjli.so+0x745e]  JavaMain+0x9e
C  [libpthread.so.0+0x8184]  start_thread+0xc4


---------------  P R O C E S S  ---------------

Java Threads: ( => current thread )

Other Threads:

=>0x00007f747000a000 (exited) JavaThread "Unknown thread" [_thread_in_vm, id=15101, stack(0x00007f7477a58000,0x00007f7477b59000)]

VM state:not at safepoint (not fully initialized)

VM Mutex/Monitor currently owned by a thread: None

GC Heap History (0 events):
No events

Deoptimization events (0 events):
No events

Internal exceptions (0 events):
No events

Events (0 events):
No events


Dynamic libraries:
00400000-00401000 r-xp 00000000 08:06 8536111                            /usr/lib/jvm/java-8-oracle/bin/java
00600000-00601000 rw-p 00000000 08:06 8536111                            /usr/lib/jvm/java-8-oracle/bin/java
00fc1000-00fe2000 rw-p 00000000 00:00 0                                  [heap]
c2800000-eab00000 ---p 00000000 00:00 0 
eab00000-ebf00000 rw-p 00000000 00:00 0 
ebf00000-100000000 ---p 00000000 00:00 0 
7f7461000000-7f7461270000 rwxp 00000000 00:00 0 
7f7461270000-7f7470000000 ---p 00000000 00:00 0 
7f7470000000-7f7470032000 rw-p 00000000 00:00 0 
7f7470032000-7f7474000000 ---p 00000000 00:00 0 
7f7474389000-7f7474610000 rw-p 00000000 00:00 0 
7f7474610000-7f7474765000 ---p 00000000 00:00 0 
7f7474765000-7f7474770000 rw-p 00000000 00:00 0 
7f7474770000-7f7474810000 ---p 00000000 00:00 0 
7f7474810000-7f747481b000 rw-p 00000000 00:00 0 
7f747481b000-7f7474bd1000 ---p 00000000 00:00 0 
7f7474bd1000-7f7474beb000 r-xp 00000000 08:06 8131814                    /usr/lib/jvm/java-8-oracle/jre/lib/amd64/libzip.so
7f7474beb000-7f7474deb000 ---p 0001a000 08:06 8131814                    /usr/lib/jvm/java-8-oracle/jre/lib/amd64/libzip.so
7f7474deb000-7f7474dec000 rw-p 0001a000 08:06 8131814                    /usr/lib/jvm/java-8-oracle/jre/lib/amd64/libzip.so
7f7474dec000-7f7474df6000 r-xp 00000000 08:06 11011029                   /lib/x86_64-linux-gnu/libnss_files-2.19.so
7f7474df6000-7f7474ff5000 ---p 0000a000 08:06 11011029                   /lib/x86_64-linux-gnu/libnss_files-2.19.so
7f7474ff5000-7f7474ff6000 r--p 00009000 08:06 11011029                   /lib/x86_64-linux-gnu/libnss_files-2.19.so
7f7474ff6000-7f7474ff7000 rw-p 0000a000 08:06 11011029                   /lib/x86_64-linux-gnu/libnss_files-2.19.so
7f7474ff7000-7f7475002000 r-xp 00000000 08:06 11010145                   /lib/x86_64-linux-gnu/libnss_nis-2.19.so
7f7475002000-7f7475201000 ---p 0000b000 08:06 11010145                   /lib/x86_64-linux-gnu/libnss_nis-2.19.so
7f7475201000-7f7475202000 r--p 0000a000 08:06 11010145                   /lib/x86_64-linux-gnu/libnss_nis-2.19.so
7f7475202000-7f7475203000 rw-p 0000b000 08:06 11010145                   /lib/x86_64-linux-gnu/libnss_nis-2.19.so
7f7475203000-7f747521a000 r-xp 00000000 08:06 11010141                   /lib/x86_64-linux-gnu/libnsl-2.19.so
7f747521a000-7f7475419000 ---p 00017000 08:06 11010141                   /lib/x86_64-linux-gnu/libnsl-2.19.so
7f7475419000-7f747541a000 r--p 00016000 08:06 11010141                   /lib/x86_64-linux-gnu/libnsl-2.19.so
7f747541a000-7f747541b000 rw-p 00017000 08:06 11010141                   /lib/x86_64-linux-gnu/libnsl-2.19.so
7f747541b000-7f747541d000 rw-p 00000000 00:00 0 
7f747541d000-7f7475426000 r-xp 00000000 08:06 11010140                   /lib/x86_64-linux-gnu/libnss_compat-2.19.so
7f7475426000-7f7475625000 ---p 00009000 08:06 11010140                   /lib/x86_64-linux-gnu/libnss_compat-2.19.so
7f7475625000-7f7475626000 r--p 00008000 08:06 11010140                   /lib/x86_64-linux-gnu/libnss_compat-2.19.so
7f7475626000-7f7475627000 rw-p 00009000 08:06 11010140                   /lib/x86_64-linux-gnu/libnss_compat-2.19.so
7f7475627000-7f7475652000 r-xp 00000000 08:06 8133085                    /usr/lib/jvm/java-8-oracle/jre/lib/amd64/libjava.so
7f7475652000-7f7475851000 ---p 0002b000 08:06 8133085                    /usr/lib/jvm/java-8-oracle/jre/lib/amd64/libjava.so
7f7475851000-7f7475853000 rw-p 0002a000 08:06 8133085                    /usr/lib/jvm/java-8-oracle/jre/lib/amd64/libjava.so
7f7475853000-7f7475860000 r-xp 00000000 08:06 8131842                    /usr/lib/jvm/java-8-oracle/jre/lib/amd64/libverify.so
7f7475860000-7f7475a5f000 ---p 0000d000 08:06 8131842                    /usr/lib/jvm/java-8-oracle/jre/lib/amd64/libverify.so
7f7475a5f000-7f7475a61000 rw-p 0000c000 08:06 8131842                    /usr/lib/jvm/java-8-oracle/jre/lib/amd64/libverify.so
7f7475a61000-7f7475a68000 r-xp 00000000 08:06 11010149                   /lib/x86_64-linux-gnu/librt-2.19.so
7f7475a68000-7f7475c67000 ---p 00007000 08:06 11010149                   /lib/x86_64-linux-gnu/librt-2.19.so
7f7475c67000-7f7475c68000 r--p 00006000 08:06 11010149                   /lib/x86_64-linux-gnu/librt-2.19.so
7f7475c68000-7f7475c69000 rw-p 00007000 08:06 11010149                   /lib/x86_64-linux-gnu/librt-2.19.so
7f7475c69000-7f7475d6e000 r-xp 00000000 08:06 11010077                   /lib/x86_64-linux-gnu/libm-2.19.so
7f7475d6e000-7f7475f6d000 ---p 00105000 08:06 11010077                   /lib/x86_64-linux-gnu/libm-2.19.so
7f7475f6d000-7f7475f6e000 r--p 00104000 08:06 11010077                   /lib/x86_64-linux-gnu/libm-2.19.so
7f7475f6e000-7f7475f6f000 rw-p 00105000 08:06 11010077                   /lib/x86_64-linux-gnu/libm-2.19.so
7f7475f6f000-7f7476c3c000 r-xp 00000000 08:06 8131821                    /usr/lib/jvm/java-8-oracle/jre/lib/amd64/server/libjvm.so
7f7476c3c000-7f7476e3b000 ---p 00ccd000 08:06 8131821                    /usr/lib/jvm/java-8-oracle/jre/lib/amd64/server/libjvm.so
7f7476e3b000-7f7476f14000 rw-p 00ccc000 08:06 8131821                    /usr/lib/jvm/java-8-oracle/jre/lib/amd64/server/libjvm.so
7f7476f14000-7f7476f5f000 rw-p 00000000 00:00 0 
7f7476f5f000-7f7477119000 r-xp 00000000 08:06 11010150                   /lib/x86_64-linux-gnu/libc-2.19.so
7f7477119000-7f7477319000 ---p 001ba000 08:06 11010150                   /lib/x86_64-linux-gnu/libc-2.19.so
7f7477319000-7f747731d000 r--p 001ba000 08:06 11010150                   /lib/x86_64-linux-gnu/libc-2.19.so
7f747731d000-7f747731f000 rw-p 001be000 08:06 11010150                   /lib/x86_64-linux-gnu/libc-2.19.so
7f747731f000-7f7477324000 rw-p 00000000 00:00 0 
7f7477324000-7f7477327000 r-xp 00000000 08:06 11010137                   /lib/x86_64-linux-gnu/libdl-2.19.so
7f7477327000-7f7477526000 ---p 00003000 08:06 11010137                   /lib/x86_64-linux-gnu/libdl-2.19.so
7f7477526000-7f7477527000 r--p 00002000 08:06 11010137                   /lib/x86_64-linux-gnu/libdl-2.19.so
7f7477527000-7f7477528000 rw-p 00003000 08:06 11010137                   /lib/x86_64-linux-gnu/libdl-2.19.so
7f7477528000-7f747753d000 r-xp 00000000 08:06 8925255                    /usr/lib/jvm/java-8-oracle/lib/amd64/jli/libjli.so
7f747753d000-7f747773d000 ---p 00015000 08:06 8925255                    /usr/lib/jvm/java-8-oracle/lib/amd64/jli/libjli.so
7f747773d000-7f747773e000 rw-p 00015000 08:06 8925255                    /usr/lib/jvm/java-8-oracle/lib/amd64/jli/libjli.so
7f747773e000-7f7477757000 r-xp 00000000 08:06 11010142                   /lib/x86_64-linux-gnu/libpthread-2.19.so
7f7477757000-7f7477956000 ---p 00019000 08:06 11010142                   /lib/x86_64-linux-gnu/libpthread-2.19.so
7f7477956000-7f7477957000 r--p 00018000 08:06 11010142                   /lib/x86_64-linux-gnu/libpthread-2.19.so
7f7477957000-7f7477958000 rw-p 00019000 08:06 11010142                   /lib/x86_64-linux-gnu/libpthread-2.19.so
7f7477958000-7f747795c000 rw-p 00000000 00:00 0 
7f747795c000-7f747797f000 r-xp 00000000 08:06 11010143                   /lib/x86_64-linux-gnu/ld-2.19.so
7f7477a58000-7f7477a5b000 ---p 00000000 00:00 0 
7f7477a5b000-7f7477b5d000 rw-p 00000000 00:00 0                          [stack:15101]
7f7477b6f000-7f7477b72000 rw-p 00000000 00:00 0 
7f7477b72000-7f7477b7a000 rw-s 00000000 08:06 14176432                   /tmp/hsperfdata_buddhikajay/15090
7f7477b7a000-7f7477b7b000 rw-p 00000000 00:00 0 
7f7477b7b000-7f7477b7c000 r--p 00000000 00:00 0 
7f7477b7c000-7f7477b7e000 rw-p 00000000 00:00 0 
7f7477b7e000-7f7477b7f000 r--p 00022000 08:06 11010143                   /lib/x86_64-linux-gnu/ld-2.19.so
7f7477b7f000-7f7477b80000 rw-p 00023000 08:06 11010143                   /lib/x86_64-linux-gnu/ld-2.19.so
7f7477b80000-7f7477b81000 rw-p 00000000 00:00 0 
7ffd83634000-7ffd83655000 rw-p 00000000 00:00 0                          [stack]
7ffd83712000-7ffd83714000 r-xp 00000000 00:00 0                          [vdso]
ffffffffff600000-ffffffffff601000 r-xp 00000000 00:00 0                  [vsyscall]

VM Arguments:
jvm_args: -Djava.awt.headless=true -Xmx1024M -Dfile.encoding=UTF-8 -Duser.country=US -Duser.language=en -Duser.variant 
java_command: com.android.dx.command.Main --dex --force-jumbo --num-threads=4 --multi-dex --output /home/buddhikajay/Documents/Programming/Paymedia/bankDepositApp/app/build/intermediates/transforms/dex/debug/folders/1000/10/com.android.support-support-core-ui-24.2.0_2a159d7fc15f8b0a030f1b16f0cb397dde7aa396 /home/buddhikajay/Documents/Programming/Paymedia/bankDepositApp/app/build/intermediates/exploded-aar/com.android.support/support-core-ui/24.2.0/jars/classes.jar
java_class_path (initial): /home/buddhikajay/Programs/android-sdk-linux/build-tools/24.0.2/lib/dx.jar
Launcher Type: SUN_STANDARD

Environment Variables:
JAVA_HOME=/usr/lib/jvm/java-8-oracle
PATH=/home/buddhikajay/Programs/gradle-3.1/bin:/home/buddhikajay/Programs/apache-maven-3.3.9/bin:/home/buddhikajay/bin:/usr/local/sbin:/usr/local/bin:/usr/sbin:/usr/bin:/sbin:/bin:/usr/games:/usr/local/games:/usr/lib/jvm/java-8-oracle/bin:/usr/lib/jvm/java-8-oracle/db/bin:/usr/lib/jvm/java-8-oracle/jre/bin
LD_LIBRARY_PATH=/home/buddhikajay/Programs/android-studio/bin:
SHELL=/bin/bash
DISPLAY=:0

Signal Handlers:
SIGSEGV: [libjvm.so+0xac64b0], sa_mask[0]=11111111011111111101111111111110, sa_flags=SA_RESTART|SA_SIGINFO
SIGBUS: [libjvm.so+0xac64b0], sa_mask[0]=11111111011111111101111111111110, sa_flags=SA_RESTART|SA_SIGINFO
SIGFPE: [libjvm.so+0x91f950], sa_mask[0]=11111111011111111101111111111110, sa_flags=SA_RESTART|SA_SIGINFO
SIGPIPE: [libjvm.so+0x91f950], sa_mask[0]=11111111011111111101111111111110, sa_flags=SA_RESTART|SA_SIGINFO
SIGXFSZ: [libjvm.so+0x91f950], sa_mask[0]=11111111011111111101111111111110, sa_flags=SA_RESTART|SA_SIGINFO
SIGILL: [libjvm.so+0x91f950], sa_mask[0]=11111111011111111101111111111110, sa_flags=SA_RESTART|SA_SIGINFO
SIGUSR1: SIG_DFL, sa_mask[0]=00000000000000000000000000000000, sa_flags=none
SIGUSR2: [libjvm.so+0x920f80], sa_mask[0]=00100000000000000000000000000000, sa_flags=SA_RESTART|SA_SIGINFO
SIGHUP: SIG_DFL, sa_mask[0]=00000000000000000000000000000000, sa_flags=none
SIGINT: SIG_DFL, sa_mask[0]=00000000000000000000000000000000, sa_flags=none
SIGTERM: SIG_DFL, sa_mask[0]=00000000000000000000000000000000, sa_flags=none
SIGQUIT: SIG_DFL, sa_mask[0]=00000000000000000000000000000000, sa_flags=none


---------------  S Y S T E M  ---------------

OS:DISTRIB_ID=Ubuntu
DISTRIB_RELEASE=14.04
DISTRIB_CODENAME=trusty
DISTRIB_DESCRIPTION="Ubuntu 14.04.5 LTS"

uname:Linux 3.13.0-106-generic #153-Ubuntu SMP Tue Dec 6 15:44:32 UTC 2016 x86_64
libc:glibc 2.19 NPTL 2.19 
rlimit: STACK 8192k, CORE 0k, NPROC 30327, NOFILE 4096, AS infinity
load average:12.75 7.13 3.76

/proc/meminfo:
MemTotal:        3903588 kB
MemFree:           86560 kB
Buffers:            1648 kB
Cached:           347248 kB
SwapCached:         4456 kB
Active:          2582152 kB
Inactive:        1033452 kB
Active(anon):    2577444 kB
Inactive(anon):  1028932 kB
Active(file):       4708 kB
Inactive(file):     4520 kB
Unevictable:         240 kB
Mlocked:             240 kB
SwapTotal:       1951740 kB
SwapFree:              0 kB
Dirty:                 0 kB
Writeback:           220 kB
AnonPages:       3262464 kB
Mapped:            19420 kB
Shmem:            339800 kB
Slab:              86208 kB
SReclaimable:      40096 kB
SUnreclaim:        46112 kB
KernelStack:        6984 kB
PageTables:        54388 kB
NFS_Unstable:          0 kB
Bounce:                0 kB
WritebackTmp:          0 kB
CommitLimit:     3903532 kB
Committed_AS:   10399064 kB
VmallocTotal:   34359738367 kB
VmallocUsed:      348232 kB
VmallocChunk:   34359378940 kB
HardwareCorrupted:     0 kB
AnonHugePages:    819200 kB
HugePages_Total:       0
HugePages_Free:        0
HugePages_Rsvd:        0
HugePages_Surp:        0
Hugepagesize:       2048 kB
DirectMap4k:       85388 kB
DirectMap2M:     3964928 kB


CPU:total 4 (2 cores per cpu, 2 threads per core) family 6 model 58 stepping 9, cmov, cx8, fxsr, mmx, sse, sse2, sse3, ssse3, sse4.1, sse4.2, popcnt, avx, aes, clmul, erms, ht, tsc, tscinvbit, tscinv

/proc/cpuinfo:
processor	: 0
vendor_id	: GenuineIntel
cpu family	: 6
model		: 58
model name	: Intel(R) Core(TM) i5-3210M CPU @ 2.50GHz
stepping	: 9
microcode	: 0x15
cpu MHz		: 1600.000
cache size	: 3072 KB
physical id	: 0
siblings	: 4
core id		: 0
cpu cores	: 2
apicid		: 0
initial apicid	: 0
fpu		: yes
fpu_exception	: yes
cpuid level	: 13
wp		: yes
flags		: fpu vme de pse tsc msr pae mce cx8 apic sep mtrr pge mca cmov pat pse36 clflush dts acpi mmx fxsr sse sse2 ss ht tm pbe syscall nx rdtscp lm constant_tsc arch_perfmon pebs bts rep_good nopl xtopology nonstop_tsc aperfmperf eagerfpu pni pclmulqdq dtes64 monitor ds_cpl vmx est tm2 ssse3 cx16 xtpr pdcm pcid sse4_1 sse4_2 x2apic popcnt tsc_deadline_timer aes xsave avx f16c rdrand lahf_lm ida arat epb xsaveopt pln pts dtherm tpr_shadow vnmi flexpriority ept vpid fsgsbase smep erms
bogomips	: 4988.90
clflush size	: 64
cache_alignment	: 64
address sizes	: 36 bits physical, 48 bits virtual
power management:

processor	: 1
vendor_id	: GenuineIntel
cpu family	: 6
model		: 58
model name	: Intel(R) Core(TM) i5-3210M CPU @ 2.50GHz
stepping	: 9
microcode	: 0x15
cpu MHz		: 2501.000
cache size	: 3072 KB
physical id	: 0
siblings	: 4
core id		: 0
cpu cores	: 2
apicid		: 1
initial apicid	: 1
fpu		: yes
fpu_exception	: yes
cpuid level	: 13
wp		: yes
flags		: fpu vme de pse tsc msr pae mce cx8 apic sep mtrr pge mca cmov pat pse36 clflush dts acpi mmx fxsr sse sse2 ss ht tm pbe syscall nx rdtscp lm constant_tsc arch_perfmon pebs bts rep_good nopl xtopology nonstop_tsc aperfmperf eagerfpu pni pclmulqdq dtes64 monitor ds_cpl vmx est tm2 ssse3 cx16 xtpr pdcm pcid sse4_1 sse4_2 x2apic popcnt tsc_deadline_timer aes xsave avx f16c rdrand lahf_lm ida arat epb xsaveopt pln pts dtherm tpr_shadow vnmi flexpriority ept vpid fsgsbase smep erms
bogomips	: 4988.90
clflush size	: 64
cache_alignment	: 64
address sizes	: 36 bits physical, 48 bits virtual
power management:

processor	: 2
vendor_id	: GenuineIntel
cpu family	: 6
model		: 58
model name	: Intel(R) Core(TM) i5-3210M CPU @ 2.50GHz
stepping	: 9
microcode	: 0x15
cpu MHz		: 2501.000
cache size	: 3072 KB
physical id	: 0
siblings	: 4
core id		: 1
cpu cores	: 2
apicid		: 2
initial apicid	: 2
fpu		: yes
fpu_exception	: yes
cpuid level	: 13
wp		: yes
flags		: fpu vme de pse tsc msr pae mce cx8 apic sep mtrr pge mca cmov pat pse36 clflush dts acpi mmx fxsr sse sse2 ss ht tm pbe syscall nx rdtscp lm constant_tsc arch_perfmon pebs bts rep_good nopl xtopology nonstop_tsc aperfmperf eagerfpu pni pclmulqdq dtes64 monitor ds_cpl vmx est tm2 ssse3 cx16 xtpr pdcm pcid sse4_1 sse4_2 x2apic popcnt tsc_deadline_timer aes xsave avx f16c rdrand lahf_lm ida arat epb xsaveopt pln pts dtherm tpr_shadow vnmi flexpriority ept vpid fsgsbase smep erms
bogomips	: 4988.90
clflush size	: 64
cache_alignment	: 64
address sizes	: 36 bits physical, 48 bits virtual
power management:

processor	: 3
vendor_id	: GenuineIntel
cpu family	: 6
model		: 58
model name	: Intel(R) Core(TM) i5-3210M CPU @ 2.50GHz
stepping	: 9
microcode	: 0x15
cpu MHz		: 2501.000
cache size	: 3072 KB
physical id	: 0
siblings	: 4
core id		: 1
cpu cores	: 2
apicid		: 3
initial apicid	: 3
fpu		: yes
fpu_exception	: yes
cpuid level	: 13
wp		: yes
flags		: fpu vme de pse tsc msr pae mce cx8 apic sep mtrr pge mca cmov pat pse36 clflush dts acpi mmx fxsr sse sse2 ss ht tm pbe syscall nx rdtscp lm constant_tsc arch_perfmon pebs bts rep_good nopl xtopology nonstop_tsc aperfmperf eagerfpu pni pclmulqdq dtes64 monitor ds_cpl vmx est tm2 ssse3 cx16 xtpr pdcm pcid sse4_1 sse4_2 x2apic popcnt tsc_deadline_timer aes xsave avx f16c rdrand lahf_lm ida arat epb xsaveopt pln pts dtherm tpr_shadow vnmi flexpriority ept vpid fsgsbase smep erms
bogomips	: 4988.90
clflush size	: 64
cache_alignment	: 64
address sizes	: 36 bits physical, 48 bits virtual
power management:



Memory: 4k page, physical 3903588k(86568k free), swap 1951740k(0k free)

vm_info: Java HotSpot(TM) 64-Bit Server VM (25.111-b14) for linux-amd64 JRE (1.8.0_111-b14), built on Sep 22 2016 16:14:03 by "java_re" with gcc 4.3.0 20080428 (Red Hat 4.3.0-8)

time: Mon Jan  2 20:20:10 2017
elapsed time: 0 seconds (0d 0h 0m 0s)

