#
# There is insufficient memory for the Java Runtime Environment to continue.
# Native memory allocation (mmap) failed to map 20971520 bytes for committing reserved memory.
# Possible reasons:
#   The system is out of physical RAM or swap space
#   In 32 bit mode, the process size limit was hit
# Possible solutions:
#   Reduce memory load on the system
#   Increase physical memory or swap space
#   Check if swap backing store is full
#   Use 64 bit Java on a 64 bit OS
#   Decrease Java heap size (-Xmx/-Xms)
#   Decrease number of Java threads
#   Decrease Java thread stack sizes (-Xss)
#   Set larger code cache with -XX:ReservedCodeCacheSize=
# This output file may be truncated or incomplete.
#
#  Out of Memory Error (os_linux.cpp:2627), pid=15239, tid=0x00007fac1e980700
#
# JRE version:  (8.0_111-b14) (build )
# Java VM: Java HotSpot(TM) 64-Bit Server VM (25.111-b14 mixed mode linux-amd64 compressed oops)
# Failed to write core dump. Core dumps have been disabled. To enable core dumping, try "ulimit -c unlimited" before starting Java again
#

---------------  T H R E A D  ---------------

Current thread (0x00007fac1800a000):  JavaThread "Unknown thread" [_thread_in_vm, id=15259, stack(0x00007fac1e880000,0x00007fac1e981000)]

Stack: [0x00007fac1e880000,0x00007fac1e981000],  sp=0x00007fac1e97f3c0,  free space=1020k
Native frames: (J=compiled Java code, j=interpreted, Vv=VM code, C=native code)
V  [libjvm.so+0xac5c2a]  VMError::report_and_die()+0x2ba
V  [libjvm.so+0x4fc50b]  report_vm_out_of_memory(char const*, int, unsigned long, VMErrorType, char const*)+0x8b
V  [libjvm.so+0x922ae3]  os::Linux::commit_memory_impl(char*, unsigned long, bool)+0x103
V  [libjvm.so+0x923039]  os::pd_commit_memory(char*, unsigned long, unsigned long, bool)+0x29
V  [libjvm.so+0x91d33a]  os::commit_memory(char*, unsigned long, unsigned long, bool)+0x2a
V  [libjvm.so+0x991ac3]  PSVirtualSpace::expand_by(unsigned long)+0x53
V  [libjvm.so+0x992a85]  PSYoungGen::initialize_virtual_space(ReservedSpace, unsigned long)+0x75
V  [libjvm.so+0x9933ee]  PSYoungGen::initialize(ReservedSpace, unsigned long)+0x3e
V  [libjvm.so+0x2d8895]  AdjoiningGenerations::AdjoiningGenerations(ReservedSpace, GenerationSizer*, unsigned long)+0x345
V  [libjvm.so+0x945e96]  ParallelScavengeHeap::initialize()+0x1d6
V  [libjvm.so+0xa8dd53]  Universe::initialize_heap()+0xf3
V  [libjvm.so+0xa8e2be]  universe_init()+0x3e
V  [libjvm.so+0x63c925]  init_globals()+0x65
V  [libjvm.so+0xa719be]  Threads::create_vm(JavaVMInitArgs*, bool*)+0x23e
V  [libjvm.so+0x6d11c4]  JNI_CreateJavaVM+0x74
C  [libjli.so+0x745e]  JavaMain+0x9e
C  [libpthread.so.0+0x8184]  start_thread+0xc4


---------------  P R O C E S S  ---------------

Java Threads: ( => current thread )

Other Threads:

=>0x00007fac1800a000 (exited) JavaThread "Unknown thread" [_thread_in_vm, id=15259, stack(0x00007fac1e880000,0x00007fac1e981000)]

VM state:not at safepoint (not fully initialized)

VM Mutex/Monitor currently owned by a thread: None

GC Heap History (0 events):
No events

Deoptimization events (0 events):
No events

Internal exceptions (0 events):
No events

Events (0 events):
No events


Dynamic libraries:
00400000-00401000 r-xp 00000000 08:06 8536111                            /usr/lib/jvm/java-8-oracle/bin/java
00600000-00601000 rw-p 00000000 08:06 8536111                            /usr/lib/jvm/java-8-oracle/bin/java
0184b000-0186c000 rw-p 00000000 00:00 0                                  [heap]
c0000000-eab00000 ---p 00000000 00:00 0 
ebf00000-100000000 ---p 00000000 00:00 0 
7fac08186000-7fac0840d000 rw-p 00000000 00:00 0 
7fac0840d000-7fac0860d000 ---p 00000000 00:00 0 
7fac0860d000-7fac08618000 rw-p 00000000 00:00 0 
7fac08618000-7fac089ce000 ---p 00000000 00:00 0 
7fac089ce000-7fac08c3e000 rwxp 00000000 00:00 0 
7fac08c3e000-7fac179ce000 ---p 00000000 00:00 0 
7fac179ce000-7fac179e8000 r-xp 00000000 08:06 8131814                    /usr/lib/jvm/java-8-oracle/jre/lib/amd64/libzip.so
7fac179e8000-7fac17be8000 ---p 0001a000 08:06 8131814                    /usr/lib/jvm/java-8-oracle/jre/lib/amd64/libzip.so
7fac17be8000-7fac17be9000 rw-p 0001a000 08:06 8131814                    /usr/lib/jvm/java-8-oracle/jre/lib/amd64/libzip.so
7fac17be9000-7fac17bf3000 r-xp 00000000 08:06 11011029                   /lib/x86_64-linux-gnu/libnss_files-2.19.so
7fac17bf3000-7fac17df2000 ---p 0000a000 08:06 11011029                   /lib/x86_64-linux-gnu/libnss_files-2.19.so
7fac17df2000-7fac17df3000 r--p 00009000 08:06 11011029                   /lib/x86_64-linux-gnu/libnss_files-2.19.so
7fac17df3000-7fac17df4000 rw-p 0000a000 08:06 11011029                   /lib/x86_64-linux-gnu/libnss_files-2.19.so
7fac17df4000-7fac17dff000 r-xp 00000000 08:06 11010145                   /lib/x86_64-linux-gnu/libnss_nis-2.19.so
7fac17dff000-7fac17ffe000 ---p 0000b000 08:06 11010145                   /lib/x86_64-linux-gnu/libnss_nis-2.19.so
7fac17ffe000-7fac17fff000 r--p 0000a000 08:06 11010145                   /lib/x86_64-linux-gnu/libnss_nis-2.19.so
7fac17fff000-7fac18000000 rw-p 0000b000 08:06 11010145                   /lib/x86_64-linux-gnu/libnss_nis-2.19.so
7fac18000000-7fac18031000 rw-p 00000000 00:00 0 
7fac18031000-7fac1c000000 ---p 00000000 00:00 0 
7fac1c02b000-7fac1c042000 r-xp 00000000 08:06 11010141                   /lib/x86_64-linux-gnu/libnsl-2.19.so
7fac1c042000-7fac1c241000 ---p 00017000 08:06 11010141                   /lib/x86_64-linux-gnu/libnsl-2.19.so
7fac1c241000-7fac1c242000 r--p 00016000 08:06 11010141                   /lib/x86_64-linux-gnu/libnsl-2.19.so
7fac1c242000-7fac1c243000 rw-p 00017000 08:06 11010141                   /lib/x86_64-linux-gnu/libnsl-2.19.so
7fac1c243000-7fac1c245000 rw-p 00000000 00:00 0 
7fac1c245000-7fac1c24e000 r-xp 00000000 08:06 11010140                   /lib/x86_64-linux-gnu/libnss_compat-2.19.so
7fac1c24e000-7fac1c44d000 ---p 00009000 08:06 11010140                   /lib/x86_64-linux-gnu/libnss_compat-2.19.so
7fac1c44d000-7fac1c44e000 r--p 00008000 08:06 11010140                   /lib/x86_64-linux-gnu/libnss_compat-2.19.so
7fac1c44e000-7fac1c44f000 rw-p 00009000 08:06 11010140                   /lib/x86_64-linux-gnu/libnss_compat-2.19.so
7fac1c44f000-7fac1c47a000 r-xp 00000000 08:06 8133085                    /usr/lib/jvm/java-8-oracle/jre/lib/amd64/libjava.so
7fac1c47a000-7fac1c679000 ---p 0002b000 08:06 8133085                    /usr/lib/jvm/java-8-oracle/jre/lib/amd64/libjava.so
7fac1c679000-7fac1c67b000 rw-p 0002a000 08:06 8133085                    /usr/lib/jvm/java-8-oracle/jre/lib/amd64/libjava.so
7fac1c67b000-7fac1c688000 r-xp 00000000 08:06 8131842                    /usr/lib/jvm/java-8-oracle/jre/lib/amd64/libverify.so
7fac1c688000-7fac1c887000 ---p 0000d000 08:06 8131842                    /usr/lib/jvm/java-8-oracle/jre/lib/amd64/libverify.so
7fac1c887000-7fac1c889000 rw-p 0000c000 08:06 8131842                    /usr/lib/jvm/java-8-oracle/jre/lib/amd64/libverify.so
7fac1c889000-7fac1c890000 r-xp 00000000 08:06 11010149                   /lib/x86_64-linux-gnu/librt-2.19.so
7fac1c890000-7fac1ca8f000 ---p 00007000 08:06 11010149                   /lib/x86_64-linux-gnu/librt-2.19.so
7fac1ca8f000-7fac1ca90000 r--p 00006000 08:06 11010149                   /lib/x86_64-linux-gnu/librt-2.19.so
7fac1ca90000-7fac1ca91000 rw-p 00007000 08:06 11010149                   /lib/x86_64-linux-gnu/librt-2.19.so
7fac1ca91000-7fac1cb96000 r-xp 00000000 08:06 11010077                   /lib/x86_64-linux-gnu/libm-2.19.so
7fac1cb96000-7fac1cd95000 ---p 00105000 08:06 11010077                   /lib/x86_64-linux-gnu/libm-2.19.so
7fac1cd95000-7fac1cd96000 r--p 00104000 08:06 11010077                   /lib/x86_64-linux-gnu/libm-2.19.so
7fac1cd96000-7fac1cd97000 rw-p 00105000 08:06 11010077                   /lib/x86_64-linux-gnu/libm-2.19.so
7fac1cd97000-7fac1da64000 r-xp 00000000 08:06 8131821                    /usr/lib/jvm/java-8-oracle/jre/lib/amd64/server/libjvm.so
7fac1da64000-7fac1dc63000 ---p 00ccd000 08:06 8131821                    /usr/lib/jvm/java-8-oracle/jre/lib/amd64/server/libjvm.so
7fac1dc63000-7fac1dd3c000 rw-p 00ccc000 08:06 8131821                    /usr/lib/jvm/java-8-oracle/jre/lib/amd64/server/libjvm.so
7fac1dd3c000-7fac1dd87000 rw-p 00000000 00:00 0 
7fac1dd87000-7fac1df41000 r-xp 00000000 08:06 11010150                   /lib/x86_64-linux-gnu/libc-2.19.so
7fac1df41000-7fac1e141000 ---p 001ba000 08:06 11010150                   /lib/x86_64-linux-gnu/libc-2.19.so
7fac1e141000-7fac1e145000 r--p 001ba000 08:06 11010150                   /lib/x86_64-linux-gnu/libc-2.19.so
7fac1e145000-7fac1e147000 rw-p 001be000 08:06 11010150                   /lib/x86_64-linux-gnu/libc-2.19.so
7fac1e147000-7fac1e14c000 rw-p 00000000 00:00 0 
7fac1e14c000-7fac1e14f000 r-xp 00000000 08:06 11010137                   /lib/x86_64-linux-gnu/libdl-2.19.so
7fac1e14f000-7fac1e34e000 ---p 00003000 08:06 11010137                   /lib/x86_64-linux-gnu/libdl-2.19.so
7fac1e34e000-7fac1e34f000 r--p 00002000 08:06 11010137                   /lib/x86_64-linux-gnu/libdl-2.19.so
7fac1e34f000-7fac1e350000 rw-p 00003000 08:06 11010137                   /lib/x86_64-linux-gnu/libdl-2.19.so
7fac1e350000-7fac1e365000 r-xp 00000000 08:06 8925255                    /usr/lib/jvm/java-8-oracle/lib/amd64/jli/libjli.so
7fac1e365000-7fac1e565000 ---p 00015000 08:06 8925255                    /usr/lib/jvm/java-8-oracle/lib/amd64/jli/libjli.so
7fac1e565000-7fac1e566000 rw-p 00015000 08:06 8925255                    /usr/lib/jvm/java-8-oracle/lib/amd64/jli/libjli.so
7fac1e566000-7fac1e57f000 r-xp 00000000 08:06 11010142                   /lib/x86_64-linux-gnu/libpthread-2.19.so
7fac1e57f000-7fac1e77e000 ---p 00019000 08:06 11010142                   /lib/x86_64-linux-gnu/libpthread-2.19.so
7fac1e77e000-7fac1e77f000 r--p 00018000 08:06 11010142                   /lib/x86_64-linux-gnu/libpthread-2.19.so
7fac1e77f000-7fac1e780000 rw-p 00019000 08:06 11010142                   /lib/x86_64-linux-gnu/libpthread-2.19.so
7fac1e780000-7fac1e784000 rw-p 00000000 00:00 0 
7fac1e784000-7fac1e7a7000 r-xp 00000000 08:06 11010143                   /lib/x86_64-linux-gnu/ld-2.19.so
7fac1e880000-7fac1e883000 ---p 00000000 00:00 0 
7fac1e883000-7fac1e985000 rw-p 00000000 00:00 0                          [stack:15259]
7fac1e997000-7fac1e99a000 rw-p 00000000 00:00 0 
7fac1e99a000-7fac1e9a2000 rw-s 00000000 08:06 14176433                   /tmp/hsperfdata_buddhikajay/15239
7fac1e9a2000-7fac1e9a3000 rw-p 00000000 00:00 0 
7fac1e9a3000-7fac1e9a4000 r--p 00000000 00:00 0 
7fac1e9a4000-7fac1e9a6000 rw-p 00000000 00:00 0 
7fac1e9a6000-7fac1e9a7000 r--p 00022000 08:06 11010143                   /lib/x86_64-linux-gnu/ld-2.19.so
7fac1e9a7000-7fac1e9a8000 rw-p 00023000 08:06 11010143                   /lib/x86_64-linux-gnu/ld-2.19.so
7fac1e9a8000-7fac1e9a9000 rw-p 00000000 00:00 0 
7ffda7755000-7ffda7776000 rw-p 00000000 00:00 0                          [stack]
7ffda77fa000-7ffda77fc000 r-xp 00000000 00:00 0                          [vdso]
ffffffffff600000-ffffffffff601000 r-xp 00000000 00:00 0                  [vsyscall]

VM Arguments:
jvm_args: -Djava.awt.headless=true -Xmx1024M -Dfile.encoding=UTF-8 -Duser.country=US -Duser.language=en -Duser.variant 
java_command: com.android.dx.command.Main --dex --force-jumbo --num-threads=4 --multi-dex --output /home/buddhikajay/Documents/Programming/Paymedia/bankDepositApp/app/build/intermediates/transforms/dex/debug/folders/1000/10/instant-run-bootstrap_e0082c9b3062689893a1a3143185afd7350bf375 /home/buddhikajay/Documents/Programming/Paymedia/bankDepositApp/app/build/intermediates/incremental-classes/debug/instant-run-bootstrap.jar
java_class_path (initial): /home/buddhikajay/Programs/android-sdk-linux/build-tools/24.0.2/lib/dx.jar
Launcher Type: SUN_STANDARD

Environment Variables:
JAVA_HOME=/usr/lib/jvm/java-8-oracle
PATH=/home/buddhikajay/Programs/gradle-3.1/bin:/home/buddhikajay/Programs/apache-maven-3.3.9/bin:/home/buddhikajay/bin:/usr/local/sbin:/usr/local/bin:/usr/sbin:/usr/bin:/sbin:/bin:/usr/games:/usr/local/games:/usr/lib/jvm/java-8-oracle/bin:/usr/lib/jvm/java-8-oracle/db/bin:/usr/lib/jvm/java-8-oracle/jre/bin
LD_LIBRARY_PATH=/home/buddhikajay/Programs/android-studio/bin:
SHELL=/bin/bash
DISPLAY=:0

Signal Handlers:
SIGSEGV: [libjvm.so+0xac64b0], sa_mask[0]=11111111011111111101111111111110, sa_flags=SA_RESTART|SA_SIGINFO
SIGBUS: [libjvm.so+0xac64b0], sa_mask[0]=11111111011111111101111111111110, sa_flags=SA_RESTART|SA_SIGINFO
SIGFPE: [libjvm.so+0x91f950], sa_mask[0]=11111111011111111101111111111110, sa_flags=SA_RESTART|SA_SIGINFO
SIGPIPE: [libjvm.so+0x91f950], sa_mask[0]=11111111011111111101111111111110, sa_flags=SA_RESTART|SA_SIGINFO
SIGXFSZ: [libjvm.so+0x91f950], sa_mask[0]=11111111011111111101111111111110, sa_flags=SA_RESTART|SA_SIGINFO
SIGILL: [libjvm.so+0x91f950], sa_mask[0]=11111111011111111101111111111110, sa_flags=SA_RESTART|SA_SIGINFO
SIGUSR1: SIG_DFL, sa_mask[0]=00000000000000000000000000000000, sa_flags=none
SIGUSR2: [libjvm.so+0x920f80], sa_mask[0]=00100000000000000000000000000000, sa_flags=SA_RESTART|SA_SIGINFO
SIGHUP: SIG_DFL, sa_mask[0]=00000000000000000000000000000000, sa_flags=none
SIGINT: SIG_DFL, sa_mask[0]=00000000000000000000000000000000, sa_flags=none
SIGTERM: SIG_DFL, sa_mask[0]=00000000000000000000000000000000, sa_flags=none
SIGQUIT: SIG_DFL, sa_mask[0]=00000000000000000000000000000000, sa_flags=none


---------------  S Y S T E M  ---------------

OS:DISTRIB_ID=Ubuntu
DISTRIB_RELEASE=14.04
DISTRIB_CODENAME=trusty
DISTRIB_DESCRIPTION="Ubuntu 14.04.5 LTS"

uname:Linux 3.13.0-106-generic #153-Ubuntu SMP Tue Dec 6 15:44:32 UTC 2016 x86_64
libc:glibc 2.19 NPTL 2.19 
rlimit: STACK 8192k, CORE 0k, NPROC 30327, NOFILE 4096, AS infinity
load average:13.97 7.48 3.89

/proc/meminfo:
MemTotal:        3903588 kB
MemFree:           87844 kB
Buffers:             260 kB
Cached:           349572 kB
SwapCached:         1560 kB
Active:          2577820 kB
Inactive:        1034044 kB
Active(anon):    2572460 kB
Inactive(anon):  1029008 kB
Active(file):       5360 kB
Inactive(file):     5036 kB
Unevictable:         240 kB
Mlocked:             240 kB
SwapTotal:       1951740 kB
SwapFree:              0 kB
Dirty:                 0 kB
Writeback:           204 kB
AnonPages:       3261584 kB
Mapped:             7096 kB
Shmem:            339052 kB
Slab:              85828 kB
SReclaimable:      39676 kB
SUnreclaim:        46152 kB
KernelStack:        7120 kB
PageTables:        53996 kB
NFS_Unstable:          0 kB
Bounce:                0 kB
WritebackTmp:          0 kB
CommitLimit:     3903532 kB
Committed_AS:   10371280 kB
VmallocTotal:   34359738367 kB
VmallocUsed:      348232 kB
VmallocChunk:   34359378940 kB
HardwareCorrupted:     0 kB
AnonHugePages:    819200 kB
HugePages_Total:       0
HugePages_Free:        0
HugePages_Rsvd:        0
HugePages_Surp:        0
Hugepagesize:       2048 kB
DirectMap4k:       85388 kB
DirectMap2M:     3964928 kB


CPU:total 4 (2 cores per cpu, 2 threads per core) family 6 model 58 stepping 9, cmov, cx8, fxsr, mmx, sse, sse2, sse3, ssse3, sse4.1, sse4.2, popcnt, avx, aes, clmul, erms, ht, tsc, tscinvbit, tscinv

/proc/cpuinfo:
processor	: 0
vendor_id	: GenuineIntel
cpu family	: 6
model		: 58
model name	: Intel(R) Core(TM) i5-3210M CPU @ 2.50GHz
stepping	: 9
microcode	: 0x15
cpu MHz		: 2501.000
cache size	: 3072 KB
physical id	: 0
siblings	: 4
core id		: 0
cpu cores	: 2
apicid		: 0
initial apicid	: 0
fpu		: yes
fpu_exception	: yes
cpuid level	: 13
wp		: yes
flags		: fpu vme de pse tsc msr pae mce cx8 apic sep mtrr pge mca cmov pat pse36 clflush dts acpi mmx fxsr sse sse2 ss ht tm pbe syscall nx rdtscp lm constant_tsc arch_perfmon pebs bts rep_good nopl xtopology nonstop_tsc aperfmperf eagerfpu pni pclmulqdq dtes64 monitor ds_cpl vmx est tm2 ssse3 cx16 xtpr pdcm pcid sse4_1 sse4_2 x2apic popcnt tsc_deadline_timer aes xsave avx f16c rdrand lahf_lm ida arat epb xsaveopt pln pts dtherm tpr_shadow vnmi flexpriority ept vpid fsgsbase smep erms
bogomips	: 4988.90
clflush size	: 64
cache_alignment	: 64
address sizes	: 36 bits physical, 48 bits virtual
power management:

processor	: 1
vendor_id	: GenuineIntel
cpu family	: 6
model		: 58
model name	: Intel(R) Core(TM) i5-3210M CPU @ 2.50GHz
stepping	: 9
microcode	: 0x15
cpu MHz		: 2501.000
cache size	: 3072 KB
physical id	: 0
siblings	: 4
core id		: 0
cpu cores	: 2
apicid		: 1
initial apicid	: 1
fpu		: yes
fpu_exception	: yes
cpuid level	: 13
wp		: yes
flags		: fpu vme de pse tsc msr pae mce cx8 apic sep mtrr pge mca cmov pat pse36 clflush dts acpi mmx fxsr sse sse2 ss ht tm pbe syscall nx rdtscp lm constant_tsc arch_perfmon pebs bts rep_good nopl xtopology nonstop_tsc aperfmperf eagerfpu pni pclmulqdq dtes64 monitor ds_cpl vmx est tm2 ssse3 cx16 xtpr pdcm pcid sse4_1 sse4_2 x2apic popcnt tsc_deadline_timer aes xsave avx f16c rdrand lahf_lm ida arat epb xsaveopt pln pts dtherm tpr_shadow vnmi flexpriority ept vpid fsgsbase smep erms
bogomips	: 4988.90
clflush size	: 64
cache_alignment	: 64
address sizes	: 36 bits physical, 48 bits virtual
power management:

processor	: 2
vendor_id	: GenuineIntel
cpu family	: 6
model		: 58
model name	: Intel(R) Core(TM) i5-3210M CPU @ 2.50GHz
stepping	: 9
microcode	: 0x15
cpu MHz		: 2501.000
cache size	: 3072 KB
physical id	: 0
siblings	: 4
core id		: 1
cpu cores	: 2
apicid		: 2
initial apicid	: 2
fpu		: yes
fpu_exception	: yes
cpuid level	: 13
wp		: yes
flags		: fpu vme de pse tsc msr pae mce cx8 apic sep mtrr pge mca cmov pat pse36 clflush dts acpi mmx fxsr sse sse2 ss ht tm pbe syscall nx rdtscp lm constant_tsc arch_perfmon pebs bts rep_good nopl xtopology nonstop_tsc aperfmperf eagerfpu pni pclmulqdq dtes64 monitor ds_cpl vmx est tm2 ssse3 cx16 xtpr pdcm pcid sse4_1 sse4_2 x2apic popcnt tsc_deadline_timer aes xsave avx f16c rdrand lahf_lm ida arat epb xsaveopt pln pts dtherm tpr_shadow vnmi flexpriority ept vpid fsgsbase smep erms
bogomips	: 4988.90
clflush size	: 64
cache_alignment	: 64
address sizes	: 36 bits physical, 48 bits virtual
power management:

processor	: 3
vendor_id	: GenuineIntel
cpu family	: 6
model		: 58
model name	: Intel(R) Core(TM) i5-3210M CPU @ 2.50GHz
stepping	: 9
microcode	: 0x15
cpu MHz		: 2501.000
cache size	: 3072 KB
physical id	: 0
siblings	: 4
core id		: 1
cpu cores	: 2
apicid		: 3
initial apicid	: 3
fpu		: yes
fpu_exception	: yes
cpuid level	: 13
wp		: yes
flags		: fpu vme de pse tsc msr pae mce cx8 apic sep mtrr pge mca cmov pat pse36 clflush dts acpi mmx fxsr sse sse2 ss ht tm pbe syscall nx rdtscp lm constant_tsc arch_perfmon pebs bts rep_good nopl xtopology nonstop_tsc aperfmperf eagerfpu pni pclmulqdq dtes64 monitor ds_cpl vmx est tm2 ssse3 cx16 xtpr pdcm pcid sse4_1 sse4_2 x2apic popcnt tsc_deadline_timer aes xsave avx f16c rdrand lahf_lm ida arat epb xsaveopt pln pts dtherm tpr_shadow vnmi flexpriority ept vpid fsgsbase smep erms
bogomips	: 4988.90
clflush size	: 64
cache_alignment	: 64
address sizes	: 36 bits physical, 48 bits virtual
power management:



Memory: 4k page, physical 3903588k(88340k free), swap 1951740k(0k free)

vm_info: Java HotSpot(TM) 64-Bit Server VM (25.111-b14) for linux-amd64 JRE (1.8.0_111-b14), built on Sep 22 2016 16:14:03 by "java_re" with gcc 4.3.0 20080428 (Red Hat 4.3.0-8)

time: Mon Jan  2 20:20:15 2017
elapsed time: 0 seconds (0d 0h 0m 0s)

