#
# There is insufficient memory for the Java Runtime Environment to continue.
# Native memory allocation (mmap) failed to map 82837504 bytes for committing reserved memory.
# Possible reasons:
#   The system is out of physical RAM or swap space
#   In 32 bit mode, the process size limit was hit
# Possible solutions:
#   Reduce memory load on the system
#   Increase physical memory or swap space
#   Check if swap backing store is full
#   Use 64 bit Java on a 64 bit OS
#   Decrease Java heap size (-Xmx/-Xms)
#   Decrease number of Java threads
#   Decrease Java thread stack sizes (-Xss)
#   Set larger code cache with -XX:ReservedCodeCacheSize=
# This output file may be truncated or incomplete.
#
#  Out of Memory Error (os_linux.cpp:2627), pid=13569, tid=0x00007fde6dbfb700
#
# JRE version: Java(TM) SE Runtime Environment (8.0_111-b14) (build 1.8.0_111-b14)
# Java VM: Java HotSpot(TM) 64-Bit Server VM (25.111-b14 mixed mode linux-amd64 compressed oops)
# Failed to write core dump. Core dumps have been disabled. To enable core dumping, try "ulimit -c unlimited" before starting Java again
#

---------------  T H R E A D  ---------------

Current thread (0x00007fde84078000):  VMThread [stack: 0x00007fde6dafb000,0x00007fde6dbfc000] [id=13585]

Stack: [0x00007fde6dafb000,0x00007fde6dbfc000],  sp=0x00007fde6dbfa060,  free space=1020k
Native frames: (J=compiled Java code, j=interpreted, Vv=VM code, C=native code)
V  [libjvm.so+0xac5c2a]  VMError::report_and_die()+0x2ba
V  [libjvm.so+0x4fc50b]  report_vm_out_of_memory(char const*, int, unsigned long, VMErrorType, char const*)+0x8b
V  [libjvm.so+0x922ae3]  os::Linux::commit_memory_impl(char*, unsigned long, bool)+0x103
V  [libjvm.so+0x923039]  os::pd_commit_memory(char*, unsigned long, unsigned long, bool)+0x29
V  [libjvm.so+0x91d33a]  os::commit_memory(char*, unsigned long, unsigned long, bool)+0x2a
V  [libjvm.so+0x991ac3]  PSVirtualSpace::expand_by(unsigned long)+0x53
V  [libjvm.so+0x992ec8]  PSYoungGen::resize_generation(unsigned long, unsigned long)+0xf8
V  [libjvm.so+0x992022]  PSYoungGen::resize(unsigned long, unsigned long)+0x22
V  [libjvm.so+0x98f2fb]  PSScavenge::invoke_no_policy()+0xf3b
V  [libjvm.so+0x98fa81]  PSScavenge::invoke()+0x41
V  [libjvm.so+0x9467d0]  ParallelScavengeHeap::failed_mem_allocate(unsigned long)+0x70
V  [libjvm.so+0xac7647]  VM_ParallelGCFailedAllocation::doit()+0x97
V  [libjvm.so+0xacf125]  VM_Operation::evaluate()+0x55
V  [libjvm.so+0xacd4fa]  VMThread::evaluate_operation(VM_Operation*)+0xba
V  [libjvm.so+0xacd87e]  VMThread::loop()+0x1ce
V  [libjvm.so+0xacdcf0]  VMThread::run()+0x70
V  [libjvm.so+0x924ea8]  java_start(Thread*)+0x108

VM_Operation (0x00007fde6c809cf0): ParallelGCFailedAllocation, mode: safepoint, requested by thread 0x00007fde8415c800


---------------  P R O C E S S  ---------------

Java Threads: ( => current thread )
  0x00007fde8415c800 JavaThread "pool-2-thread-4" [_thread_blocked, id=13634, stack(0x00007fde6c70b000,0x00007fde6c80c000)]
  0x00007fde84158000 JavaThread "pool-2-thread-3" [_thread_blocked, id=13631, stack(0x00007fde6c80c000,0x00007fde6c90d000)]
  0x00007fde84152000 JavaThread "pool-2-thread-2" [_thread_blocked, id=13630, stack(0x00007fde6c90d000,0x00007fde6ca0e000)]
  0x00007fde84151000 JavaThread "pool-3-thread-1" [_thread_blocked, id=13629, stack(0x00007fde6ca0e000,0x00007fde6cb0f000)]
  0x00007fde8414f000 JavaThread "pool-2-thread-1" [_thread_blocked, id=13628, stack(0x00007fde6cb0f000,0x00007fde6cc10000)]
  0x00007fde840c0800 JavaThread "Service Thread" daemon [_thread_blocked, id=13597, stack(0x00007fde6cd11000,0x00007fde6ce12000)]
  0x00007fde840bd800 JavaThread "C1 CompilerThread2" daemon [_thread_blocked, id=13596, stack(0x00007fde6ce12000,0x00007fde6cf13000)]
  0x00007fde840bb800 JavaThread "C2 CompilerThread1" daemon [_thread_blocked, id=13594, stack(0x00007fde6cf13000,0x00007fde6d014000)]
  0x00007fde840b8800 JavaThread "C2 CompilerThread0" daemon [_thread_blocked, id=13592, stack(0x00007fde6d014000,0x00007fde6d115000)]
  0x00007fde840b7000 JavaThread "Signal Dispatcher" daemon [_thread_blocked, id=13591, stack(0x00007fde6d115000,0x00007fde6d216000)]
  0x00007fde84084800 JavaThread "Finalizer" daemon [_thread_blocked, id=13590, stack(0x00007fde6d8f9000,0x00007fde6d9fa000)]
  0x00007fde8407f800 JavaThread "Reference Handler" daemon [_thread_blocked, id=13589, stack(0x00007fde6d9fa000,0x00007fde6dafb000)]
  0x00007fde8400a000 JavaThread "main" [_thread_blocked, id=13572, stack(0x00007fde8c230000,0x00007fde8c331000)]

Other Threads:
=>0x00007fde84078000 VMThread [stack: 0x00007fde6dafb000,0x00007fde6dbfc000] [id=13585]
  0x00007fde840c3800 WatcherThread [stack: 0x00007fde6cc10000,0x00007fde6cd11000] [id=13598]

VM state:at safepoint (normal execution)

VM Mutex/Monitor currently owned by a thread:  ([mutex/lock_event])
[0x00007fde840065f0] Threads_lock - owner thread: 0x00007fde84078000
[0x00007fde84006af0] Heap_lock - owner thread: 0x00007fde8415c800

Heap:
 PSYoungGen      total 64000K, used 2552K [0x00000000eab00000, 0x00000000eec00000, 0x0000000100000000)
  eden space 61440K, 0% used [0x00000000eab00000,0x00000000eab00000,0x00000000ee700000)
  from space 2560K, 99% used [0x00000000ee700000,0x00000000ee97e0c0,0x00000000ee980000)
  to   space 2560K, 0% used [0x00000000ee980000,0x00000000ee980000,0x00000000eec00000)
 ParOldGen       total 40960K, used 22129K [0x00000000c0000000, 0x00000000c2800000, 0x00000000eab00000)
  object space 40960K, 54% used [0x00000000c0000000,0x00000000c159c740,0x00000000c2800000)
 Metaspace       used 6014K, capacity 6904K, committed 7040K, reserved 1056768K
  class space    used 610K, capacity 624K, committed 640K, reserved 1048576K

Card table byte_map: [0x00007fde88de8000,0x00007fde88fe9000] byte_map_base: 0x00007fde887e8000

Marking Bits: (ParMarkBitMap*) 0x00007fde8b70a220
 Begin Bits: [0x00007fde6e000000, 0x00007fde6f000000)
 End Bits:   [0x00007fde6f000000, 0x00007fde70000000)

Polling page: 0x00007fde8c353000

CodeCache: size=245760Kb used=4757Kb max_used=4757Kb free=241002Kb
 bounds [0x00007fde75000000, 0x00007fde754b0000, 0x00007fde84000000]
 total_blobs=1472 nmethods=1204 adapters=182
 compilation: enabled

Compilation events (10 events):
Event: 5.864 Thread 0x00007fde840bd800 nmethod 1541 0x00007fde75482750 code [0x00007fde75482940, 0x00007fde75482f68]
Event: 5.864 Thread 0x00007fde840bd800 1566 %     3       com.android.dx.cf.code.BaseMachine::storeResults @ 54 (90 bytes)
Event: 5.865 Thread 0x00007fde840bd800 nmethod 1566% 0x00007fde75481510 code [0x00007fde75481720, 0x00007fde75482228]
Event: 5.865 Thread 0x00007fde840bd800 1545       2       com.android.dx.ssa.back.SsaToRop::convertBasicBlocks (151 bytes)
Event: 5.867 Thread 0x00007fde840bd800 nmethod 1545 0x00007fde75480050 code [0x00007fde75480280, 0x00007fde75480b18]
Event: 5.867 Thread 0x00007fde840bd800 1532       2       com.android.dx.ssa.back.FirstFitLocalCombiningAllocator::handleNormalUnassociated (99 bytes)
Event: 5.898 Thread 0x00007fde840bd800 nmethod 1532 0x00007fde7547f150 code [0x00007fde7547f380, 0x00007fde7547f938]
Event: 5.898 Thread 0x00007fde840bd800 1568 %     3       com.android.dx.cf.code.RopperMachine::getSources @ 69 (264 bytes)
Event: 5.911 Thread 0x00007fde840bd800 nmethod 1568% 0x00007fde754a3150 code [0x00007fde754a3760, 0x00007fde754a82b8]
Event: 5.911 Thread 0x00007fde840bd800 1573 %     3       com.android.dx.cf.code.BasicBlocker::getBlockList @ 182 (208 bytes)

GC Heap History (9 events):
Event: 1.634 GC heap before
{Heap before GC invocations=1 (full 0):
 PSYoungGen      total 17920K, used 15360K [0x00000000eab00000, 0x00000000ebf00000, 0x0000000100000000)
  eden space 15360K, 100% used [0x00000000eab00000,0x00000000eba00000,0x00000000eba00000)
  from space 2560K, 0% used [0x00000000ebc80000,0x00000000ebc80000,0x00000000ebf00000)
  to   space 2560K, 0% used [0x00000000eba00000,0x00000000eba00000,0x00000000ebc80000)
 ParOldGen       total 40960K, used 0K [0x00000000c0000000, 0x00000000c2800000, 0x00000000eab00000)
  object space 40960K, 0% used [0x00000000c0000000,0x00000000c0000000,0x00000000c2800000)
 Metaspace       used 5608K, capacity 6580K, committed 6784K, reserved 1056768K
  class space    used 600K, capacity 620K, committed 640K, reserved 1048576K
Event: 1.652 GC heap after
Heap after GC invocations=1 (full 0):
 PSYoungGen      total 17920K, used 2535K [0x00000000eab00000, 0x00000000ece00000, 0x0000000100000000)
  eden space 15360K, 0% used [0x00000000eab00000,0x00000000eab00000,0x00000000eba00000)
  from space 2560K, 99% used [0x00000000eba00000,0x00000000ebc79c68,0x00000000ebc80000)
  to   space 2560K, 0% used [0x00000000ecb80000,0x00000000ecb80000,0x00000000ece00000)
 ParOldGen       total 40960K, used 1213K [0x00000000c0000000, 0x00000000c2800000, 0x00000000eab00000)
  object space 40960K, 2% used [0x00000000c0000000,0x00000000c012f698,0x00000000c2800000)
 Metaspace       used 5608K, capacity 6580K, committed 6784K, reserved 1056768K
  class space    used 600K, capacity 620K, committed 640K, reserved 1048576K
}
Event: 2.544 GC heap before
{Heap before GC invocations=2 (full 0):
 PSYoungGen      total 17920K, used 17895K [0x00000000eab00000, 0x00000000ece00000, 0x0000000100000000)
  eden space 15360K, 100% used [0x00000000eab00000,0x00000000eba00000,0x00000000eba00000)
  from space 2560K, 99% used [0x00000000eba00000,0x00000000ebc79c68,0x00000000ebc80000)
  to   space 2560K, 0% used [0x00000000ecb80000,0x00000000ecb80000,0x00000000ece00000)
 ParOldGen       total 40960K, used 1213K [0x00000000c0000000, 0x00000000c2800000, 0x00000000eab00000)
  object space 40960K, 2% used [0x00000000c0000000,0x00000000c012f698,0x00000000c2800000)
 Metaspace       used 5854K, capacity 6774K, committed 7040K, reserved 1056768K
  class space    used 607K, capacity 622K, committed 640K, reserved 1048576K
Event: 2.567 GC heap after
Heap after GC invocations=2 (full 0):
 PSYoungGen      total 33280K, used 2557K [0x00000000eab00000, 0x00000000ece00000, 0x0000000100000000)
  eden space 30720K, 0% used [0x00000000eab00000,0x00000000eab00000,0x00000000ec900000)
  from space 2560K, 99% used [0x00000000ecb80000,0x00000000ecdff4a0,0x00000000ece00000)
  to   space 2560K, 0% used [0x00000000ec900000,0x00000000ec900000,0x00000000ecb80000)
 ParOldGen       total 40960K, used 3257K [0x00000000c0000000, 0x00000000c2800000, 0x00000000eab00000)
  object space 40960K, 7% used [0x00000000c0000000,0x00000000c032e5f0,0x00000000c2800000)
 Metaspace       used 5854K, capacity 6774K, committed 7040K, reserved 1056768K
  class space    used 607K, capacity 622K, committed 640K, reserved 1048576K
}
Event: 3.832 GC heap before
{Heap before GC invocations=3 (full 0):
 PSYoungGen      total 33280K, used 33277K [0x00000000eab00000, 0x00000000ece00000, 0x0000000100000000)
  eden space 30720K, 100% used [0x00000000eab00000,0x00000000ec900000,0x00000000ec900000)
  from space 2560K, 99% used [0x00000000ecb80000,0x00000000ecdff4a0,0x00000000ece00000)
  to   space 2560K, 0% used [0x00000000ec900000,0x00000000ec900000,0x00000000ecb80000)
 ParOldGen       total 40960K, used 3257K [0x00000000c0000000, 0x00000000c2800000, 0x00000000eab00000)
  object space 40960K, 7% used [0x00000000c0000000,0x00000000c032e5f0,0x00000000c2800000)
 Metaspace       used 5931K, capacity 6840K, committed 7040K, reserved 1056768K
  class space    used 610K, capacity 624K, committed 640K, reserved 1048576K
Event: 3.876 GC heap after
Heap after GC invocations=3 (full 0):
 PSYoungGen      total 33280K, used 2529K [0x00000000eab00000, 0x00000000eec00000, 0x0000000100000000)
  eden space 30720K, 0% used [0x00000000eab00000,0x00000000eab00000,0x00000000ec900000)
  from space 2560K, 98% used [0x00000000ec900000,0x00000000ecb78528,0x00000000ecb80000)
  to   space 2560K, 0% used [0x00000000ee980000,0x00000000ee980000,0x00000000eec00000)
 ParOldGen       total 40960K, used 8465K [0x00000000c0000000, 0x00000000c2800000, 0x00000000eab00000)
  object space 40960K, 20% used [0x00000000c0000000,0x00000000c0844738,0x00000000c2800000)
 Metaspace       used 5931K, capacity 6840K, committed 7040K, reserved 1056768K
  class space    used 610K, capacity 624K, committed 640K, reserved 1048576K
}
Event: 4.531 GC heap before
{Heap before GC invocations=4 (full 0):
 PSYoungGen      total 33280K, used 33249K [0x00000000eab00000, 0x00000000eec00000, 0x0000000100000000)
  eden space 30720K, 100% used [0x00000000eab00000,0x00000000ec900000,0x00000000ec900000)
  from space 2560K, 98% used [0x00000000ec900000,0x00000000ecb78528,0x00000000ecb80000)
  to   space 2560K, 0% used [0x00000000ee980000,0x00000000ee980000,0x00000000eec00000)
 ParOldGen       total 40960K, used 8465K [0x00000000c0000000, 0x00000000c2800000, 0x00000000eab00000)
  object space 40960K, 20% used [0x00000000c0000000,0x00000000c0844738,0x00000000c2800000)
 Metaspace       used 5957K, capacity 6840K, committed 7040K, reserved 1056768K
  class space    used 610K, capacity 624K, committed 640K, reserved 1048576K
Event: 4.593 GC heap after
Heap after GC invocations=4 (full 0):
 PSYoungGen      total 64000K, used 2537K [0x00000000eab00000, 0x00000000eec00000, 0x0000000100000000)
  eden space 61440K, 0% used [0x00000000eab00000,0x00000000eab00000,0x00000000ee700000)
  from space 2560K, 99% used [0x00000000ee980000,0x00000000eebfa430,0x00000000eec00000)
  to   space 2560K, 0% used [0x00000000ee700000,0x00000000ee700000,0x00000000ee980000)
 ParOldGen       total 40960K, used 13071K [0x00000000c0000000, 0x00000000c2800000, 0x00000000eab00000)
  object space 40960K, 31% used [0x00000000c0000000,0x00000000c0cc3f80,0x00000000c2800000)
 Metaspace       used 5957K, capacity 6840K, committed 7040K, reserved 1056768K
  class space    used 610K, capacity 624K, committed 640K, reserved 1048576K
}
Event: 5.945 GC heap before
{Heap before GC invocations=5 (full 0):
 PSYoungGen      total 64000K, used 63977K [0x00000000eab00000, 0x00000000eec00000, 0x0000000100000000)
  eden space 61440K, 100% used [0x00000000eab00000,0x00000000ee700000,0x00000000ee700000)
  from space 2560K, 99% used [0x00000000ee980000,0x00000000eebfa430,0x00000000eec00000)
  to   space 2560K, 0% used [0x00000000ee700000,0x00000000ee700000,0x00000000ee980000)
 ParOldGen       total 40960K, used 13071K [0x00000000c0000000, 0x00000000c2800000, 0x00000000eab00000)
  object space 40960K, 31% used [0x00000000c0000000,0x00000000c0cc3f80,0x00000000c2800000)
 Metaspace       used 6014K, capacity 6904K, committed 7040K, reserved 1056768K
  class space    used 610K, capacity 624K, committed 640K, reserved 1048576K

Deoptimization events (10 events):
Event: 2.657 Thread 0x00007fde8414f000 Uncommon trap: reason=unstable_if action=reinterpret pc=0x00007fde7528e330 method=com.android.dx.rop.code.RegisterSpec.equals(ILcom/android/dx/rop/type/TypeBearer;Lcom/android/dx/rop/code/LocalItem;)Z @ 16
Event: 3.082 Thread 0x00007fde8415c800 Uncommon trap: reason=null_check action=make_not_entrant pc=0x00007fde752bccb0 method=com.android.dx.ssa.SsaRenamer.getLocalForNewReg(I)Lcom/android/dx/rop/code/LocalItem; @ 19
Event: 3.169 Thread 0x00007fde8400a000 Uncommon trap: reason=unstable_if action=reinterpret pc=0x00007fde75233b9c method=com.android.dx.rop.cst.Constant.compareTo(Lcom/android/dx/rop/cst/Constant;)I @ 12
Event: 3.421 Thread 0x00007fde8414f000 Uncommon trap: reason=bimorphic action=maybe_recompile pc=0x00007fde7530f3e4 method=java.util.HashMap.getNode(ILjava/lang/Object;)Ljava/util/HashMap$Node; @ 126
Event: 3.436 Thread 0x00007fde8415c800 Uncommon trap: reason=unstable_if action=reinterpret pc=0x00007fde752ae350 method=com.android.dx.rop.code.RegisterSpecSet.put(Lcom/android/dx/rop/code/RegisterSpec;)V @ 77
Event: 3.899 Thread 0x00007fde84158000 Uncommon trap: reason=bimorphic action=maybe_recompile pc=0x00007fde7530f3e4 method=java.util.HashMap.getNode(ILjava/lang/Object;)Ljava/util/HashMap$Node; @ 126
Event: 3.901 Thread 0x00007fde84158000 Uncommon trap: reason=bimorphic action=maybe_recompile pc=0x00007fde7530f3e4 method=java.util.HashMap.getNode(ILjava/lang/Object;)Ljava/util/HashMap$Node; @ 126
Event: 3.990 Thread 0x00007fde84158000 Uncommon trap: reason=bimorphic action=maybe_recompile pc=0x00007fde7530f3e4 method=java.util.HashMap.getNode(ILjava/lang/Object;)Ljava/util/HashMap$Node; @ 126
Event: 5.521 Thread 0x00007fde8414f000 Uncommon trap: reason=unstable_if action=reinterpret pc=0x00007fde7539f314 method=com.android.dx.rop.code.LocalItem.compareHandlesNulls(Lcom/android/dx/rop/cst/CstString;Lcom/android/dx/rop/cst/CstString;)I @ 14
Event: 5.916 Thread 0x00007fde8415c800 Uncommon trap: reason=unstable_if action=reinterpret pc=0x00007fde75417bf8 method=java.util.HashMap.putVal(ILjava/lang/Object;Ljava/lang/Object;ZZ)Ljava/lang/Object; @ 94

Internal exceptions (4 events):
Event: 0.168 Thread 0x00007fde8400a000 Exception <a 'java/lang/NoSuchMethodError': Method sun.misc.Unsafe.defineClass(Ljava/lang/String;[BII)Ljava/lang/Class; name or signature does not match> (0x00000000eab07c78) thrown at [/HUDSON3/workspace/8-2-build-linux-amd64/jdk8u111/7883/hotspot/src/sh
Event: 0.168 Thread 0x00007fde8400a000 Exception <a 'java/lang/NoSuchMethodError': Method sun.misc.Unsafe.prefetchRead(Ljava/lang/Object;J)V name or signature does not match> (0x00000000eab07f60) thrown at [/HUDSON3/workspace/8-2-build-linux-amd64/jdk8u111/7883/hotspot/src/share/vm/prims/jni.c
Event: 3.082 Thread 0x00007fde8415c800 Implicit null exception at 0x00007fde752b9c34 to 0x00007fde752bcc6d
Event: 5.521 Thread 0x00007fde8414f000 Implicit null exception at 0x00007fde7539f176 to 0x00007fde7539f301

Events (10 events):
Event: 5.833 Thread 0x00007fde84158000 DEOPT PACKING pc=0x00007fde752683cb sp=0x00007fde6c90b130
Event: 5.833 Thread 0x00007fde84158000 DEOPT UNPACKING pc=0x00007fde75047633 sp=0x00007fde6c90aea8 mode 0
Event: 5.834 Thread 0x00007fde84158000 DEOPT PACKING pc=0x00007fde752b48ad sp=0x00007fde6c90ae50
Event: 5.834 Thread 0x00007fde84158000 DEOPT UNPACKING pc=0x00007fde75047633 sp=0x00007fde6c90abd8 mode 0
Event: 5.893 Thread 0x00007fde8414f000 DEOPT PACKING pc=0x00007fde7533786c sp=0x00007fde6cc0def0
Event: 5.893 Thread 0x00007fde8414f000 DEOPT UNPACKING pc=0x00007fde75047633 sp=0x00007fde6cc0dbf0 mode 0
Event: 5.916 Thread 0x00007fde8415c800 Uncommon trap: trap_request=0xffffff65 fr.pc=0x00007fde75417bf8
Event: 5.916 Thread 0x00007fde8415c800 DEOPT PACKING pc=0x00007fde75417bf8 sp=0x00007fde6c809fe0
Event: 5.916 Thread 0x00007fde8415c800 DEOPT UNPACKING pc=0x00007fde75005229 sp=0x00007fde6c809fa0 mode 2
Event: 5.917 Executing VM operation: ParallelGCFailedAllocation


Dynamic libraries:
00400000-00401000 r-xp 00000000 08:06 8536111                            /usr/lib/jvm/java-8-oracle/bin/java
00600000-00601000 rw-p 00000000 08:06 8536111                            /usr/lib/jvm/java-8-oracle/bin/java
01303000-01324000 rw-p 00000000 00:00 0                                  [heap]
c0000000-c2800000 rw-p 00000000 00:00 0 
c2800000-eab00000 ---p 00000000 00:00 0 
eab00000-eec00000 rw-p 00000000 00:00 0 
f3b00000-100000000 ---p 00000000 00:00 0 
100000000-1000a0000 rw-p 00000000 00:00 0 
1000a0000-140000000 ---p 00000000 00:00 0 
7fde20000000-7fde20021000 rw-p 00000000 00:00 0 
7fde20021000-7fde24000000 ---p 00000000 00:00 0 
7fde28000000-7fde28027000 rw-p 00000000 00:00 0 
7fde28027000-7fde2c000000 ---p 00000000 00:00 0 
7fde2c000000-7fde2c026000 rw-p 00000000 00:00 0 
7fde2c026000-7fde30000000 ---p 00000000 00:00 0 
7fde30000000-7fde30032000 rw-p 00000000 00:00 0 
7fde30032000-7fde34000000 ---p 00000000 00:00 0 
7fde34000000-7fde34021000 rw-p 00000000 00:00 0 
7fde34021000-7fde38000000 ---p 00000000 00:00 0 
7fde38000000-7fde38021000 rw-p 00000000 00:00 0 
7fde38021000-7fde3c000000 ---p 00000000 00:00 0 
7fde3c000000-7fde3c021000 rw-p 00000000 00:00 0 
7fde3c021000-7fde40000000 ---p 00000000 00:00 0 
7fde40000000-7fde406d8000 rw-p 00000000 00:00 0 
7fde406d8000-7fde44000000 ---p 00000000 00:00 0 
7fde44000000-7fde4473f000 rw-p 00000000 00:00 0 
7fde4473f000-7fde48000000 ---p 00000000 00:00 0 
7fde48000000-7fde48021000 rw-p 00000000 00:00 0 
7fde48021000-7fde4c000000 ---p 00000000 00:00 0 
7fde4c000000-7fde4c4af000 rw-p 00000000 00:00 0 
7fde4c4af000-7fde50000000 ---p 00000000 00:00 0 
7fde50000000-7fde50021000 rw-p 00000000 00:00 0 
7fde50021000-7fde54000000 ---p 00000000 00:00 0 
7fde54000000-7fde54021000 rw-p 00000000 00:00 0 
7fde54021000-7fde58000000 ---p 00000000 00:00 0 
7fde58000000-7fde58021000 rw-p 00000000 00:00 0 
7fde58021000-7fde5c000000 ---p 00000000 00:00 0 
7fde5c000000-7fde5c28d000 rw-p 00000000 00:00 0 
7fde5c28d000-7fde60000000 ---p 00000000 00:00 0 
7fde60000000-7fde60021000 rw-p 00000000 00:00 0 
7fde60021000-7fde64000000 ---p 00000000 00:00 0 
7fde68000000-7fde68021000 rw-p 00000000 00:00 0 
7fde68021000-7fde6c000000 ---p 00000000 00:00 0 
7fde6c70b000-7fde6c70e000 ---p 00000000 00:00 0 
7fde6c70e000-7fde6c80c000 rw-p 00000000 00:00 0                          [stack:13634]
7fde6c80c000-7fde6c80f000 ---p 00000000 00:00 0 
7fde6c80f000-7fde6c90d000 rw-p 00000000 00:00 0                          [stack:13631]
7fde6c90d000-7fde6c910000 ---p 00000000 00:00 0 
7fde6c910000-7fde6ca0e000 rw-p 00000000 00:00 0                          [stack:13630]
7fde6ca0e000-7fde6ca11000 ---p 00000000 00:00 0 
7fde6ca11000-7fde6cb0f000 rw-p 00000000 00:00 0                          [stack:13629]
7fde6cb0f000-7fde6cb12000 ---p 00000000 00:00 0 
7fde6cb12000-7fde6cc10000 rw-p 00000000 00:00 0                          [stack:13628]
7fde6cc10000-7fde6cc11000 ---p 00000000 00:00 0 
7fde6cc11000-7fde6cd11000 rw-p 00000000 00:00 0                          [stack:13598]
7fde6cd11000-7fde6cd14000 ---p 00000000 00:00 0 
7fde6cd14000-7fde6ce12000 rw-p 00000000 00:00 0                          [stack:13597]
7fde6ce12000-7fde6ce15000 ---p 00000000 00:00 0 
7fde6ce15000-7fde6cf13000 rw-p 00000000 00:00 0                          [stack:13596]
7fde6cf13000-7fde6cf16000 ---p 00000000 00:00 0 
7fde6cf16000-7fde6d014000 rw-p 00000000 00:00 0                          [stack:13594]
7fde6d014000-7fde6d017000 ---p 00000000 00:00 0 
7fde6d017000-7fde6d115000 rw-p 00000000 00:00 0                          [stack:13592]
7fde6d115000-7fde6d118000 ---p 00000000 00:00 0 
7fde6d118000-7fde6d216000 rw-p 00000000 00:00 0                          [stack:13591]
7fde6d216000-7fde6d8f9000 r--p 00000000 08:06 8133444                    /usr/lib/locale/locale-archive
7fde6d8f9000-7fde6d8fc000 ---p 00000000 00:00 0 
7fde6d8fc000-7fde6d9fa000 rw-p 00000000 00:00 0                          [stack:13590]
7fde6d9fa000-7fde6d9fd000 ---p 00000000 00:00 0 
7fde6d9fd000-7fde6dafb000 rw-p 00000000 00:00 0                          [stack:13589]
7fde6dafb000-7fde6dafc000 ---p 00000000 00:00 0 
7fde6dafc000-7fde70000000 rw-p 00000000 00:00 0                          [stack:13585]
7fde70000000-7fde70021000 rw-p 00000000 00:00 0 
7fde70021000-7fde74000000 ---p 00000000 00:00 0 
7fde74075000-7fde74e40000 rw-p 00000000 00:00 0 
7fde74e40000-7fde75000000 ---p 00000000 00:00 0 
7fde75000000-7fde754b0000 rwxp 00000000 00:00 0 
7fde754b0000-7fde84000000 ---p 00000000 00:00 0 
7fde84000000-7fde84396000 rw-p 00000000 00:00 0 
7fde84396000-7fde88000000 ---p 00000000 00:00 0 
7fde8800d000-7fde8801b000 r--s 000e0000 08:06 8275328                    /home/buddhikajay/Programs/android-sdk-linux/build-tools/24.0.2/lib/dx.jar
7fde8801b000-7fde88440000 rw-p 00000000 00:00 0 
7fde88440000-7fde88618000 r--s 03d2a000 08:06 8133175                    /usr/lib/jvm/java-8-oracle/jre/lib/rt.jar
7fde88618000-7fde8888e000 rw-p 00000000 00:00 0 
7fde8888e000-7fde8888f000 ---p 00000000 00:00 0 
7fde8888f000-7fde8898f000 rw-p 00000000 00:00 0                          [stack:13583]
7fde8898f000-7fde88990000 ---p 00000000 00:00 0 
7fde88990000-7fde88a90000 rw-p 00000000 00:00 0                          [stack:13581]
7fde88a90000-7fde88a91000 ---p 00000000 00:00 0 
7fde88a91000-7fde88b91000 rw-p 00000000 00:00 0                          [stack:13577]
7fde88b91000-7fde88b92000 ---p 00000000 00:00 0 
7fde88b92000-7fde88ca6000 rw-p 00000000 00:00 0                          [stack:13575]
7fde88ca6000-7fde88de8000 ---p 00000000 00:00 0 
7fde88de8000-7fde88dfc000 rw-p 00000000 00:00 0 
7fde88dfc000-7fde88f3d000 ---p 00000000 00:00 0 
7fde88f3d000-7fde88f5e000 rw-p 00000000 00:00 0 
7fde88f5e000-7fde88fe8000 ---p 00000000 00:00 0 
7fde88fe8000-7fde88ffc000 rw-p 00000000 00:00 0 
7fde88ffc000-7fde893a9000 ---p 00000000 00:00 0 
7fde893a9000-7fde893c3000 r-xp 00000000 08:06 8131814                    /usr/lib/jvm/java-8-oracle/jre/lib/amd64/libzip.so
7fde893c3000-7fde895c3000 ---p 0001a000 08:06 8131814                    /usr/lib/jvm/java-8-oracle/jre/lib/amd64/libzip.so
7fde895c3000-7fde895c4000 rw-p 0001a000 08:06 8131814                    /usr/lib/jvm/java-8-oracle/jre/lib/amd64/libzip.so
7fde895c4000-7fde895ce000 r-xp 00000000 08:06 11011029                   /lib/x86_64-linux-gnu/libnss_files-2.19.so
7fde895ce000-7fde897cd000 ---p 0000a000 08:06 11011029                   /lib/x86_64-linux-gnu/libnss_files-2.19.so
7fde897cd000-7fde897ce000 r--p 00009000 08:06 11011029                   /lib/x86_64-linux-gnu/libnss_files-2.19.so
7fde897ce000-7fde897cf000 rw-p 0000a000 08:06 11011029                   /lib/x86_64-linux-gnu/libnss_files-2.19.so
7fde897cf000-7fde897da000 r-xp 00000000 08:06 11010145                   /lib/x86_64-linux-gnu/libnss_nis-2.19.so
7fde897da000-7fde899d9000 ---p 0000b000 08:06 11010145                   /lib/x86_64-linux-gnu/libnss_nis-2.19.so
7fde899d9000-7fde899da000 r--p 0000a000 08:06 11010145                   /lib/x86_64-linux-gnu/libnss_nis-2.19.so
7fde899da000-7fde899db000 rw-p 0000b000 08:06 11010145                   /lib/x86_64-linux-gnu/libnss_nis-2.19.so
7fde899db000-7fde899f2000 r-xp 00000000 08:06 11010141                   /lib/x86_64-linux-gnu/libnsl-2.19.so
7fde899f2000-7fde89bf1000 ---p 00017000 08:06 11010141                   /lib/x86_64-linux-gnu/libnsl-2.19.so
7fde89bf1000-7fde89bf2000 r--p 00016000 08:06 11010141                   /lib/x86_64-linux-gnu/libnsl-2.19.so
7fde89bf2000-7fde89bf3000 rw-p 00017000 08:06 11010141                   /lib/x86_64-linux-gnu/libnsl-2.19.so
7fde89bf3000-7fde89bf5000 rw-p 00000000 00:00 0 
7fde89bf5000-7fde89bfe000 r-xp 00000000 08:06 11010140                   /lib/x86_64-linux-gnu/libnss_compat-2.19.so
7fde89bfe000-7fde89dfd000 ---p 00009000 08:06 11010140                   /lib/x86_64-linux-gnu/libnss_compat-2.19.so
7fde89dfd000-7fde89dfe000 r--p 00008000 08:06 11010140                   /lib/x86_64-linux-gnu/libnss_compat-2.19.so
7fde89dfe000-7fde89dff000 rw-p 00009000 08:06 11010140                   /lib/x86_64-linux-gnu/libnss_compat-2.19.so
7fde89dff000-7fde89e2a000 r-xp 00000000 08:06 8133085                    /usr/lib/jvm/java-8-oracle/jre/lib/amd64/libjava.so
7fde89e2a000-7fde8a029000 ---p 0002b000 08:06 8133085                    /usr/lib/jvm/java-8-oracle/jre/lib/amd64/libjava.so
7fde8a029000-7fde8a02b000 rw-p 0002a000 08:06 8133085                    /usr/lib/jvm/java-8-oracle/jre/lib/amd64/libjava.so
7fde8a02b000-7fde8a038000 r-xp 00000000 08:06 8131842                    /usr/lib/jvm/java-8-oracle/jre/lib/amd64/libverify.so
7fde8a038000-7fde8a237000 ---p 0000d000 08:06 8131842                    /usr/lib/jvm/java-8-oracle/jre/lib/amd64/libverify.so
7fde8a237000-7fde8a239000 rw-p 0000c000 08:06 8131842                    /usr/lib/jvm/java-8-oracle/jre/lib/amd64/libverify.so
7fde8a239000-7fde8a240000 r-xp 00000000 08:06 11010149                   /lib/x86_64-linux-gnu/librt-2.19.so
7fde8a240000-7fde8a43f000 ---p 00007000 08:06 11010149                   /lib/x86_64-linux-gnu/librt-2.19.so
7fde8a43f000-7fde8a440000 r--p 00006000 08:06 11010149                   /lib/x86_64-linux-gnu/librt-2.19.so
7fde8a440000-7fde8a441000 rw-p 00007000 08:06 11010149                   /lib/x86_64-linux-gnu/librt-2.19.so
7fde8a441000-7fde8a546000 r-xp 00000000 08:06 11010077                   /lib/x86_64-linux-gnu/libm-2.19.so
7fde8a546000-7fde8a745000 ---p 00105000 08:06 11010077                   /lib/x86_64-linux-gnu/libm-2.19.so
7fde8a745000-7fde8a746000 r--p 00104000 08:06 11010077                   /lib/x86_64-linux-gnu/libm-2.19.so
7fde8a746000-7fde8a747000 rw-p 00105000 08:06 11010077                   /lib/x86_64-linux-gnu/libm-2.19.so
7fde8a747000-7fde8b414000 r-xp 00000000 08:06 8131821                    /usr/lib/jvm/java-8-oracle/jre/lib/amd64/server/libjvm.so
7fde8b414000-7fde8b613000 ---p 00ccd000 08:06 8131821                    /usr/lib/jvm/java-8-oracle/jre/lib/amd64/server/libjvm.so
7fde8b613000-7fde8b6ec000 rw-p 00ccc000 08:06 8131821                    /usr/lib/jvm/java-8-oracle/jre/lib/amd64/server/libjvm.so
7fde8b6ec000-7fde8b737000 rw-p 00000000 00:00 0 
7fde8b737000-7fde8b8f1000 r-xp 00000000 08:06 11010150                   /lib/x86_64-linux-gnu/libc-2.19.so
7fde8b8f1000-7fde8baf1000 ---p 001ba000 08:06 11010150                   /lib/x86_64-linux-gnu/libc-2.19.so
7fde8baf1000-7fde8baf5000 r--p 001ba000 08:06 11010150                   /lib/x86_64-linux-gnu/libc-2.19.so
7fde8baf5000-7fde8baf7000 rw-p 001be000 08:06 11010150                   /lib/x86_64-linux-gnu/libc-2.19.so
7fde8baf7000-7fde8bafc000 rw-p 00000000 00:00 0 
7fde8bafc000-7fde8baff000 r-xp 00000000 08:06 11010137                   /lib/x86_64-linux-gnu/libdl-2.19.so
7fde8baff000-7fde8bcfe000 ---p 00003000 08:06 11010137                   /lib/x86_64-linux-gnu/libdl-2.19.so
7fde8bcfe000-7fde8bcff000 r--p 00002000 08:06 11010137                   /lib/x86_64-linux-gnu/libdl-2.19.so
7fde8bcff000-7fde8bd00000 rw-p 00003000 08:06 11010137                   /lib/x86_64-linux-gnu/libdl-2.19.so
7fde8bd00000-7fde8bd15000 r-xp 00000000 08:06 8925255                    /usr/lib/jvm/java-8-oracle/lib/amd64/jli/libjli.so
7fde8bd15000-7fde8bf15000 ---p 00015000 08:06 8925255                    /usr/lib/jvm/java-8-oracle/lib/amd64/jli/libjli.so
7fde8bf15000-7fde8bf16000 rw-p 00015000 08:06 8925255                    /usr/lib/jvm/java-8-oracle/lib/amd64/jli/libjli.so
7fde8bf16000-7fde8bf2f000 r-xp 00000000 08:06 11010142                   /lib/x86_64-linux-gnu/libpthread-2.19.so
7fde8bf2f000-7fde8c12e000 ---p 00019000 08:06 11010142                   /lib/x86_64-linux-gnu/libpthread-2.19.so
7fde8c12e000-7fde8c12f000 r--p 00018000 08:06 11010142                   /lib/x86_64-linux-gnu/libpthread-2.19.so
7fde8c12f000-7fde8c130000 rw-p 00019000 08:06 11010142                   /lib/x86_64-linux-gnu/libpthread-2.19.so
7fde8c130000-7fde8c134000 rw-p 00000000 00:00 0 
7fde8c134000-7fde8c157000 r-xp 00000000 08:06 11010143                   /lib/x86_64-linux-gnu/ld-2.19.so
7fde8c158000-7fde8c15e000 r--s 00047000 08:06 7362437                    /home/buddhikajay/Documents/Programming/Paymedia/bankDepositApp/app/build/intermediates/exploded-aar/com.android.support/design/24.2.0/jars/classes.jar
7fde8c15e000-7fde8c230000 rw-p 00000000 00:00 0 
7fde8c230000-7fde8c233000 ---p 00000000 00:00 0 
7fde8c233000-7fde8c34a000 rw-p 00000000 00:00 0                          [stack:13572]
7fde8c34a000-7fde8c352000 rw-s 00000000 08:06 14176428                   /tmp/hsperfdata_buddhikajay/13569
7fde8c352000-7fde8c353000 rw-p 00000000 00:00 0 
7fde8c353000-7fde8c354000 ---p 00000000 00:00 0 
7fde8c354000-7fde8c356000 rw-p 00000000 00:00 0 
7fde8c356000-7fde8c357000 r--p 00022000 08:06 11010143                   /lib/x86_64-linux-gnu/ld-2.19.so
7fde8c357000-7fde8c358000 rw-p 00023000 08:06 11010143                   /lib/x86_64-linux-gnu/ld-2.19.so
7fde8c358000-7fde8c359000 rw-p 00000000 00:00 0 
7fff86172000-7fff86193000 rw-p 00000000 00:00 0                          [stack]
7fff861fd000-7fff861ff000 r-xp 00000000 00:00 0                          [vdso]
ffffffffff600000-ffffffffff601000 r-xp 00000000 00:00 0                  [vsyscall]

VM Arguments:
jvm_args: -Djava.awt.headless=true -Xmx1024M -Dfile.encoding=UTF-8 -Duser.country=US -Duser.language=en -Duser.variant 
java_command: com.android.dx.command.Main --dex --force-jumbo --num-threads=4 --multi-dex --output /home/buddhikajay/Documents/Programming/Paymedia/bankDepositApp/app/build/intermediates/transforms/dex/debug/folders/1000/10/com.android.support-design-24.2.0_88144adec0f2e50c8789d9fb15609aa282051f1f /home/buddhikajay/Documents/Programming/Paymedia/bankDepositApp/app/build/intermediates/exploded-aar/com.android.support/design/24.2.0/jars/classes.jar
java_class_path (initial): /home/buddhikajay/Programs/android-sdk-linux/build-tools/24.0.2/lib/dx.jar
Launcher Type: SUN_STANDARD

Environment Variables:
JAVA_HOME=/usr/lib/jvm/java-8-oracle
PATH=/home/buddhikajay/Programs/gradle-3.1/bin:/home/buddhikajay/Programs/apache-maven-3.3.9/bin:/home/buddhikajay/bin:/usr/local/sbin:/usr/local/bin:/usr/sbin:/usr/bin:/sbin:/bin:/usr/games:/usr/local/games:/usr/lib/jvm/java-8-oracle/bin:/usr/lib/jvm/java-8-oracle/db/bin:/usr/lib/jvm/java-8-oracle/jre/bin
LD_LIBRARY_PATH=/home/buddhikajay/Programs/android-studio/bin:
SHELL=/bin/bash
DISPLAY=:0

Signal Handlers:
SIGSEGV: [libjvm.so+0xac64b0], sa_mask[0]=11111111011111111101111111111110, sa_flags=SA_RESTART|SA_SIGINFO
SIGBUS: [libjvm.so+0xac64b0], sa_mask[0]=11111111011111111101111111111110, sa_flags=SA_RESTART|SA_SIGINFO
SIGFPE: [libjvm.so+0x91f950], sa_mask[0]=11111111011111111101111111111110, sa_flags=SA_RESTART|SA_SIGINFO
SIGPIPE: [libjvm.so+0x91f950], sa_mask[0]=11111111011111111101111111111110, sa_flags=SA_RESTART|SA_SIGINFO
SIGXFSZ: [libjvm.so+0x91f950], sa_mask[0]=11111111011111111101111111111110, sa_flags=SA_RESTART|SA_SIGINFO
SIGILL: [libjvm.so+0x91f950], sa_mask[0]=11111111011111111101111111111110, sa_flags=SA_RESTART|SA_SIGINFO
SIGUSR1: SIG_DFL, sa_mask[0]=00000000000000000000000000000000, sa_flags=none
SIGUSR2: [libjvm.so+0x920f80], sa_mask[0]=00100000000000000000000000000000, sa_flags=SA_RESTART|SA_SIGINFO
SIGHUP: [libjvm.so+0x922380], sa_mask[0]=11111111011111111101111111111110, sa_flags=SA_RESTART|SA_SIGINFO
SIGINT: [libjvm.so+0x922380], sa_mask[0]=11111111011111111101111111111110, sa_flags=SA_RESTART|SA_SIGINFO
SIGTERM: [libjvm.so+0x922380], sa_mask[0]=11111111011111111101111111111110, sa_flags=SA_RESTART|SA_SIGINFO
SIGQUIT: [libjvm.so+0x922380], sa_mask[0]=11111111011111111101111111111110, sa_flags=SA_RESTART|SA_SIGINFO


---------------  S Y S T E M  ---------------

OS:DISTRIB_ID=Ubuntu
DISTRIB_RELEASE=14.04
DISTRIB_CODENAME=trusty
DISTRIB_DESCRIPTION="Ubuntu 14.04.5 LTS"

uname:Linux 3.13.0-106-generic #153-Ubuntu SMP Tue Dec 6 15:44:32 UTC 2016 x86_64
libc:glibc 2.19 NPTL 2.19 
rlimit: STACK 8192k, CORE 0k, NPROC 30327, NOFILE 4096, AS infinity
load average:12.12 4.03 2.43

/proc/meminfo:
MemTotal:        3903588 kB
MemFree:           87272 kB
Buffers:             384 kB
Cached:           367860 kB
SwapCached:         6596 kB
Active:          2571736 kB
Inactive:        1037684 kB
Active(anon):    2570568 kB
Inactive(anon):  1030844 kB
Active(file):       1168 kB
Inactive(file):     6840 kB
Unevictable:         240 kB
Mlocked:             240 kB
SwapTotal:       1951740 kB
SwapFree:             12 kB
Dirty:                44 kB
Writeback:             0 kB
AnonPages:       3237688 kB
Mapped:            45780 kB
Shmem:            359556 kB
Slab:              86792 kB
SReclaimable:      40176 kB
SUnreclaim:        46616 kB
KernelStack:        7600 kB
PageTables:        55180 kB
NFS_Unstable:          0 kB
Bounce:                0 kB
WritebackTmp:          0 kB
CommitLimit:     3903532 kB
Committed_AS:   10800916 kB
VmallocTotal:   34359738367 kB
VmallocUsed:      348232 kB
VmallocChunk:   34359378940 kB
HardwareCorrupted:     0 kB
AnonHugePages:    784384 kB
HugePages_Total:       0
HugePages_Free:        0
HugePages_Rsvd:        0
HugePages_Surp:        0
Hugepagesize:       2048 kB
DirectMap4k:       85388 kB
DirectMap2M:     3964928 kB


CPU:total 4 (2 cores per cpu, 2 threads per core) family 6 model 58 stepping 9, cmov, cx8, fxsr, mmx, sse, sse2, sse3, ssse3, sse4.1, sse4.2, popcnt, avx, aes, clmul, erms, ht, tsc, tscinvbit, tscinv

/proc/cpuinfo:
processor	: 0
vendor_id	: GenuineIntel
cpu family	: 6
model		: 58
model name	: Intel(R) Core(TM) i5-3210M CPU @ 2.50GHz
stepping	: 9
microcode	: 0x15
cpu MHz		: 2501.000
cache size	: 3072 KB
physical id	: 0
siblings	: 4
core id		: 0
cpu cores	: 2
apicid		: 0
initial apicid	: 0
fpu		: yes
fpu_exception	: yes
cpuid level	: 13
wp		: yes
flags		: fpu vme de pse tsc msr pae mce cx8 apic sep mtrr pge mca cmov pat pse36 clflush dts acpi mmx fxsr sse sse2 ss ht tm pbe syscall nx rdtscp lm constant_tsc arch_perfmon pebs bts rep_good nopl xtopology nonstop_tsc aperfmperf eagerfpu pni pclmulqdq dtes64 monitor ds_cpl vmx est tm2 ssse3 cx16 xtpr pdcm pcid sse4_1 sse4_2 x2apic popcnt tsc_deadline_timer aes xsave avx f16c rdrand lahf_lm ida arat epb xsaveopt pln pts dtherm tpr_shadow vnmi flexpriority ept vpid fsgsbase smep erms
bogomips	: 4988.90
clflush size	: 64
cache_alignment	: 64
address sizes	: 36 bits physical, 48 bits virtual
power management:

processor	: 1
vendor_id	: GenuineIntel
cpu family	: 6
model		: 58
model name	: Intel(R) Core(TM) i5-3210M CPU @ 2.50GHz
stepping	: 9
microcode	: 0x15
cpu MHz		: 2501.000
cache size	: 3072 KB
physical id	: 0
siblings	: 4
core id		: 0
cpu cores	: 2
apicid		: 1
initial apicid	: 1
fpu		: yes
fpu_exception	: yes
cpuid level	: 13
wp		: yes
flags		: fpu vme de pse tsc msr pae mce cx8 apic sep mtrr pge mca cmov pat pse36 clflush dts acpi mmx fxsr sse sse2 ss ht tm pbe syscall nx rdtscp lm constant_tsc arch_perfmon pebs bts rep_good nopl xtopology nonstop_tsc aperfmperf eagerfpu pni pclmulqdq dtes64 monitor ds_cpl vmx est tm2 ssse3 cx16 xtpr pdcm pcid sse4_1 sse4_2 x2apic popcnt tsc_deadline_timer aes xsave avx f16c rdrand lahf_lm ida arat epb xsaveopt pln pts dtherm tpr_shadow vnmi flexpriority ept vpid fsgsbase smep erms
bogomips	: 4988.90
clflush size	: 64
cache_alignment	: 64
address sizes	: 36 bits physical, 48 bits virtual
power management:

processor	: 2
vendor_id	: GenuineIntel
cpu family	: 6
model		: 58
model name	: Intel(R) Core(TM) i5-3210M CPU @ 2.50GHz
stepping	: 9
microcode	: 0x15
cpu MHz		: 2501.000
cache size	: 3072 KB
physical id	: 0
siblings	: 4
core id		: 1
cpu cores	: 2
apicid		: 2
initial apicid	: 2
fpu		: yes
fpu_exception	: yes
cpuid level	: 13
wp		: yes
flags		: fpu vme de pse tsc msr pae mce cx8 apic sep mtrr pge mca cmov pat pse36 clflush dts acpi mmx fxsr sse sse2 ss ht tm pbe syscall nx rdtscp lm constant_tsc arch_perfmon pebs bts rep_good nopl xtopology nonstop_tsc aperfmperf eagerfpu pni pclmulqdq dtes64 monitor ds_cpl vmx est tm2 ssse3 cx16 xtpr pdcm pcid sse4_1 sse4_2 x2apic popcnt tsc_deadline_timer aes xsave avx f16c rdrand lahf_lm ida arat epb xsaveopt pln pts dtherm tpr_shadow vnmi flexpriority ept vpid fsgsbase smep erms
bogomips	: 4988.90
clflush size	: 64
cache_alignment	: 64
address sizes	: 36 bits physical, 48 bits virtual
power management:

processor	: 3
vendor_id	: GenuineIntel
cpu family	: 6
model		: 58
model name	: Intel(R) Core(TM) i5-3210M CPU @ 2.50GHz
stepping	: 9
microcode	: 0x15
cpu MHz		: 2501.000
cache size	: 3072 KB
physical id	: 0
siblings	: 4
core id		: 1
cpu cores	: 2
apicid		: 3
initial apicid	: 3
fpu		: yes
fpu_exception	: yes
cpuid level	: 13
wp		: yes
flags		: fpu vme de pse tsc msr pae mce cx8 apic sep mtrr pge mca cmov pat pse36 clflush dts acpi mmx fxsr sse sse2 ss ht tm pbe syscall nx rdtscp lm constant_tsc arch_perfmon pebs bts rep_good nopl xtopology nonstop_tsc aperfmperf eagerfpu pni pclmulqdq dtes64 monitor ds_cpl vmx est tm2 ssse3 cx16 xtpr pdcm pcid sse4_1 sse4_2 x2apic popcnt tsc_deadline_timer aes xsave avx f16c rdrand lahf_lm ida arat epb xsaveopt pln pts dtherm tpr_shadow vnmi flexpriority ept vpid fsgsbase smep erms
bogomips	: 4988.90
clflush size	: 64
cache_alignment	: 64
address sizes	: 36 bits physical, 48 bits virtual
power management:



Memory: 4k page, physical 3903588k(87024k free), swap 1951740k(12k free)

vm_info: Java HotSpot(TM) 64-Bit Server VM (25.111-b14) for linux-amd64 JRE (1.8.0_111-b14), built on Sep 22 2016 16:14:03 by "java_re" with gcc 4.3.0 20080428 (Red Hat 4.3.0-8)

time: Mon Jan  2 20:18:23 2017
elapsed time: 7 seconds (0d 0h 0m 7s)

